<?xml version="1.0" ?>
<!DOCTYPE coverage SYSTEM "http://cobertura.sourceforge.net/xml/coverage-04.dtd">
<coverage lines-valid="1292" lines-covered="455" line-rate="0.3521" branches-valid="530" branches-covered="112" branch-rate="0.2113" timestamp="1644863220098" complexity="0" version="0.1">
  <sources>
    <source>/workspaces/temp4/RetrospectiveExtension.Frontend</source>
  </sources>
  <packages>
    <package name="components" line-rate="0.39590000000000003" branch-rate="0.2834">
      <classes>
        <class name="actionItem.tsx" filename="components/actionItem.tsx" line-rate="0.2285" branch-rate="0">
          <methods>
            <method name="(anonymous_27)" hits="2" signature="()V">
              <lines>
                <line number="41" hits="2"/>
              </lines>
            </method>
            <method name="ActionItem" hits="0" signature="()V">
              <lines>
                <line number="42" hits="0"/>
              </lines>
            </method>
            <method name="(anonymous_29)" hits="0" signature="()V">
              <lines>
                <line number="62" hits="0"/>
              </lines>
            </method>
            <method name="(anonymous_30)" hits="0" signature="()V">
              <lines>
                <line number="81" hits="0"/>
              </lines>
            </method>
            <method name="(anonymous_31)" hits="0" signature="()V">
              <lines>
                <line number="81" hits="0"/>
              </lines>
            </method>
            <method name="(anonymous_33)" hits="0" signature="()V">
              <lines>
                <line number="97" hits="0"/>
              </lines>
            </method>
            <method name="(anonymous_34)" hits="0" signature="()V">
              <lines>
                <line number="97" hits="0"/>
              </lines>
            </method>
            <method name="(anonymous_36)" hits="0" signature="()V">
              <lines>
                <line number="102" hits="0"/>
              </lines>
            </method>
            <method name="(anonymous_37)" hits="0" signature="()V">
              <lines>
                <line number="108" hits="0"/>
              </lines>
            </method>
            <method name="(anonymous_38)" hits="0" signature="()V">
              <lines>
                <line number="114" hits="0"/>
              </lines>
            </method>
            <method name="(anonymous_39)" hits="0" signature="()V">
              <lines>
                <line number="114" hits="0"/>
              </lines>
            </method>
            <method name="(anonymous_41)" hits="0" signature="()V">
              <lines>
                <line number="119" hits="0"/>
              </lines>
            </method>
            <method name="(anonymous_42)" hits="0" signature="()V">
              <lines>
                <line number="119" hits="0"/>
              </lines>
            </method>
            <method name="(anonymous_44)" hits="0" signature="()V">
              <lines>
                <line number="130" hits="0"/>
              </lines>
            </method>
            <method name="(anonymous_45)" hits="0" signature="()V">
              <lines>
                <line number="137" hits="0"/>
              </lines>
            </method>
            <method name="(anonymous_46)" hits="0" signature="()V">
              <lines>
                <line number="143" hits="0"/>
              </lines>
            </method>
            <method name="(anonymous_47)" hits="0" signature="()V">
              <lines>
                <line number="54" hits="0"/>
              </lines>
            </method>
            <method name="(anonymous_48)" hits="0" signature="()V">
              <lines>
                <line number="148" hits="0"/>
              </lines>
            </method>
            <method name="(anonymous_49)" hits="0" signature="()V">
              <lines>
                <line number="149" hits="0"/>
              </lines>
            </method>
            <method name="(anonymous_50)" hits="0" signature="()V">
              <lines>
                <line number="154" hits="0"/>
              </lines>
            </method>
            <method name="(anonymous_51)" hits="0" signature="()V">
              <lines>
                <line number="167" hits="0"/>
              </lines>
            </method>
            <method name="(anonymous_52)" hits="0" signature="()V">
              <lines>
                <line number="173" hits="0"/>
              </lines>
            </method>
            <method name="(anonymous_53)" hits="0" signature="()V">
              <lines>
                <line number="208" hits="0"/>
              </lines>
            </method>
          </methods>
          <lines>
            <line number="1" hits="2" branch="false"/>
            <line number="2" hits="2" branch="false"/>
            <line number="10" hits="2" branch="false"/>
            <line number="11" hits="2" branch="false"/>
            <line number="13" hits="2" branch="false"/>
            <line number="15" hits="2" branch="false"/>
            <line number="16" hits="2" branch="false"/>
            <line number="18" hits="2" branch="false"/>
            <line number="19" hits="2" branch="false"/>
            <line number="20" hits="2" branch="false"/>
            <line number="21" hits="2" branch="false"/>
            <line number="41" hits="2" branch="false"/>
            <line number="43" hits="0" branch="true" condition-coverage="0% (0/2)"/>
            <line number="45" hits="0" branch="false"/>
            <line number="51" hits="0" branch="false"/>
            <line number="54" hits="2" branch="false"/>
            <line number="55" hits="0" branch="true" condition-coverage="0% (0/3)"/>
            <line number="56" hits="0" branch="false"/>
            <line number="62" hits="0" branch="false"/>
            <line number="63" hits="0" branch="false"/>
            <line number="81" hits="0" branch="false"/>
            <line number="82" hits="0" branch="true" condition-coverage="0% (0/1)"/>
            <line number="84" hits="0" branch="false"/>
            <line number="88" hits="0" branch="false"/>
            <line number="89" hits="0" branch="false"/>
            <line number="90" hits="0" branch="false"/>
            <line number="92" hits="0" branch="true" condition-coverage="0% (0/1)"/>
            <line number="93" hits="0" branch="false"/>
            <line number="97" hits="0" branch="false"/>
            <line number="98" hits="0" branch="true" condition-coverage="0% (0/1)"/>
            <line number="99" hits="0" branch="false"/>
            <line number="102" hits="0" branch="false"/>
            <line number="103" hits="0" branch="false"/>
            <line number="108" hits="0" branch="false"/>
            <line number="109" hits="0" branch="false"/>
            <line number="114" hits="0" branch="false"/>
            <line number="115" hits="0" branch="false"/>
            <line number="116" hits="0" branch="false"/>
            <line number="119" hits="0" branch="false"/>
            <line number="120" hits="0" branch="true" condition-coverage="0% (0/3)"/>
            <line number="121" hits="0" branch="false"/>
            <line number="122" hits="0" branch="true" condition-coverage="0% (0/1)"/>
            <line number="123" hits="0" branch="false"/>
            <line number="130" hits="0" branch="false"/>
            <line number="131" hits="0" branch="true" condition-coverage="0% (0/1)"/>
            <line number="132" hits="0" branch="false"/>
            <line number="133" hits="0" branch="false"/>
            <line number="137" hits="0" branch="false"/>
            <line number="138" hits="0" branch="false"/>
            <line number="139" hits="0" branch="false"/>
            <line number="140" hits="0" branch="false"/>
            <line number="143" hits="0" branch="false"/>
            <line number="144" hits="0" branch="true" condition-coverage="0% (0/2)"/>
            <line number="145" hits="0" branch="false"/>
            <line number="148" hits="2" branch="false"/>
            <line number="149" hits="0" branch="false"/>
            <line number="150" hits="0" branch="false"/>
            <line number="153" hits="0" branch="true" condition-coverage="0% (0/2)"/>
            <line number="154" hits="0" branch="true" condition-coverage="0% (0/2)"/>
            <line number="155" hits="0" branch="true" condition-coverage="0% (0/5)"/>
            <line number="157" hits="0" branch="false"/>
            <line number="158" hits="0" branch="true" condition-coverage="0% (0/2)"/>
            <line number="160" hits="0" branch="false"/>
            <line number="167" hits="0" branch="false"/>
            <line number="174" hits="0" branch="true" condition-coverage="0% (0/1)"/>
            <line number="175" hits="0" branch="false"/>
            <line number="209" hits="0" branch="true" condition-coverage="0% (0/2)"/>
            <line number="210" hits="0" branch="false"/>
            <line number="219" hits="2" branch="false"/>
            <line number="221" hits="2" branch="false"/>
          </lines>
        </class>
        <class name="actionItemDisplay.tsx" filename="components/actionItemDisplay.tsx" line-rate="0.4878" branch-rate="0.23329999999999998">
          <methods>
            <method name="(anonymous_26)" hits="2" signature="()V">
              <lines>
                <line number="47" hits="2"/>
              </lines>
            </method>
            <method name="ActionItemDisplay" hits="1" signature="()V">
              <lines>
                <line number="48" hits="1"/>
              </lines>
            </method>
            <method name="(anonymous_28)" hits="0" signature="()V">
              <lines>
                <line number="69" hits="0"/>
              </lines>
            </method>
            <method name="(anonymous_29)" hits="0" signature="()V">
              <lines>
                <line number="69" hits="0"/>
              </lines>
            </method>
            <method name="(anonymous_31)" hits="2" signature="()V">
              <lines>
                <line number="92" hits="2"/>
              </lines>
            </method>
            <method name="(anonymous_32)" hits="0" signature="()V">
              <lines>
                <line number="93" hits="0"/>
              </lines>
            </method>
            <method name="(anonymous_33)" hits="0" signature="()V">
              <lines>
                <line number="98" hits="0"/>
              </lines>
            </method>
            <method name="(anonymous_34)" hits="0" signature="()V">
              <lines>
                <line number="113" hits="0"/>
              </lines>
            </method>
            <method name="(anonymous_35)" hits="0" signature="()V">
              <lines>
                <line number="117" hits="0"/>
              </lines>
            </method>
            <method name="(anonymous_36)" hits="0" signature="()V">
              <lines>
                <line number="121" hits="0"/>
              </lines>
            </method>
            <method name="(anonymous_37)" hits="0" signature="()V">
              <lines>
                <line number="127" hits="0"/>
              </lines>
            </method>
            <method name="(anonymous_38)" hits="0" signature="()V">
              <lines>
                <line number="128" hits="0"/>
              </lines>
            </method>
            <method name="(anonymous_39)" hits="0" signature="()V">
              <lines>
                <line number="133" hits="0"/>
              </lines>
            </method>
            <method name="(anonymous_40)" hits="0" signature="()V">
              <lines>
                <line number="139" hits="0"/>
              </lines>
            </method>
            <method name="(anonymous_41)" hits="0" signature="()V">
              <lines>
                <line number="145" hits="0"/>
              </lines>
            </method>
            <method name="(anonymous_42)" hits="0" signature="()V">
              <lines>
                <line number="145" hits="0"/>
              </lines>
            </method>
            <method name="(anonymous_44)" hits="0" signature="()V">
              <lines>
                <line number="172" hits="0"/>
              </lines>
            </method>
            <method name="(anonymous_47)" hits="0" signature="()V">
              <lines>
                <line number="182" hits="0"/>
              </lines>
            </method>
            <method name="(anonymous_48)" hits="0" signature="()V">
              <lines>
                <line number="195" hits="0"/>
              </lines>
            </method>
            <method name="(anonymous_49)" hits="1" signature="()V">
              <lines>
                <line number="61" hits="1"/>
              </lines>
            </method>
            <method name="(anonymous_50)" hits="2" signature="()V">
              <lines>
                <line number="201" hits="2"/>
              </lines>
            </method>
            <method name="(anonymous_51)" hits="0" signature="()V">
              <lines>
                <line number="209" hits="0"/>
              </lines>
            </method>
            <method name="(anonymous_52)" hits="0" signature="()V">
              <lines>
                <line number="212" hits="0"/>
              </lines>
            </method>
            <method name="(anonymous_53)" hits="0" signature="()V">
              <lines>
                <line number="242" hits="0"/>
              </lines>
            </method>
            <method name="(anonymous_54)" hits="0" signature="()V">
              <lines>
                <line number="258" hits="0"/>
              </lines>
            </method>
            <method name="(anonymous_55)" hits="0" signature="()V">
              <lines>
                <line number="262" hits="0"/>
              </lines>
            </method>
          </methods>
          <lines>
            <line number="1" hits="2" branch="false"/>
            <line number="2" hits="2" branch="false"/>
            <line number="3" hits="2" branch="false"/>
            <line number="4" hits="2" branch="false"/>
            <line number="7" hits="2" branch="false"/>
            <line number="9" hits="2" branch="false"/>
            <line number="10" hits="2" branch="false"/>
            <line number="13" hits="2" branch="false"/>
            <line number="14" hits="2" branch="false"/>
            <line number="15" hits="2" branch="false"/>
            <line number="16" hits="2" branch="false"/>
            <line number="17" hits="2" branch="false"/>
            <line number="18" hits="2" branch="false"/>
            <line number="19" hits="2" branch="false"/>
            <line number="20" hits="2" branch="false"/>
            <line number="47" hits="2" branch="false"/>
            <line number="49" hits="1" branch="true" condition-coverage="100% (2/2)"/>
            <line number="51" hits="1" branch="false"/>
            <line number="61" hits="2" branch="false"/>
            <line number="62" hits="1" branch="true" condition-coverage="100% (1/1)"/>
            <line number="63" hits="1" branch="false"/>
            <line number="69" hits="1" branch="false"/>
            <line number="70" hits="0" branch="true" condition-coverage="0% (0/1)"/>
            <line number="71" hits="0" branch="false"/>
            <line number="72" hits="0" branch="false"/>
            <line number="85" hits="0" branch="true" condition-coverage="0% (0/1)"/>
            <line number="86" hits="0" branch="false"/>
            <line number="88" hits="0" branch="false"/>
            <line number="92" hits="1" branch="false"/>
            <line number="93" hits="2" branch="false"/>
            <line number="94" hits="0" branch="false"/>
            <line number="98" hits="1" branch="false"/>
            <line number="99" hits="0" branch="false"/>
            <line number="113" hits="1" branch="false"/>
            <line number="114" hits="0" branch="false"/>
            <line number="117" hits="1" branch="false"/>
            <line number="118" hits="0" branch="false"/>
            <line number="121" hits="1" branch="false"/>
            <line number="122" hits="0" branch="false"/>
            <line number="127" hits="1" branch="false"/>
            <line number="128" hits="0" branch="false"/>
            <line number="129" hits="0" branch="false"/>
            <line number="133" hits="1" branch="false"/>
            <line number="134" hits="0" branch="true" condition-coverage="0% (0/1)"/>
            <line number="135" hits="0" branch="false"/>
            <line number="139" hits="1" branch="false"/>
            <line number="140" hits="0" branch="true" condition-coverage="0% (0/2)"/>
            <line number="141" hits="0" branch="false"/>
            <line number="142" hits="0" branch="false"/>
            <line number="145" hits="1" branch="false"/>
            <line number="146" hits="0" branch="true" condition-coverage="0% (0/3)"/>
            <line number="147" hits="0" branch="false"/>
            <line number="151" hits="0" branch="false"/>
            <line number="154" hits="0" branch="false"/>
            <line number="156" hits="0" branch="true" condition-coverage="0% (0/1)"/>
            <line number="157" hits="0" branch="false"/>
            <line number="161" hits="0" branch="false"/>
            <line number="164" hits="0" branch="false"/>
            <line number="165" hits="0" branch="false"/>
            <line number="172" hits="1" branch="false"/>
            <line number="173" hits="0" branch="false"/>
            <line number="175" hits="0" branch="true" condition-coverage="0% (0/1)"/>
            <line number="176" hits="0" branch="false"/>
            <line number="178" hits="0" branch="false"/>
            <line number="182" hits="1" branch="true" condition-coverage="0% (0/1)"/>
            <line number="183" hits="0" branch="true" condition-coverage="0% (0/1)"/>
            <line number="184" hits="0" branch="false"/>
            <line number="187" hits="0" branch="false"/>
            <line number="195" hits="1" branch="false"/>
            <line number="196" hits="0" branch="false"/>
            <line number="201" hits="2" branch="false"/>
            <line number="202" hits="2" branch="false"/>
            <line number="203" hits="2" branch="false"/>
            <line number="209" hits="0" branch="false"/>
            <line number="212" hits="0" branch="false"/>
            <line number="243" hits="0" branch="true" condition-coverage="0% (0/1)"/>
            <line number="244" hits="0" branch="false"/>
            <line number="245" hits="0" branch="false"/>
            <line number="259" hits="0" branch="false"/>
            <line number="262" hits="0" branch="false"/>
            <line number="320" hits="2" branch="false"/>
            <line number="322" hits="2" branch="false"/>
          </lines>
        </class>
        <class name="boardSummary.tsx" filename="components/boardSummary.tsx" line-rate="0.4696" branch-rate="0.41659999999999997">
          <methods>
            <method name="(anonymous_25)" hits="1" signature="()V">
              <lines>
                <line number="55" hits="1"/>
              </lines>
            </method>
            <method name="BoardSummary" hits="4" signature="()V">
              <lines>
                <line number="56" hits="4"/>
              </lines>
            </method>
            <method name="(anonymous_27)" hits="2" signature="()V">
              <lines>
                <line number="154" hits="2"/>
              </lines>
            </method>
            <method name="(anonymous_28)" hits="2" signature="()V">
              <lines>
                <line number="155" hits="2"/>
              </lines>
            </method>
            <method name="(anonymous_29)" hits="4" signature="()V">
              <lines>
                <line number="164" hits="4"/>
              </lines>
            </method>
            <method name="(anonymous_30)" hits="2" signature="()V">
              <lines>
                <line number="167" hits="2"/>
              </lines>
            </method>
            <method name="(anonymous_31)" hits="0" signature="()V">
              <lines>
                <line number="177" hits="0"/>
              </lines>
            </method>
            <method name="(anonymous_32)" hits="0" signature="()V">
              <lines>
                <line number="177" hits="0"/>
              </lines>
            </method>
            <method name="(anonymous_34)" hits="0" signature="()V">
              <lines>
                <line number="190" hits="0"/>
              </lines>
            </method>
            <method name="(anonymous_35)" hits="0" signature="()V">
              <lines>
                <line number="195" hits="0"/>
              </lines>
            </method>
            <method name="(anonymous_36)" hits="0" signature="()V">
              <lines>
                <line number="198" hits="0"/>
              </lines>
            </method>
            <method name="(anonymous_37)" hits="0" signature="()V">
              <lines>
                <line number="215" hits="0"/>
              </lines>
            </method>
            <method name="(anonymous_38)" hits="0" signature="()V">
              <lines>
                <line number="215" hits="0"/>
              </lines>
            </method>
            <method name="(anonymous_40)" hits="0" signature="()V">
              <lines>
                <line number="220" hits="0"/>
              </lines>
            </method>
            <method name="(anonymous_41)" hits="0" signature="()V">
              <lines>
                <line number="222" hits="0"/>
              </lines>
            </method>
            <method name="(anonymous_42)" hits="0" signature="()V">
              <lines>
                <line number="232" hits="0"/>
              </lines>
            </method>
            <method name="(anonymous_43)" hits="0" signature="()V">
              <lines>
                <line number="69" hits="0"/>
              </lines>
            </method>
            <method name="(anonymous_44)" hits="0" signature="()V">
              <lines>
                <line number="82" hits="0"/>
              </lines>
            </method>
            <method name="(anonymous_45)" hits="0" signature="()V">
              <lines>
                <line number="83" hits="0"/>
              </lines>
            </method>
            <method name="(anonymous_48)" hits="0" signature="()V">
              <lines>
                <line number="114" hits="0"/>
              </lines>
            </method>
            <method name="(anonymous_49)" hits="4" signature="()V">
              <lines>
                <line number="148" hits="4"/>
              </lines>
            </method>
            <method name="(anonymous_50)" hits="8" signature="()V">
              <lines>
                <line number="244" hits="8"/>
              </lines>
            </method>
          </methods>
          <lines>
            <line number="1" hits="1" branch="false"/>
            <line number="2" hits="1" branch="false"/>
            <line number="4" hits="1" branch="false"/>
            <line number="9" hits="1" branch="false"/>
            <line number="10" hits="1" branch="false"/>
            <line number="11" hits="1" branch="false"/>
            <line number="17" hits="1" branch="false"/>
            <line number="18" hits="1" branch="false"/>
            <line number="55" hits="1" branch="false"/>
            <line number="57" hits="4" branch="true" condition-coverage="100% (2/2)"/>
            <line number="59" hits="4" branch="false"/>
            <line number="70" hits="0" branch="false"/>
            <line number="83" hits="0" branch="true" condition-coverage="0% (0/1)"/>
            <line number="115" hits="0" branch="false"/>
            <line number="116" hits="0" branch="false"/>
            <line number="142" hits="4" branch="false"/>
            <line number="148" hits="1" branch="false"/>
            <line number="149" hits="4" branch="false"/>
            <line number="151" hits="4" branch="false"/>
            <line number="154" hits="4" branch="false"/>
            <line number="155" hits="2" branch="false"/>
            <line number="157" hits="2" branch="false"/>
            <line number="164" hits="4" branch="false"/>
            <line number="165" hits="4" branch="false"/>
            <line number="167" hits="4" branch="false"/>
            <line number="168" hits="2" branch="false"/>
            <line number="177" hits="0" branch="false"/>
            <line number="179" hits="0" branch="true" condition-coverage="0% (0/1)"/>
            <line number="180" hits="0" branch="false"/>
            <line number="184" hits="2" branch="false"/>
            <line number="187" hits="4" branch="false"/>
            <line number="190" hits="4" branch="false"/>
            <line number="191" hits="0" branch="false"/>
            <line number="192" hits="0" branch="false"/>
            <line number="194" hits="0" branch="false"/>
            <line number="195" hits="0" branch="false"/>
            <line number="196" hits="0" branch="false"/>
            <line number="198" hits="0" branch="false"/>
            <line number="199" hits="0" branch="true" condition-coverage="0% (0/2)"/>
            <line number="200" hits="0" branch="false"/>
            <line number="201" hits="0" branch="false"/>
            <line number="203" hits="0" branch="false"/>
            <line number="204" hits="0" branch="false"/>
            <line number="208" hits="0" branch="true" condition-coverage="0% (0/2)"/>
            <line number="209" hits="0" branch="false"/>
            <line number="215" hits="4" branch="false"/>
            <line number="216" hits="0" branch="true" condition-coverage="0% (0/1)"/>
            <line number="217" hits="0" branch="false"/>
            <line number="220" hits="4" branch="true" condition-coverage="0% (0/1)"/>
            <line number="221" hits="0" branch="true" condition-coverage="0% (0/2)"/>
            <line number="222" hits="0" branch="false"/>
            <line number="223" hits="0" branch="true" condition-coverage="0% (0/1)"/>
            <line number="224" hits="0" branch="false"/>
            <line number="226" hits="0" branch="true" condition-coverage="0% (0/1)"/>
            <line number="227" hits="0" branch="false"/>
            <line number="229" hits="0" branch="false"/>
            <line number="232" hits="0" branch="false"/>
            <line number="233" hits="0" branch="true" condition-coverage="0% (0/1)"/>
            <line number="234" hits="0" branch="false"/>
            <line number="236" hits="0" branch="true" condition-coverage="0% (0/1)"/>
            <line number="237" hits="0" branch="false"/>
            <line number="239" hits="0" branch="false"/>
            <line number="244" hits="1" branch="false"/>
            <line number="245" hits="8" branch="false"/>
            <line number="304" hits="1" branch="false"/>
            <line number="306" hits="1" branch="false"/>
          </lines>
        </class>
        <class name="editableDocumentCardTitle.tsx" filename="components/editableDocumentCardTitle.tsx" line-rate="0.7272" branch-rate="0">
          <methods>
            <method name="(anonymous_13)" hits="1" signature="()V">
              <lines>
                <line number="18" hits="1"/>
              </lines>
            </method>
            <method name="EditableDocumentCardTitle" hits="0" signature="()V">
              <lines>
                <line number="19" hits="0"/>
              </lines>
            </method>
            <method name="(anonymous_15)" hits="0" signature="()V">
              <lines>
                <line number="26" hits="0"/>
              </lines>
            </method>
          </methods>
          <lines>
            <line number="1" hits="1" branch="false"/>
            <line number="2" hits="1" branch="false"/>
            <line number="3" hits="1" branch="false"/>
            <line number="4" hits="1" branch="false"/>
            <line number="18" hits="1" branch="false"/>
            <line number="20" hits="0" branch="true" condition-coverage="0% (0/2)"/>
            <line number="22" hits="0" branch="false"/>
            <line number="26" hits="1" branch="false"/>
            <line number="27" hits="0" branch="false"/>
            <line number="40" hits="1" branch="false"/>
            <line number="42" hits="1" branch="false"/>
          </lines>
        </class>
        <class name="editableText.tsx" filename="components/editableText.tsx" line-rate="0.3492" branch-rate="0.303">
          <methods>
            <method name="(anonymous_12)" hits="2" signature="()V">
              <lines>
                <line number="21" hits="2"/>
              </lines>
            </method>
            <method name="EditableText" hits="2" signature="()V">
              <lines>
                <line number="22" hits="2"/>
              </lines>
            </method>
            <method name="(anonymous_14)" hits="0" signature="()V">
              <lines>
                <line number="44" hits="0"/>
              </lines>
            </method>
            <method name="(anonymous_15)" hits="0" signature="()V">
              <lines>
                <line number="63" hits="0"/>
              </lines>
            </method>
            <method name="(anonymous_16)" hits="0" signature="()V">
              <lines>
                <line number="71" hits="0"/>
              </lines>
            </method>
            <method name="(anonymous_17)" hits="0" signature="()V">
              <lines>
                <line number="89" hits="0"/>
              </lines>
            </method>
            <method name="(anonymous_18)" hits="0" signature="()V">
              <lines>
                <line number="95" hits="0"/>
              </lines>
            </method>
            <method name="(anonymous_19)" hits="0" signature="()V">
              <lines>
                <line number="109" hits="0"/>
              </lines>
            </method>
            <method name="(anonymous_20)" hits="0" signature="()V">
              <lines>
                <line number="117" hits="0"/>
              </lines>
            </method>
            <method name="(anonymous_21)" hits="0" signature="()V">
              <lines>
                <line number="32" hits="0"/>
              </lines>
            </method>
            <method name="(anonymous_22)" hits="2" signature="()V">
              <lines>
                <line number="81" hits="2"/>
              </lines>
            </method>
            <method name="(anonymous_23)" hits="0" signature="()V">
              <lines>
                <line number="85" hits="0"/>
              </lines>
            </method>
            <method name="(anonymous_24)" hits="2" signature="()V">
              <lines>
                <line number="155" hits="2"/>
              </lines>
            </method>
            <method name="(anonymous_25)" hits="0" signature="()V">
              <lines>
                <line number="160" hits="0"/>
              </lines>
            </method>
            <method name="(anonymous_26)" hits="0" signature="()V">
              <lines>
                <line number="175" hits="0"/>
              </lines>
            </method>
            <method name="(anonymous_27)" hits="0" signature="()V">
              <lines>
                <line number="189" hits="0"/>
              </lines>
            </method>
            <method name="(anonymous_28)" hits="0" signature="()V">
              <lines>
                <line number="190" hits="0"/>
              </lines>
            </method>
          </methods>
          <lines>
            <line number="1" hits="2" branch="false"/>
            <line number="2" hits="2" branch="false"/>
            <line number="3" hits="2" branch="false"/>
            <line number="4" hits="2" branch="false"/>
            <line number="21" hits="2" branch="false"/>
            <line number="23" hits="2" branch="true" condition-coverage="100% (2/2)"/>
            <line number="25" hits="2" branch="false"/>
            <line number="32" hits="2" branch="false"/>
            <line number="33" hits="0" branch="true" condition-coverage="0% (0/1)"/>
            <line number="34" hits="0" branch="true" condition-coverage="0% (0/1)"/>
            <line number="35" hits="0" branch="false"/>
            <line number="44" hits="2" branch="false"/>
            <line number="45" hits="0" branch="true" condition-coverage="0% (0/1)"/>
            <line number="46" hits="0" branch="false"/>
            <line number="50" hits="0" branch="false"/>
            <line number="53" hits="0" branch="false"/>
            <line number="58" hits="0" branch="true" condition-coverage="0% (0/1)"/>
            <line number="59" hits="0" branch="false"/>
            <line number="63" hits="2" branch="false"/>
            <line number="64" hits="0" branch="false"/>
            <line number="65" hits="0" branch="false"/>
            <line number="71" hits="2" branch="false"/>
            <line number="72" hits="0" branch="true" condition-coverage="0% (0/1)"/>
            <line number="73" hits="0" branch="false"/>
            <line number="74" hits="0" branch="false"/>
            <line number="81" hits="2" branch="false"/>
            <line number="82" hits="2" branch="false"/>
            <line number="85" hits="2" branch="false"/>
            <line number="86" hits="0" branch="false"/>
            <line number="89" hits="2" branch="false"/>
            <line number="90" hits="0" branch="true" condition-coverage="0% (0/3)"/>
            <line number="91" hits="0" branch="true" condition-coverage="0% (0/1)"/>
            <line number="92" hits="0" branch="false"/>
            <line number="96" hits="0" branch="false"/>
            <line number="98" hits="0" branch="false"/>
            <line number="101" hits="0" branch="false"/>
            <line number="102" hits="0" branch="false"/>
            <line number="109" hits="2" branch="false"/>
            <line number="110" hits="0" branch="false"/>
            <line number="113" hits="0" branch="true" condition-coverage="0% (0/1)"/>
            <line number="114" hits="0" branch="false"/>
            <line number="118" hits="0" branch="false"/>
            <line number="120" hits="0" branch="false"/>
            <line number="124" hits="0" branch="true" condition-coverage="0% (0/3)"/>
            <line number="125" hits="0" branch="true" condition-coverage="0% (0/1)"/>
            <line number="126" hits="0" branch="false"/>
            <line number="127" hits="0" branch="false"/>
            <line number="130" hits="0" branch="false"/>
            <line number="136" hits="0" branch="false"/>
            <line number="140" hits="0" branch="true" condition-coverage="0% (0/3)"/>
            <line number="141" hits="0" branch="true" condition-coverage="0% (0/1)"/>
            <line number="142" hits="0" branch="false"/>
            <line number="143" hits="0" branch="false"/>
            <line number="146" hits="0" branch="false"/>
            <line number="147" hits="0" branch="false"/>
            <line number="155" hits="2" branch="false"/>
            <line number="156" hits="2" branch="true" condition-coverage="100% (1/1)"/>
            <line number="157" hits="1" branch="false"/>
            <line number="161" hits="0" branch="false"/>
            <line number="176" hits="0" branch="false"/>
            <line number="184" hits="1" branch="false"/>
            <line number="198" hits="2" branch="false"/>
            <line number="200" hits="2" branch="false"/>
          </lines>
        </class>
        <class name="feedbackColumn.tsx" filename="components/feedbackColumn.tsx" line-rate="0.2656" branch-rate="0.1142">
          <methods>
            <method name="(anonymous_29)" hits="1" signature="()V">
              <lines>
                <line number="53" hits="1"/>
              </lines>
            </method>
            <method name="FeedbackColumn" hits="0" signature="()V">
              <lines>
                <line number="56" hits="0"/>
              </lines>
            </method>
            <method name="(anonymous_31)" hits="0" signature="()V">
              <lines>
                <line number="72" hits="0"/>
              </lines>
            </method>
            <method name="(anonymous_32)" hits="0" signature="()V">
              <lines>
                <line number="76" hits="0"/>
              </lines>
            </method>
            <method name="(anonymous_33)" hits="0" signature="()V">
              <lines>
                <line number="108" hits="0"/>
              </lines>
            </method>
            <method name="(anonymous_34)" hits="0" signature="()V">
              <lines>
                <line number="116" hits="0"/>
              </lines>
            </method>
            <method name="(anonymous_37)" hits="0" signature="()V">
              <lines>
                <line number="190" hits="0"/>
              </lines>
            </method>
            <method name="(anonymous_38)" hits="0" signature="()V">
              <lines>
                <line number="197" hits="0"/>
              </lines>
            </method>
            <method name="(anonymous_39)" hits="0" signature="()V">
              <lines>
                <line number="201" hits="0"/>
              </lines>
            </method>
            <method name="(anonymous_40)" hits="0" signature="()V">
              <lines>
                <line number="202" hits="0"/>
              </lines>
            </method>
            <method name="(anonymous_41)" hits="0" signature="()V">
              <lines>
                <line number="207" hits="0"/>
              </lines>
            </method>
            <method name="(anonymous_42)" hits="0" signature="()V">
              <lines>
                <line number="207" hits="0"/>
              </lines>
            </method>
            <method name="(anonymous_43)" hits="0" signature="()V">
              <lines>
                <line number="208" hits="0"/>
              </lines>
            </method>
            <method name="(anonymous_44)" hits="0" signature="()V">
              <lines>
                <line number="230" hits="0"/>
              </lines>
            </method>
            <method name="(anonymous_45)" hits="0" signature="()V">
              <lines>
                <line number="231" hits="0"/>
              </lines>
            </method>
            <method name="(anonymous_46)" hits="0" signature="()V">
              <lines>
                <line number="236" hits="0"/>
              </lines>
            </method>
            <method name="(anonymous_47)" hits="0" signature="()V">
              <lines>
                <line number="255" hits="0"/>
              </lines>
            </method>
            <method name="(anonymous_48)" hits="0" signature="()V">
              <lines>
                <line number="277" hits="0"/>
              </lines>
            </method>
            <method name="(anonymous_49)" hits="0" signature="()V">
              <lines>
                <line number="64" hits="0"/>
              </lines>
            </method>
            <method name="(anonymous_50)" hits="0" signature="()V">
              <lines>
                <line number="68" hits="0"/>
              </lines>
            </method>
            <method name="(anonymous_51)" hits="0" signature="()V">
              <lines>
                <line number="299" hits="0"/>
              </lines>
            </method>
            <method name="(anonymous_52)" hits="0" signature="()V">
              <lines>
                <line number="125" hits="0"/>
              </lines>
            </method>
            <method name="(anonymous_53)" hits="0" signature="()V">
              <lines>
                <line number="129" hits="0"/>
              </lines>
            </method>
            <method name="(anonymous_55)" hits="0" signature="()V">
              <lines>
                <line number="137" hits="0"/>
              </lines>
            </method>
            <method name="(anonymous_56)" hits="1" signature="()V">
              <lines>
                <line number="146" hits="1"/>
              </lines>
            </method>
          </methods>
          <lines>
            <line number="1" hits="1" branch="false"/>
            <line number="2" hits="1" branch="false"/>
            <line number="4" hits="1" branch="false"/>
            <line number="6" hits="1" branch="false"/>
            <line number="7" hits="1" branch="false"/>
            <line number="8" hits="1" branch="false"/>
            <line number="10" hits="1" branch="false"/>
            <line number="13" hits="1" branch="false"/>
            <line number="14" hits="1" branch="false"/>
            <line number="53" hits="1" branch="false"/>
            <line number="57" hits="0" branch="true" condition-coverage="0% (0/2)"/>
            <line number="58" hits="0" branch="false"/>
            <line number="64" hits="1" branch="false"/>
            <line number="65" hits="0" branch="true" condition-coverage="0% (0/3)"/>
            <line number="68" hits="1" branch="false"/>
            <line number="69" hits="0" branch="true" condition-coverage="0% (0/3)"/>
            <line number="72" hits="0" branch="false"/>
            <line number="73" hits="0" branch="true" condition-coverage="0% (0/1)"/>
            <line number="74" hits="0" branch="false"/>
            <line number="76" hits="0" branch="false"/>
            <line number="77" hits="0" branch="true" condition-coverage="0% (0/1)"/>
            <line number="79" hits="0" branch="false"/>
            <line number="82" hits="0" branch="false"/>
            <line number="83" hits="0" branch="false"/>
            <line number="98" hits="0" branch="false"/>
            <line number="108" hits="0" branch="false"/>
            <line number="110" hits="0" branch="false"/>
            <line number="111" hits="0" branch="false"/>
            <line number="112" hits="0" branch="false"/>
            <line number="116" hits="0" branch="false"/>
            <line number="120" hits="0" branch="false"/>
            <line number="122" hits="0" branch="false"/>
            <line number="125" hits="1" branch="false"/>
            <line number="129" hits="0" branch="false"/>
            <line number="130" hits="0" branch="true" condition-coverage="0% (0/1)"/>
            <line number="132" hits="0" branch="false"/>
            <line number="137" hits="0" branch="false"/>
            <line number="146" hits="1" branch="false"/>
            <line number="150" hits="1" branch="false"/>
            <line number="190" hits="0" branch="false"/>
            <line number="191" hits="0" branch="false"/>
            <line number="194" hits="0" branch="true" condition-coverage="0% (0/2)"/>
            <line number="196" hits="0" branch="true" condition-coverage="0% (0/1)"/>
            <line number="197" hits="0" branch="false"/>
            <line number="200" hits="0" branch="false"/>
            <line number="201" hits="0" branch="false"/>
            <line number="203" hits="0" branch="false"/>
            <line number="205" hits="0" branch="true" condition-coverage="0% (0/4)"/>
            <line number="206" hits="0" branch="false"/>
            <line number="207" hits="0" branch="false"/>
            <line number="208" hits="0" branch="false"/>
            <line number="210" hits="0" branch="false"/>
            <line number="220" hits="0" branch="false"/>
            <line number="230" hits="0" branch="false"/>
            <line number="231" hits="0" branch="false"/>
            <line number="236" hits="0" branch="false"/>
            <line number="237" hits="0" branch="false"/>
            <line number="256" hits="0" branch="true" condition-coverage="0% (0/1)"/>
            <line number="257" hits="0" branch="false"/>
            <line number="258" hits="0" branch="false"/>
            <line number="277" hits="0" branch="false"/>
            <line number="299" hits="1" branch="false"/>
            <line number="300" hits="0" branch="false"/>
            <line number="302" hits="1" branch="false"/>
          </lines>
        </class>
        <class name="feedbackItem.tsx" filename="components/feedbackItem.tsx" line-rate="0.4072" branch-rate="0.37579999999999997">
          <methods>
            <method name="(anonymous_29)" hits="1" signature="()V">
              <lines>
                <line number="113" hits="1"/>
              </lines>
            </method>
            <method name="FeedbackItem" hits="1" signature="()V">
              <lines>
                <line number="117" hits="1"/>
              </lines>
            </method>
            <method name="(anonymous_31)" hits="0" signature="()V">
              <lines>
                <line number="156" hits="0"/>
              </lines>
            </method>
            <method name="(anonymous_32)" hits="0" signature="()V">
              <lines>
                <line number="156" hits="0"/>
              </lines>
            </method>
            <method name="(anonymous_34)" hits="0" signature="()V">
              <lines>
                <line number="176" hits="0"/>
              </lines>
            </method>
            <method name="(anonymous_35)" hits="0" signature="()V">
              <lines>
                <line number="180" hits="0"/>
              </lines>
            </method>
            <method name="(anonymous_36)" hits="0" signature="()V">
              <lines>
                <line number="189" hits="0"/>
              </lines>
            </method>
            <method name="(anonymous_37)" hits="0" signature="()V">
              <lines>
                <line number="201" hits="0"/>
              </lines>
            </method>
            <method name="(anonymous_38)" hits="0" signature="()V">
              <lines>
                <line number="208" hits="0"/>
              </lines>
            </method>
            <method name="(anonymous_39)" hits="0" signature="()V">
              <lines>
                <line number="219" hits="0"/>
              </lines>
            </method>
            <method name="(anonymous_40)" hits="0" signature="()V">
              <lines>
                <line number="219" hits="0"/>
              </lines>
            </method>
            <method name="(anonymous_42)" hits="0" signature="()V">
              <lines>
                <line number="227" hits="0"/>
              </lines>
            </method>
            <method name="(anonymous_43)" hits="0" signature="()V">
              <lines>
                <line number="233" hits="0"/>
              </lines>
            </method>
            <method name="(anonymous_44)" hits="0" signature="()V">
              <lines>
                <line number="239" hits="0"/>
              </lines>
            </method>
            <method name="(anonymous_45)" hits="0" signature="()V">
              <lines>
                <line number="245" hits="0"/>
              </lines>
            </method>
            <method name="(anonymous_46)" hits="0" signature="()V">
              <lines>
                <line number="251" hits="0"/>
              </lines>
            </method>
            <method name="(anonymous_49)" hits="1" signature="()V">
              <lines>
                <line number="262" hits="1"/>
              </lines>
            </method>
            <method name="(anonymous_50)" hits="1" signature="()V">
              <lines>
                <line number="262" hits="1"/>
              </lines>
            </method>
            <method name="(anonymous_52)" hits="0" signature="()V">
              <lines>
                <line number="269" hits="0"/>
              </lines>
            </method>
            <method name="(anonymous_55)" hits="0" signature="()V">
              <lines>
                <line number="274" hits="0"/>
              </lines>
            </method>
            <method name="(anonymous_56)" hits="0" signature="()V">
              <lines>
                <line number="286" hits="0"/>
              </lines>
            </method>
            <method name="(anonymous_59)" hits="0" signature="()V">
              <lines>
                <line number="302" hits="0"/>
              </lines>
            </method>
            <method name="(anonymous_60)" hits="0" signature="()V">
              <lines>
                <line number="308" hits="0"/>
              </lines>
            </method>
            <method name="(anonymous_63)" hits="0" signature="()V">
              <lines>
                <line number="321" hits="0"/>
              </lines>
            </method>
            <method name="(anonymous_64)" hits="0" signature="()V">
              <lines>
                <line number="327" hits="0"/>
              </lines>
            </method>
            <method name="(anonymous_65)" hits="0" signature="()V">
              <lines>
                <line number="333" hits="0"/>
              </lines>
            </method>
            <method name="(anonymous_66)" hits="0" signature="()V">
              <lines>
                <line number="339" hits="0"/>
              </lines>
            </method>
            <method name="(anonymous_67)" hits="0" signature="()V">
              <lines>
                <line number="345" hits="0"/>
              </lines>
            </method>
            <method name="(anonymous_68)" hits="0" signature="()V">
              <lines>
                <line number="351" hits="0"/>
              </lines>
            </method>
            <method name="(anonymous_69)" hits="0" signature="()V">
              <lines>
                <line number="406" hits="0"/>
              </lines>
            </method>
            <method name="(anonymous_72)" hits="0" signature="()V">
              <lines>
                <line number="419" hits="0"/>
              </lines>
            </method>
            <method name="(anonymous_73)" hits="0" signature="()V">
              <lines>
                <line number="419" hits="0"/>
              </lines>
            </method>
            <method name="(anonymous_75)" hits="0" signature="()V">
              <lines>
                <line number="424" hits="0"/>
              </lines>
            </method>
            <method name="(anonymous_78)" hits="1" signature="()V">
              <lines>
                <line number="471" hits="1"/>
              </lines>
            </method>
            <method name="(anonymous_79)" hits="1" signature="()V">
              <lines>
                <line number="472" hits="1"/>
              </lines>
            </method>
            <method name="(anonymous_81)" hits="1" signature="()V">
              <lines>
                <line number="473" hits="1"/>
              </lines>
            </method>
            <method name="(anonymous_82)" hits="0" signature="()V">
              <lines>
                <line number="478" hits="0"/>
              </lines>
            </method>
            <method name="(anonymous_83)" hits="0" signature="()V">
              <lines>
                <line number="484" hits="0"/>
              </lines>
            </method>
            <method name="(anonymous_84)" hits="0" signature="()V">
              <lines>
                <line number="485" hits="0"/>
              </lines>
            </method>
            <method name="(anonymous_86)" hits="0" signature="()V">
              <lines>
                <line number="523" hits="0"/>
              </lines>
            </method>
            <method name="(anonymous_87)" hits="0" signature="()V">
              <lines>
                <line number="523" hits="0"/>
              </lines>
            </method>
            <method name="(anonymous_89)" hits="0" signature="()V">
              <lines>
                <line number="531" hits="0"/>
              </lines>
            </method>
            <method name="(anonymous_90)" hits="0" signature="()V">
              <lines>
                <line number="531" hits="0"/>
              </lines>
            </method>
            <method name="(anonymous_92)" hits="0" signature="()V">
              <lines>
                <line number="540" hits="0"/>
              </lines>
            </method>
            <method name="(anonymous_93)" hits="0" signature="()V">
              <lines>
                <line number="542" hits="0"/>
              </lines>
            </method>
            <method name="(anonymous_94)" hits="0" signature="()V">
              <lines>
                <line number="551" hits="0"/>
              </lines>
            </method>
            <method name="(anonymous_95)" hits="0" signature="()V">
              <lines>
                <line number="562" hits="0"/>
              </lines>
            </method>
            <method name="(anonymous_96)" hits="2" signature="()V">
              <lines>
                <line number="581" hits="2"/>
              </lines>
            </method>
            <method name="(anonymous_97)" hits="0" signature="()V">
              <lines>
                <line number="138" hits="0"/>
              </lines>
            </method>
            <method name="(anonymous_98)" hits="1" signature="()V">
              <lines>
                <line number="141" hits="1"/>
              </lines>
            </method>
            <method name="(anonymous_101)" hits="0" signature="()V">
              <lines>
                <line number="152" hits="0"/>
              </lines>
            </method>
            <method name="(anonymous_102)" hits="1" signature="()V">
              <lines>
                <line number="162" hits="1"/>
              </lines>
            </method>
            <method name="(anonymous_103)" hits="0" signature="()V">
              <lines>
                <line number="172" hits="0"/>
              </lines>
            </method>
            <method name="(anonymous_104)" hits="2" signature="()V">
              <lines>
                <line number="599" hits="2"/>
              </lines>
            </method>
            <method name="(anonymous_105)" hits="0" signature="()V">
              <lines>
                <line number="650" hits="0"/>
              </lines>
            </method>
            <method name="(anonymous_106)" hits="0" signature="()V">
              <lines>
                <line number="674" hits="0"/>
              </lines>
            </method>
            <method name="(anonymous_107)" hits="0" signature="()V">
              <lines>
                <line number="678" hits="0"/>
              </lines>
            </method>
            <method name="(anonymous_108)" hits="0" signature="()V">
              <lines>
                <line number="680" hits="0"/>
              </lines>
            </method>
            <method name="(anonymous_109)" hits="0" signature="()V">
              <lines>
                <line number="700" hits="0"/>
              </lines>
            </method>
            <method name="(anonymous_110)" hits="0" signature="()V">
              <lines>
                <line number="704" hits="0"/>
              </lines>
            </method>
            <method name="(anonymous_111)" hits="0" signature="()V">
              <lines>
                <line number="706" hits="0"/>
              </lines>
            </method>
            <method name="(anonymous_112)" hits="8" signature="()V">
              <lines>
                <line number="721" hits="8"/>
              </lines>
            </method>
            <method name="(anonymous_113)" hits="6" signature="()V">
              <lines>
                <line number="722" hits="6"/>
              </lines>
            </method>
            <method name="(anonymous_114)" hits="8" signature="()V">
              <lines>
                <line number="740" hits="8"/>
              </lines>
            </method>
            <method name="(anonymous_115)" hits="2" signature="()V">
              <lines>
                <line number="741" hits="2"/>
              </lines>
            </method>
            <method name="(anonymous_116)" hits="2" signature="()V">
              <lines>
                <line number="742" hits="2"/>
              </lines>
            </method>
            <method name="(anonymous_117)" hits="0" signature="()V">
              <lines>
                <line number="753" hits="0"/>
              </lines>
            </method>
            <method name="(anonymous_118)" hits="2" signature="()V">
              <lines>
                <line number="792" hits="2"/>
              </lines>
            </method>
            <method name="(anonymous_119)" hits="0" signature="()V">
              <lines>
                <line number="821" hits="0"/>
              </lines>
            </method>
            <method name="(anonymous_120)" hits="4" signature="()V">
              <lines>
                <line number="871" hits="4"/>
              </lines>
            </method>
            <method name="(anonymous_121)" hits="2" signature="()V">
              <lines>
                <line number="872" hits="2"/>
              </lines>
            </method>
            <method name="(anonymous_122)" hits="0" signature="()V">
              <lines>
                <line number="876" hits="0"/>
              </lines>
            </method>
            <method name="(anonymous_125)" hits="0" signature="()V">
              <lines>
                <line number="915" hits="0"/>
              </lines>
            </method>
            <method name="(anonymous_126)" hits="0" signature="()V">
              <lines>
                <line number="923" hits="0"/>
              </lines>
            </method>
            <method name="(anonymous_127)" hits="0" signature="()V">
              <lines>
                <line number="924" hits="0"/>
              </lines>
            </method>
            <method name="(anonymous_128)" hits="1" signature="()V">
              <lines>
                <line number="958" hits="1"/>
              </lines>
            </method>
            <method name="(anonymous_130)" hits="0" signature="()V">
              <lines>
                <line number="960" hits="0"/>
              </lines>
            </method>
            <method name="(anonymous_131)" hits="0" signature="()V">
              <lines>
                <line number="960" hits="0"/>
              </lines>
            </method>
            <method name="(anonymous_133)" hits="0" signature="()V">
              <lines>
                <line number="969" hits="0"/>
              </lines>
            </method>
          </methods>
          <lines>
            <line number="1" hits="1" branch="false"/>
            <line number="2" hits="1" branch="false"/>
            <line number="3" hits="1" branch="false"/>
            <line number="5" hits="1" branch="false"/>
            <line number="6" hits="1" branch="false"/>
            <line number="7" hits="1" branch="false"/>
            <line number="9" hits="1" branch="false"/>
            <line number="10" hits="1" branch="false"/>
            <line number="11" hits="1" branch="false"/>
            <line number="13" hits="1" branch="false"/>
            <line number="15" hits="1" branch="false"/>
            <line number="16" hits="1" branch="false"/>
            <line number="20" hits="1" branch="false"/>
            <line number="21" hits="1" branch="false"/>
            <line number="22" hits="1" branch="false"/>
            <line number="23" hits="1" branch="false"/>
            <line number="24" hits="1" branch="false"/>
            <line number="113" hits="1" branch="false"/>
            <line number="118" hits="1" branch="true" condition-coverage="100% (2/2)"/>
            <line number="119" hits="1" branch="false"/>
            <line number="137" hits="1" branch="false"/>
            <line number="138" hits="1" branch="false"/>
            <line number="141" hits="1" branch="false"/>
            <line number="142" hits="2" branch="true" condition-coverage="100% (1/1)"/>
            <line number="143" hits="2" branch="false"/>
            <line number="144" hits="1" branch="true" condition-coverage="33.33333333333333% (1/3)"/>
            <line number="145" hits="0" branch="false"/>
            <line number="148" hits="1" branch="false"/>
            <line number="149" hits="1" branch="true" condition-coverage="33.33333333333333% (1/3)"/>
            <line number="152" hits="1" branch="false"/>
            <line number="153" hits="0" branch="false"/>
            <line number="156" hits="1" branch="false"/>
            <line number="157" hits="0" branch="true" condition-coverage="0% (0/3)"/>
            <line number="158" hits="0" branch="false"/>
            <line number="162" hits="1" branch="false"/>
            <line number="163" hits="1" branch="true" condition-coverage="33.33333333333333% (1/3)"/>
            <line number="164" hits="0" branch="false"/>
            <line number="167" hits="1" branch="true" condition-coverage="33.33333333333333% (1/3)"/>
            <line number="172" hits="1" branch="false"/>
            <line number="173" hits="0" branch="false"/>
            <line number="176" hits="1" branch="false"/>
            <line number="177" hits="0" branch="false"/>
            <line number="180" hits="1" branch="false"/>
            <line number="182" hits="0" branch="true" condition-coverage="0% (0/1)"/>
            <line number="183" hits="0" branch="false"/>
            <line number="185" hits="0" branch="false"/>
            <line number="186" hits="0" branch="false"/>
            <line number="189" hits="1" branch="false"/>
            <line number="190" hits="0" branch="true" condition-coverage="0% (0/1)"/>
            <line number="191" hits="0" branch="false"/>
            <line number="193" hits="0" branch="false"/>
            <line number="196" hits="0" branch="false"/>
            <line number="197" hits="0" branch="false"/>
            <line number="198" hits="0" branch="false"/>
            <line number="201" hits="1" branch="false"/>
            <line number="202" hits="0" branch="true" condition-coverage="0% (0/1)"/>
            <line number="203" hits="0" branch="false"/>
            <line number="205" hits="0" branch="false"/>
            <line number="208" hits="1" branch="false"/>
            <line number="212" hits="0" branch="false"/>
            <line number="213" hits="0" branch="true" condition-coverage="0% (0/1)"/>
            <line number="214" hits="0" branch="false"/>
            <line number="216" hits="0" branch="false"/>
            <line number="219" hits="1" branch="false"/>
            <line number="220" hits="0" branch="false"/>
            <line number="222" hits="0" branch="true" condition-coverage="0% (0/1)"/>
            <line number="223" hits="0" branch="false"/>
            <line number="227" hits="1" branch="false"/>
            <line number="228" hits="0" branch="false"/>
            <line number="233" hits="1" branch="false"/>
            <line number="234" hits="0" branch="false"/>
            <line number="239" hits="1" branch="false"/>
            <line number="240" hits="0" branch="false"/>
            <line number="245" hits="1" branch="false"/>
            <line number="246" hits="0" branch="false"/>
            <line number="251" hits="1" branch="false"/>
            <line number="252" hits="0" branch="true" condition-coverage="0% (0/1)"/>
            <line number="259" hits="0" branch="false"/>
            <line number="262" hits="1" branch="false"/>
            <line number="263" hits="1" branch="true" condition-coverage="100% (1/1)"/>
            <line number="264" hits="1" branch="true" condition-coverage="0% (0/1)"/>
            <line number="265" hits="0" branch="false"/>
            <line number="269" hits="1" branch="false"/>
            <line number="270" hits="0" branch="false"/>
            <line number="271" hits="0" branch="false"/>
            <line number="274" hits="1" branch="true" condition-coverage="0% (0/1)"/>
            <line number="275" hits="0" branch="true" condition-coverage="0% (0/4)"/>
            <line number="276" hits="0" branch="false"/>
            <line number="279" hits="0" branch="false"/>
            <line number="286" hits="1" branch="false"/>
            <line number="288" hits="0" branch="true" condition-coverage="0% (0/1)"/>
            <line number="289" hits="0" branch="false"/>
            <line number="290" hits="0" branch="false"/>
            <line number="293" hits="0" branch="false"/>
            <line number="295" hits="0" branch="false"/>
            <line number="299" hits="0" branch="true" condition-coverage="0% (0/1)"/>
            <line number="301" hits="0" branch="false"/>
            <line number="302" hits="0" branch="false"/>
            <line number="308" hits="1" branch="false"/>
            <line number="309" hits="0" branch="true" condition-coverage="0% (0/1)"/>
            <line number="310" hits="0" branch="true" condition-coverage="0% (0/2)"/>
            <line number="311" hits="0" branch="true" condition-coverage="0% (0/2)"/>
            <line number="313" hits="0" branch="true" condition-coverage="0% (0/3)"/>
            <line number="315" hits="0" branch="false"/>
            <line number="316" hits="0" branch="false"/>
            <line number="321" hits="1" branch="false"/>
            <line number="322" hits="0" branch="false"/>
            <line number="327" hits="1" branch="false"/>
            <line number="328" hits="0" branch="false"/>
            <line number="333" hits="1" branch="false"/>
            <line number="334" hits="0" branch="false"/>
            <line number="339" hits="1" branch="false"/>
            <line number="340" hits="0" branch="false"/>
            <line number="345" hits="1" branch="false"/>
            <line number="346" hits="0" branch="false"/>
            <line number="351" hits="1" branch="false"/>
            <line number="352" hits="0" branch="false"/>
            <line number="359" hits="1" branch="false"/>
            <line number="406" hits="1" branch="true" condition-coverage="0% (0/1)"/>
            <line number="407" hits="0" branch="true" condition-coverage="0% (0/1)"/>
            <line number="410" hits="0" branch="true" condition-coverage="0% (0/1)"/>
            <line number="411" hits="0" branch="false"/>
            <line number="412" hits="0" branch="false"/>
            <line number="413" hits="0" branch="false"/>
            <line number="419" hits="1" branch="false"/>
            <line number="421" hits="0" branch="false"/>
            <line number="424" hits="0" branch="false"/>
            <line number="425" hits="0" branch="true" condition-coverage="0% (0/1)"/>
            <line number="426" hits="0" branch="false"/>
            <line number="427" hits="0" branch="true" condition-coverage="0% (0/2)"/>
            <line number="429" hits="0" branch="false"/>
            <line number="437" hits="0" branch="true" condition-coverage="0% (0/1)"/>
            <line number="438" hits="0" branch="false"/>
            <line number="439" hits="0" branch="true" condition-coverage="0% (0/2)"/>
            <line number="440" hits="0" branch="false"/>
            <line number="444" hits="0" branch="true" condition-coverage="0% (0/1)"/>
            <line number="445" hits="0" branch="false"/>
            <line number="446" hits="0" branch="false"/>
            <line number="447" hits="0" branch="true" condition-coverage="0% (0/2)"/>
            <line number="448" hits="0" branch="false"/>
            <line number="453" hits="0" branch="true" condition-coverage="0% (0/1)"/>
            <line number="454" hits="0" branch="true" condition-coverage="0% (0/2)"/>
            <line number="455" hits="0" branch="false"/>
            <line number="461" hits="0" branch="false"/>
            <line number="462" hits="0" branch="false"/>
            <line number="463" hits="0" branch="true" condition-coverage="0% (0/2)"/>
            <line number="464" hits="0" branch="false"/>
            <line number="471" hits="1" branch="false"/>
            <line number="472" hits="1" branch="false"/>
            <line number="473" hits="1" branch="false"/>
            <line number="474" hits="1" branch="false"/>
            <line number="478" hits="1" branch="false"/>
            <line number="479" hits="0" branch="true" condition-coverage="0% (0/1)"/>
            <line number="480" hits="0" branch="false"/>
            <line number="484" hits="1" branch="false"/>
            <line number="485" hits="0" branch="false"/>
            <line number="486" hits="0" branch="true" condition-coverage="0% (0/1)"/>
            <line number="487" hits="0" branch="true" condition-coverage="0% (0/1)"/>
            <line number="488" hits="0" branch="false"/>
            <line number="490" hits="0" branch="false"/>
            <line number="493" hits="0" branch="true" condition-coverage="0% (0/1)"/>
            <line number="494" hits="0" branch="false"/>
            <line number="499" hits="0" branch="false"/>
            <line number="501" hits="0" branch="false"/>
            <line number="510" hits="0" branch="false"/>
            <line number="513" hits="0" branch="true" condition-coverage="0% (0/1)"/>
            <line number="516" hits="0" branch="true" condition-coverage="0% (0/2)"/>
            <line number="517" hits="0" branch="false"/>
            <line number="523" hits="1" branch="false"/>
            <line number="524" hits="0" branch="true" condition-coverage="0% (0/2)"/>
            <line number="525" hits="0" branch="false"/>
            <line number="531" hits="1" branch="false"/>
            <line number="532" hits="0" branch="true" condition-coverage="0% (0/3)"/>
            <line number="533" hits="0" branch="false"/>
            <line number="534" hits="0" branch="false"/>
            <line number="537" hits="0" branch="false"/>
            <line number="539" hits="0" branch="false"/>
            <line number="540" hits="0" branch="false"/>
            <line number="542" hits="0" branch="true" condition-coverage="0% (0/2)"/>
            <line number="545" hits="0" branch="false"/>
            <line number="551" hits="1" branch="false"/>
            <line number="552" hits="0" branch="false"/>
            <line number="553" hits="0" branch="false"/>
            <line number="559" hits="0" branch="false"/>
            <line number="562" hits="1" branch="false"/>
            <line number="563" hits="0" branch="false"/>
            <line number="566" hits="0" branch="true" condition-coverage="0% (0/1)"/>
            <line number="567" hits="0" branch="false"/>
            <line number="572" hits="0" branch="false"/>
            <line number="576" hits="0" branch="true" condition-coverage="0% (0/1)"/>
            <line number="577" hits="0" branch="false"/>
            <line number="581" hits="1" branch="false"/>
            <line number="582" hits="2" branch="true" condition-coverage="100% (1/1)"/>
            <line number="583" hits="2" branch="false"/>
            <line number="590" hits="0" branch="false"/>
            <line number="599" hits="2" branch="false"/>
            <line number="600" hits="2" branch="false"/>
            <line number="601" hits="2" branch="false"/>
            <line number="602" hits="2" branch="true" condition-coverage="100% (2/2)"/>
            <line number="603" hits="2" branch="true" condition-coverage="66.66666666666666% (2/3)"/>
            <line number="604" hits="2" branch="false"/>
            <line number="605" hits="2" branch="true" condition-coverage="50% (1/2)"/>
            <line number="606" hits="2" branch="true" condition-coverage="66.66666666666666% (2/3)"/>
            <line number="607" hits="2" branch="true" condition-coverage="25% (1/4)"/>
            <line number="608" hits="2" branch="true" condition-coverage="50% (1/2)"/>
            <line number="609" hits="2" branch="false"/>
            <line number="611" hits="2" branch="false"/>
            <line number="651" hits="0" branch="false"/>
            <line number="652" hits="0" branch="false"/>
            <line number="675" hits="0" branch="false"/>
            <line number="676" hits="0" branch="false"/>
            <line number="677" hits="0" branch="false"/>
            <line number="678" hits="0" branch="false"/>
            <line number="681" hits="0" branch="false"/>
            <line number="701" hits="0" branch="false"/>
            <line number="702" hits="0" branch="false"/>
            <line number="703" hits="0" branch="false"/>
            <line number="704" hits="0" branch="false"/>
            <line number="707" hits="0" branch="false"/>
            <line number="721" hits="8" branch="true" condition-coverage="100% (2/2)"/>
            <line number="723" hits="6" branch="false"/>
            <line number="726" hits="6" branch="false"/>
            <line number="740" hits="8" branch="false"/>
            <line number="741" hits="2" branch="true" condition-coverage="100% (2/2)"/>
            <line number="743" hits="2" branch="false"/>
            <line number="747" hits="2" branch="false"/>
            <line number="754" hits="0" branch="false"/>
            <line number="755" hits="0" branch="false"/>
            <line number="792" hits="2" branch="false"/>
            <line number="822" hits="0" branch="false"/>
            <line number="823" hits="0" branch="false"/>
            <line number="824" hits="0" branch="false"/>
            <line number="871" hits="4" branch="false"/>
            <line number="873" hits="2" branch="false"/>
            <line number="876" hits="0" branch="false"/>
            <line number="877" hits="0" branch="true" condition-coverage="0% (0/1)"/>
            <line number="916" hits="0" branch="false"/>
            <line number="920" hits="0" branch="false"/>
            <line number="923" hits="0" branch="false"/>
            <line number="924" hits="0" branch="false"/>
            <line number="956" hits="1" branch="false"/>
            <line number="958" hits="1" branch="false"/>
            <line number="960" hits="1" branch="false"/>
            <line number="961" hits="0" branch="true" condition-coverage="0% (0/1)"/>
            <line number="963" hits="0" branch="false"/>
            <line number="969" hits="0" branch="false"/>
            <line number="976" hits="1" branch="false"/>
            <line number="978" hits="1" branch="false"/>
          </lines>
        </class>
        <class name="feedbackItemGroup.tsx" filename="components/feedbackItemGroup.tsx" line-rate="0.3333" branch-rate="0">
          <methods>
            <method name="(anonymous_15)" hits="1" signature="()V">
              <lines>
                <line number="22" hits="1"/>
              </lines>
            </method>
            <method name="FeedbackItemGroup" hits="0" signature="()V">
              <lines>
                <line number="23" hits="0"/>
              </lines>
            </method>
            <method name="(anonymous_17)" hits="0" signature="()V">
              <lines>
                <line number="32" hits="0"/>
              </lines>
            </method>
            <method name="(anonymous_18)" hits="0" signature="()V">
              <lines>
                <line number="40" hits="0"/>
              </lines>
            </method>
            <method name="(anonymous_19)" hits="0" signature="()V">
              <lines>
                <line number="49" hits="0"/>
              </lines>
            </method>
            <method name="(anonymous_20)" hits="0" signature="()V">
              <lines>
                <line number="58" hits="0"/>
              </lines>
            </method>
            <method name="(anonymous_21)" hits="0" signature="()V">
              <lines>
                <line number="59" hits="0"/>
              </lines>
            </method>
            <method name="(anonymous_22)" hits="0" signature="()V">
              <lines>
                <line number="62" hits="0"/>
              </lines>
            </method>
            <method name="(anonymous_23)" hits="0" signature="()V">
              <lines>
                <line number="66" hits="0"/>
              </lines>
            </method>
            <method name="(anonymous_24)" hits="0" signature="()V">
              <lines>
                <line number="89" hits="0"/>
              </lines>
            </method>
          </methods>
          <lines>
            <line number="1" hits="1" branch="false"/>
            <line number="2" hits="1" branch="false"/>
            <line number="5" hits="1" branch="false"/>
            <line number="6" hits="1" branch="false"/>
            <line number="7" hits="1" branch="false"/>
            <line number="8" hits="1" branch="false"/>
            <line number="22" hits="1" branch="false"/>
            <line number="24" hits="0" branch="true" condition-coverage="0% (0/2)"/>
            <line number="25" hits="0" branch="false"/>
            <line number="32" hits="0" branch="false"/>
            <line number="33" hits="0" branch="true" condition-coverage="0% (0/1)"/>
            <line number="34" hits="0" branch="false"/>
            <line number="40" hits="0" branch="false"/>
            <line number="42" hits="0" branch="true" condition-coverage="0% (0/1)"/>
            <line number="43" hits="0" branch="false"/>
            <line number="45" hits="0" branch="false"/>
            <line number="46" hits="0" branch="false"/>
            <line number="49" hits="0" branch="false"/>
            <line number="53" hits="0" branch="false"/>
            <line number="54" hits="0" branch="false"/>
            <line number="55" hits="0" branch="false"/>
            <line number="58" hits="0" branch="false"/>
            <line number="59" hits="0" branch="false"/>
            <line number="62" hits="0" branch="false"/>
            <line number="63" hits="0" branch="false"/>
            <line number="66" hits="1" branch="false"/>
            <line number="67" hits="0" branch="false"/>
            <line number="90" hits="0" branch="false"/>
            <line number="113" hits="1" branch="false"/>
            <line number="115" hits="1" branch="false"/>
          </lines>
        </class>
        <class name="noFeedbackBoardsView.tsx" filename="components/noFeedbackBoardsView.tsx" line-rate="1" branch-rate="1">
          <methods>
            <method name="(anonymous_12)" hits="1" signature="()V">
              <lines>
                <line number="10" hits="1"/>
              </lines>
            </method>
            <method name="NoFeedbackBoardsView" hits="1" signature="()V">
              <lines>
                <line number="11" hits="1"/>
              </lines>
            </method>
            <method name="(anonymous_14)" hits="1" signature="()V">
              <lines>
                <line number="15" hits="1"/>
              </lines>
            </method>
          </methods>
          <lines>
            <line number="1" hits="1" branch="false"/>
            <line number="2" hits="1" branch="false"/>
            <line number="3" hits="1" branch="false"/>
            <line number="4" hits="1" branch="false"/>
[...]
            </method>
          </methods>
          <lines>
            <line number="1" hits="1" branch="false"/>
            <line number="2" hits="1" branch="false"/>
            <line number="3" hits="1" branch="false"/>
            <line number="5" hits="1" branch="false"/>
            <line number="6" hits="1" branch="false"/>
            <line number="7" hits="1" branch="false"/>
            <line number="26" hits="1" branch="false"/>
            <line number="27" hits="1" branch="false"/>
            <line number="35" hits="1" branch="false"/>
            <line number="36" hits="1" branch="true" condition-coverage="0% (0/1)"/>
            <line number="37" hits="0" branch="false"/>
            <line number="40" hits="1" branch="true" condition-coverage="100% (1/1)"/>
            <line number="41" hits="1" branch="false"/>
            <line number="47" hits="1" branch="false"/>
            <line number="49" hits="1" branch="false"/>
            <line number="50" hits="0" branch="false"/>
            <line number="51" hits="0" branch="false"/>
            <line number="59" hits="1" branch="false"/>
            <line number="60" hits="0" branch="true" condition-coverage="0% (0/1)"/>
            <line number="61" hits="0" branch="false"/>
            <line number="65" hits="0" branch="false"/>
            <line number="66" hits="0" branch="false"/>
            <line number="69" hits="0" branch="false"/>
            <line number="70" hits="0" branch="false"/>
            <line number="71" hits="0" branch="false"/>
            <line number="74" hits="0" branch="true" condition-coverage="0% (0/1)"/>
            <line number="77" hits="1" branch="true" condition-coverage="0% (0/1)"/>
            <line number="78" hits="0" branch="true" condition-coverage="0% (0/3)"/>
            <line number="79" hits="0" branch="false"/>
            <line number="82" hits="0" branch="false"/>
            <line number="83" hits="0" branch="false"/>
            <line number="85" hits="0" branch="false"/>
            <line number="86" hits="0" branch="true" condition-coverage="0% (0/1)"/>
            <line number="87" hits="0" branch="false"/>
            <line number="88" hits="0" branch="false"/>
            <line number="92" hits="0" branch="false"/>
            <line number="96" hits="1" branch="false"/>
            <line number="97" hits="0" branch="true" condition-coverage="0% (0/1)"/>
            <line number="98" hits="0" branch="false"/>
            <line number="101" hits="0" branch="false"/>
            <line number="107" hits="1" branch="false"/>
            <line number="108" hits="0" branch="true" condition-coverage="0% (0/1)"/>
            <line number="109" hits="0" branch="false"/>
            <line number="112" hits="0" branch="false"/>
            <line number="118" hits="1" branch="false"/>
            <line number="119" hits="0" branch="true" condition-coverage="0% (0/1)"/>
            <line number="120" hits="0" branch="false"/>
            <line number="123" hits="0" branch="false"/>
            <line number="135" hits="1" branch="false"/>
            <line number="136" hits="0" branch="true" condition-coverage="0% (0/1)"/>
            <line number="137" hits="0" branch="false"/>
            <line number="140" hits="0" branch="false"/>
            <line number="141" hits="0" branch="true" condition-coverage="0% (0/1)"/>
            <line number="142" hits="0" branch="false"/>
            <line number="144" hits="0" branch="false"/>
            <line number="152" hits="1" branch="false"/>
            <line number="153" hits="0" branch="true" condition-coverage="0% (0/1)"/>
            <line number="154" hits="0" branch="false"/>
            <line number="157" hits="0" branch="false"/>
            <line number="170" hits="1" branch="false"/>
            <line number="171" hits="0" branch="true" condition-coverage="0% (0/1)"/>
            <line number="172" hits="0" branch="false"/>
            <line number="175" hits="0" branch="false"/>
            <line number="187" hits="1" branch="false"/>
            <line number="188" hits="0" branch="true" condition-coverage="0% (0/1)"/>
            <line number="189" hits="0" branch="false"/>
            <line number="192" hits="0" branch="false"/>
            <line number="204" hits="1" branch="false"/>
            <line number="205" hits="0" branch="true" condition-coverage="0% (0/1)"/>
            <line number="206" hits="0" branch="false"/>
            <line number="209" hits="0" branch="false"/>
            <line number="221" hits="1" branch="false"/>
            <line number="222" hits="0" branch="true" condition-coverage="0% (0/1)"/>
            <line number="223" hits="0" branch="false"/>
            <line number="226" hits="0" branch="false"/>
            <line number="239" hits="1" branch="false"/>
            <line number="240" hits="0" branch="true" condition-coverage="0% (0/1)"/>
            <line number="241" hits="0" branch="false"/>
            <line number="244" hits="0" branch="false"/>
            <line number="257" hits="1" branch="false"/>
            <line number="258" hits="0" branch="true" condition-coverage="0% (0/1)"/>
            <line number="259" hits="0" branch="false"/>
            <line number="262" hits="0" branch="false"/>
            <line number="269" hits="1" branch="false"/>
            <line number="270" hits="0" branch="true" condition-coverage="0% (0/1)"/>
            <line number="271" hits="0" branch="false"/>
            <line number="274" hits="0" branch="false"/>
            <line number="286" hits="1" branch="false"/>
            <line number="287" hits="0" branch="false"/>
            <line number="294" hits="1" branch="false"/>
            <line number="295" hits="0" branch="true" condition-coverage="0% (0/1)"/>
            <line number="296" hits="0" branch="false"/>
            <line number="299" hits="0" branch="false"/>
            <line number="311" hits="1" branch="false"/>
            <line number="312" hits="0" branch="false"/>
            <line number="319" hits="1" branch="false"/>
            <line number="320" hits="0" branch="true" condition-coverage="0% (0/1)"/>
            <line number="321" hits="0" branch="false"/>
            <line number="324" hits="0" branch="false"/>
            <line number="336" hits="1" branch="false"/>
            <line number="337" hits="0" branch="false"/>
            <line number="344" hits="1" branch="false"/>
            <line number="345" hits="1" branch="true" condition-coverage="100% (1/1)"/>
            <line number="346" hits="1" branch="false"/>
            <line number="349" hits="0" branch="false"/>
            <line number="361" hits="1" branch="false"/>
            <line number="362" hits="0" branch="false"/>
            <line number="369" hits="1" branch="false"/>
            <line number="370" hits="0" branch="true" condition-coverage="0% (0/1)"/>
            <line number="371" hits="0" branch="false"/>
            <line number="374" hits="0" branch="false"/>
            <line number="386" hits="1" branch="false"/>
            <line number="387" hits="0" branch="false"/>
            <line number="394" hits="1" branch="false"/>
            <line number="395" hits="0" branch="true" condition-coverage="0% (0/1)"/>
            <line number="396" hits="0" branch="false"/>
            <line number="399" hits="0" branch="false"/>
            <line number="411" hits="1" branch="false"/>
            <line number="412" hits="0" branch="false"/>
            <line number="414" hits="1" branch="false"/>
            <line number="416" hits="1" branch="false"/>
          </lines>
        </class>
      </classes>
    </package>
    <package name="interfaces" line-rate="0.65" branch-rate="0.44439999999999996">
      <classes>
        <class name="workItem.tsx" filename="interfaces/workItem.tsx" line-rate="0.65" branch-rate="0.44439999999999996">
          <methods>
            <method name="(anonymous_0)" hits="2" signature="()V">
              <lines>
                <line number="18" hits="2"/>
              </lines>
            </method>
            <method name="(anonymous_1)" hits="2" signature="()V">
              <lines>
                <line number="24" hits="2"/>
              </lines>
            </method>
            <method name="(anonymous_2)" hits="1" signature="()V">
              <lines>
                <line number="32" hits="1"/>
              </lines>
            </method>
            <method name="(anonymous_3)" hits="6" signature="()V">
              <lines>
                <line number="33" hits="6"/>
              </lines>
            </method>
            <method name="(anonymous_4)" hits="3" signature="()V">
              <lines>
                <line number="34" hits="3"/>
              </lines>
            </method>
            <method name="(anonymous_5)" hits="0" signature="()V">
              <lines>
                <line number="35" hits="0"/>
              </lines>
            </method>
            <method name="(anonymous_6)" hits="4" signature="()V">
              <lines>
                <line number="36" hits="4"/>
              </lines>
            </method>
            <method name="(anonymous_7)" hits="0" signature="()V">
              <lines>
                <line number="37" hits="0"/>
              </lines>
            </method>
          </methods>
          <lines>
            <line number="18" hits="2" branch="true" condition-coverage="100% (2/2)"/>
            <line number="19" hits="2" branch="false"/>
            <line number="20" hits="2" branch="false"/>
            <line number="21" hits="2" branch="false"/>
            <line number="24" hits="2" branch="true" condition-coverage="100% (2/2)"/>
            <line number="25" hits="2" branch="false"/>
            <line number="26" hits="2" branch="false"/>
            <line number="27" hits="2" branch="false"/>
            <line number="31" hits="2" branch="false"/>
            <line number="32" hits="1" branch="false"/>
            <line number="33" hits="6" branch="false"/>
            <line number="34" hits="3" branch="false"/>
            <line number="35" hits="0" branch="false"/>
            <line number="36" hits="4" branch="false"/>
            <line number="38" hits="0" branch="true" condition-coverage="0% (0/1)"/>
            <line number="39" hits="0" branch="true" condition-coverage="0% (0/1)"/>
            <line number="40" hits="0" branch="true" condition-coverage="0% (0/1)"/>
            <line number="41" hits="0" branch="true" condition-coverage="0% (0/1)"/>
            <line number="42" hits="0" branch="true" condition-coverage="0% (0/1)"/>
            <line number="43" hits="0" branch="false"/>
          </lines>
        </class>
      </classes>
    </package>
    <package name="utilities" line-rate="0.5645" branch-rate="0.5">
      <classes>
        <class name="azureDevOpsContextHelper.tsx" filename="utilities/azureDevOpsContextHelper.tsx" line-rate="0.7272" branch-rate="1">
          <methods>
            <method name="(anonymous_13)" hits="0" signature="()V">
              <lines>
                <line number="17" hits="0"/>
              </lines>
            </method>
            <method name="(anonymous_14)" hits="2" signature="()V">
              <lines>
                <line number="29" hits="2"/>
              </lines>
            </method>
          </methods>
          <lines>
            <line number="1" hits="1" branch="false"/>
            <line number="2" hits="1" branch="false"/>
            <line number="4" hits="1" branch="false"/>
            <line number="17" hits="1" branch="false"/>
            <line number="18" hits="0" branch="false"/>
            <line number="19" hits="0" branch="false"/>
            <line number="21" hits="0" branch="false"/>
            <line number="29" hits="2" branch="false"/>
            <line number="30" hits="1" branch="true" condition-coverage="100% (1/1)"/>
            <line number="31" hits="1" branch="true" condition-coverage="100% (2/2)"/>
            <line number="34" hits="1" branch="false"/>
          </lines>
        </class>
        <class name="boardUrlHelper.tsx" filename="utilities/boardUrlHelper.tsx" line-rate="0.22219999999999998" branch-rate="0">
          <methods>
            <method name="(anonymous_13)" hits="0" signature="()V">
              <lines>
                <line number="11" hits="0"/>
              </lines>
            </method>
            <method name="(anonymous_14)" hits="0" signature="()V">
              <lines>
                <line number="11" hits="0"/>
              </lines>
            </method>
          </methods>
          <lines>
            <line number="1" hits="2" branch="false"/>
            <line number="11" hits="2" branch="false"/>
            <line number="12" hits="0" branch="true" condition-coverage="0% (0/1)"/>
            <line number="13" hits="0" branch="false"/>
            <line number="15" hits="0" branch="false"/>
            <line number="17" hits="0" branch="false"/>
            <line number="18" hits="0" branch="false"/>
            <line number="20" hits="0" branch="false"/>
            <line number="22" hits="0" branch="false"/>
          </lines>
        </class>
        <class name="localStorageHelper.tsx" filename="utilities/localStorageHelper.tsx" line-rate="0.4" branch-rate="0">
          <methods>
            <method name="(anonymous_0)" hits="0" signature="()V">
              <lines>
                <line number="3" hits="0"/>
              </lines>
            </method>
            <method name="(anonymous_1)" hits="0" signature="()V">
              <lines>
                <line number="14" hits="0"/>
              </lines>
            </method>
            <method name="(anonymous_2)" hits="0" signature="()V">
              <lines>
                <line number="21" hits="0"/>
              </lines>
            </method>
          </methods>
          <lines>
            <line number="3" hits="1" branch="false"/>
            <line number="4" hits="0" branch="false"/>
            <line number="5" hits="0" branch="true" condition-coverage="0% (0/1)"/>
            <line number="6" hits="0" branch="false"/>
            <line number="8" hits="0" branch="false"/>
            <line number="14" hits="1" branch="true" condition-coverage="0% (0/1)"/>
            <line number="15" hits="0" branch="false"/>
            <line number="21" hits="1" branch="false"/>
            <line number="22" hits="0" branch="false"/>
            <line number="25" hits="1" branch="false"/>
          </lines>
        </class>
        <class name="servicesHelper.tsx" filename="utilities/servicesHelper.tsx" line-rate="0.6842" branch-rate="0.4">
          <methods>
            <method name="(anonymous_13)" hits="0" signature="()V">
              <lines>
                <line number="8" hits="0"/>
              </lines>
            </method>
            <method name="(anonymous_16)" hits="0" signature="()V">
              <lines>
                <line number="17" hits="0"/>
              </lines>
            </method>
            <method name="(anonymous_19)" hits="0" signature="()V">
              <lines>
                <line number="26" hits="0"/>
              </lines>
            </method>
            <method name="(anonymous_22)" hits="2" signature="()V">
              <lines>
                <line number="35" hits="2"/>
              </lines>
            </method>
            <method name="(anonymous_25)" hits="2" signature="()V">
              <lines>
                <line number="47" hits="2"/>
              </lines>
            </method>
          </methods>
          <lines>
            <line number="1" hits="2" branch="false"/>
            <line number="3" hits="2" branch="false"/>
            <line number="8" hits="2" branch="false"/>
            <line number="9" hits="0" branch="true" condition-coverage="0% (0/1)"/>
            <line number="11" hits="0" branch="false"/>
            <line number="17" hits="2" branch="false"/>
            <line number="18" hits="0" branch="true" condition-coverage="0% (0/1)"/>
            <line number="20" hits="0" branch="false"/>
            <line number="26" hits="2" branch="false"/>
            <line number="27" hits="0" branch="true" condition-coverage="0% (0/1)"/>
            <line number="29" hits="0" branch="false"/>
            <line number="35" hits="3" branch="false"/>
            <line number="36" hits="1" branch="true" condition-coverage="100% (1/1)"/>
            <line number="37" hits="1" branch="false"/>
            <line number="41" hits="1" branch="false"/>
            <line number="47" hits="3" branch="false"/>
            <line number="48" hits="1" branch="true" condition-coverage="100% (1/1)"/>
            <line number="49" hits="1" branch="false"/>
            <line number="51" hits="1" branch="false"/>
          </lines>
        </class>
        <class name="tokenHelper.tsx" filename="utilities/tokenHelper.tsx" line-rate="0.2857" branch-rate="1">
          <methods>
            <method name="(anonymous_0)" hits="0" signature="()V">
              <lines>
                <line number="18" hits="0"/>
              </lines>
            </method>
          </methods>
          <lines>
            <line number="1" hits="1" branch="false"/>
            <line number="18" hits="1" branch="false"/>
            <line number="19" hits="0" branch="false"/>
            <line number="20" hits="0" branch="false"/>
            <line number="21" hits="0" branch="false"/>
            <line number="23" hits="0" branch="false"/>
            <line number="26" hits="0" branch="false"/>
          </lines>
        </class>
        <class name="userIdentityHelper.tsx" filename="utilities/userIdentityHelper.tsx" line-rate="1" branch-rate="1">
          <methods>
            <method name="(anonymous_0)" hits="1" signature="()V">
              <lines>
                <line number="9" hits="1"/>
              </lines>
            </method>
          </methods>
          <lines>
            <line number="2" hits="2" branch="false"/>
            <line number="9" hits="2" branch="false"/>
            <line number="10" hits="1" branch="true" condition-coverage="100% (1/1)"/>
            <line number="11" hits="1" branch="false"/>
            <line number="13" hits="1" branch="false"/>
            <line number="26" hits="1" branch="false"/>
          </lines>
        </class>
      </classes>
    </package>
    <package name="utilities.external" line-rate="1" branch-rate="1">
      <classes>
        <class name="telemetryClient.ts" filename="utilities/external/telemetryClient.ts" line-rate="1" branch-rate="1">
          <methods>
            <method name="(anonymous_0)" hits="5" signature="()V">
              <lines>
                <line number="21" hits="5"/>
              </lines>
            </method>
            <method name="(anonymous_1)" hits="2" signature="()V">
              <lines>
                <line number="24" hits="2"/>
              </lines>
            </method>
          </methods>
          <lines>
            <line number="1" hits="5" branch="false"/>
            <line number="2" hits="5" branch="false"/>
            <line number="3" hits="5" branch="false"/>
            <line number="5" hits="5" branch="false"/>
            <line number="6" hits="5" branch="false"/>
            <line number="17" hits="5" branch="false"/>
            <line number="21" hits="5" branch="false"/>
            <line number="22" hits="5" branch="false"/>
            <line number="24" hits="6" branch="false"/>
            <line number="25" hits="2" branch="false"/>
            <line number="26" hits="2" branch="false"/>
            <line number="31" hits="5" branch="false"/>
            <line number="33" hits="5" branch="false"/>
          </lines>
        </class>
      </classes>
    </package>
  </packages>
</coverage>
