{"/workspaces/temp4/RetrospectiveExtension.Frontend/components/actionItem.tsx": {"path":"/workspaces/temp4/RetrospectiveExtension.Frontend/components/actionItem.tsx","statementMap":{"0":{"start":{"line":1,"column":0},"end":{"line":1,"column":115}},"1":{"start":{"line":2,"column":0},"end":{"line":2,"column":null}},"2":{"start":{"line":10,"column":0},"end":{"line":10,"column":31}},"3":{"start":{"line":11,"column":0},"end":{"line":11,"column":56}},"4":{"start":{"line":13,"column":0},"end":{"line":13,"column":121}},"5":{"start":{"line":15,"column":0},"end":{"line":15,"column":68}},"6":{"start":{"line":16,"column":0},"end":{"line":16,"column":57}},"7":{"start":{"line":18,"column":0},"end":{"line":18,"column":59}},"8":{"start":{"line":19,"column":0},"end":{"line":19,"column":85}},"9":{"start":{"line":20,"column":0},"end":{"line":20,"column":73}},"10":{"start":{"line":21,"column":0},"end":{"line":21,"column":68}},"11":{"start":{"line":41,"column":0},"end":{"line":41,"column":74}},"12":{"start":{"line":41,"column":25},"end":{"line":41,"column":30}},"13":{"start":{"line":43,"column":4},"end":{"line":43,"column":null}},"14":{"start":{"line":62,"column":10},"end":{"line":79,"column":null}},"15":{"start":{"line":63,"column":4},"end":{"line":78,"column":6}},"16":{"start":{"line":81,"column":10},"end":{"line":95,"column":null}},"17":{"start":{"line":81,"column":55},"end":{"line":95,"column":null}},"18":{"start":{"line":82,"column":27},"end":{"line":82,"column":null}},"19":{"start":{"line":82,"column":10},"end":{"line":82,"column":null}},"20":{"start":{"line":84,"column":4},"end":{"line":84,"column":50}},"21":{"start":{"line":88,"column":32},"end":{"line":88,"column":null}},"22":{"start":{"line":88,"column":10},"end":{"line":88,"column":null}},"23":{"start":{"line":89,"column":4},"end":{"line":89,"column":55}},"24":{"start":{"line":90,"column":4},"end":{"line":90,"column":38}},"25":{"start":{"line":92,"column":4},"end":{"line":94,"column":null}},"26":{"start":{"line":93,"column":6},"end":{"line":93,"column":38}},"27":{"start":{"line":97,"column":10},"end":{"line":100,"column":null}},"28":{"start":{"line":97,"column":59},"end":{"line":100,"column":null}},"29":{"start":{"line":98,"column":32},"end":{"line":98,"column":null}},"30":{"start":{"line":98,"column":10},"end":{"line":98,"column":null}},"31":{"start":{"line":99,"column":4},"end":{"line":99,"column":55}},"32":{"start":{"line":102,"column":10},"end":{"line":106,"column":null}},"33":{"start":{"line":103,"column":4},"end":{"line":105,"column":7}},"34":{"start":{"line":108,"column":10},"end":{"line":112,"column":null}},"35":{"start":{"line":109,"column":4},"end":{"line":111,"column":7}},"36":{"start":{"line":114,"column":10},"end":{"line":117,"column":null}},"37":{"start":{"line":114,"column":61},"end":{"line":117,"column":null}},"38":{"start":{"line":115,"column":4},"end":{"line":115,"column":43}},"39":{"start":{"line":116,"column":4},"end":{"line":116,"column":48}},"40":{"start":{"line":119,"column":10},"end":{"line":128,"column":null}},"41":{"start":{"line":119,"column":54},"end":{"line":128,"column":null}},"42":{"start":{"line":120,"column":8},"end":{"line":120,"column":12}},"43":{"start":{"line":121,"column":48},"end":{"line":121,"column":null}},"44":{"start":{"line":121,"column":12},"end":{"line":121,"column":null}},"45":{"start":{"line":122,"column":6},"end":{"line":126,"column":null}},"46":{"start":{"line":123,"column":8},"end":{"line":125,"column":11}},"47":{"start":{"line":130,"column":10},"end":{"line":135,"column":null}},"48":{"start":{"line":131,"column":4},"end":{"line":134,"column":null}},"49":{"start":{"line":132,"column":6},"end":{"line":132,"column":37}},"50":{"start":{"line":133,"column":6},"end":{"line":133,"column":13}},"51":{"start":{"line":137,"column":10},"end":{"line":141,"column":null}},"52":{"start":{"line":138,"column":4},"end":{"line":138,"column":27}},"53":{"start":{"line":139,"column":4},"end":{"line":139,"column":48}},"54":{"start":{"line":140,"column":4},"end":{"line":140,"column":28}},"55":{"start":{"line":143,"column":10},"end":{"line":146,"column":null}},"56":{"start":{"line":144,"column":4},"end":{"line":144,"column":37}},"57":{"start":{"line":145,"column":4},"end":{"line":145,"column":53}},"58":{"start":{"line":45,"column":4},"end":{"line":49,"column":6}},"59":{"start":{"line":51,"column":4},"end":{"line":51,"column":35}},"60":{"start":{"line":54,"column":2},"end":{"line":58,"column":null}},"61":{"start":{"line":55,"column":4},"end":{"line":57,"column":null}},"62":{"start":{"line":56,"column":6},"end":{"line":56,"column":38}},"63":{"start":{"line":148,"column":9},"end":{"line":218,"column":null}},"64":{"start":{"line":148,"column":2},"end":{"line":148,"column":9}},"65":{"start":{"line":149,"column":39},"end":{"line":149,"column":144}},"66":{"start":{"line":149,"column":79},"end":{"line":149,"column":144}},"67":{"start":{"line":150,"column":49},"end":{"line":150,"column":92}},"68":{"start":{"line":153,"column":49},"end":{"line":153,"column":97}},"69":{"start":{"line":154,"column":46},"end":{"line":154,"column":157}},"70":{"start":{"line":154,"column":91},"end":{"line":154,"column":150}},"71":{"start":{"line":155,"column":40},"end":{"line":155,"column":169}},"72":{"start":{"line":157,"column":32},"end":{"line":157,"column":76}},"73":{"start":{"line":158,"column":18},"end":{"line":158,"column":94}},"74":{"start":{"line":160,"column":4},"end":{"line":217,"column":6}},"75":{"start":{"line":167,"column":41},"end":{"line":167,"column":null}},"76":{"start":{"line":174,"column":12},"end":{"line":176,"column":null}},"77":{"start":{"line":175,"column":14},"end":{"line":175,"column":39}},"78":{"start":{"line":209,"column":16},"end":{"line":209,"column":41}},"79":{"start":{"line":210,"column":16},"end":{"line":210,"column":null}},"80":{"start":{"line":219,"column":0},"end":{"line":219,"column":null}},"81":{"start":{"line":221,"column":0},"end":{"line":221,"column":55}}},"fnMap":{"0":{"name":"(anonymous_27)","decl":{"start":{"line":41,"column":0},"end":{"line":41,"column":25}},"loc":{"start":{"line":41,"column":0},"end":{"line":219,"column":null}}},"1":{"name":"ActionItem","decl":{"start":{"line":42,"column":2},"end":{"line":42,"column":14}},"loc":{"start":{"line":42,"column":36},"end":{"line":52,"column":3}}},"2":{"name":"(anonymous_29)","decl":{"start":{"line":62,"column":37},"end":{"line":62,"column":38}},"loc":{"start":{"line":62,"column":64},"end":{"line":79,"column":3}}},"3":{"name":"(anonymous_30)","decl":{"start":{"line":81,"column":30},"end":{"line":81,"column":37}},"loc":{"start":{"line":81,"column":55},"end":{"line":95,"column":null}}},"4":{"name":"(anonymous_31)","decl":{"start":{"line":81,"column":55},"end":{"line":81,"column":null}},"loc":{"start":{"line":81,"column":55},"end":{"line":95,"column":null}}},"5":{"name":"(anonymous_33)","decl":{"start":{"line":97,"column":34},"end":{"line":97,"column":41}},"loc":{"start":{"line":97,"column":59},"end":{"line":100,"column":null}}},"6":{"name":"(anonymous_34)","decl":{"start":{"line":97,"column":59},"end":{"line":97,"column":null}},"loc":{"start":{"line":97,"column":59},"end":{"line":100,"column":null}}},"7":{"name":"(anonymous_36)","decl":{"start":{"line":102,"column":49},"end":{"line":102,"column":null}},"loc":{"start":{"line":102,"column":49},"end":{"line":106,"column":3}}},"8":{"name":"(anonymous_37)","decl":{"start":{"line":108,"column":49},"end":{"line":108,"column":null}},"loc":{"start":{"line":108,"column":49},"end":{"line":112,"column":3}}},"9":{"name":"(anonymous_38)","decl":{"start":{"line":114,"column":36},"end":{"line":114,"column":43}},"loc":{"start":{"line":114,"column":61},"end":{"line":117,"column":null}}},"10":{"name":"(anonymous_39)","decl":{"start":{"line":114,"column":61},"end":{"line":114,"column":null}},"loc":{"start":{"line":114,"column":61},"end":{"line":117,"column":null}}},"11":{"name":"(anonymous_41)","decl":{"start":{"line":119,"column":29},"end":{"line":119,"column":36}},"loc":{"start":{"line":119,"column":54},"end":{"line":128,"column":null}}},"12":{"name":"(anonymous_42)","decl":{"start":{"line":119,"column":54},"end":{"line":119,"column":null}},"loc":{"start":{"line":119,"column":54},"end":{"line":128,"column":null}}},"13":{"name":"(anonymous_44)","decl":{"start":{"line":130,"column":41},"end":{"line":130,"column":42}},"loc":{"start":{"line":130,"column":146},"end":{"line":135,"column":3}}},"14":{"name":"(anonymous_45)","decl":{"start":{"line":137,"column":31},"end":{"line":137,"column":32}},"loc":{"start":{"line":137,"column":263},"end":{"line":141,"column":3}}},"15":{"name":"(anonymous_46)","decl":{"start":{"line":143,"column":29},"end":{"line":143,"column":30}},"loc":{"start":{"line":143,"column":119},"end":{"line":146,"column":3}}},"16":{"name":"(anonymous_47)","decl":{"start":{"line":54,"column":2},"end":{"line":54,"column":19}},"loc":{"start":{"line":54,"column":2},"end":{"line":58,"column":3}}},"17":{"name":"(anonymous_48)","decl":{"start":{"line":148,"column":2},"end":{"line":148,"column":9}},"loc":{"start":{"line":148,"column":2},"end":{"line":218,"column":3}}},"18":{"name":"(anonymous_49)","decl":{"start":{"line":149,"column":72},"end":{"line":149,"column":75}},"loc":{"start":{"line":149,"column":75},"end":{"line":149,"column":82}}},"19":{"name":"(anonymous_50)","decl":{"start":{"line":154,"column":83},"end":{"line":154,"column":87}},"loc":{"start":{"line":154,"column":87},"end":{"line":154,"column":95}}},"20":{"name":"(anonymous_51)","decl":{"start":{"line":167,"column":15},"end":{"line":167,"column":16}},"loc":{"start":{"line":167,"column":36},"end":{"line":167,"column":45}}},"21":{"name":"(anonymous_52)","decl":{"start":{"line":173,"column":22},"end":{"line":173,"column":23}},"loc":{"start":{"line":173,"column":24},"end":{"line":177,"column":11}}},"22":{"name":"(anonymous_53)","decl":{"start":{"line":208,"column":38},"end":{"line":208,"column":39}},"loc":{"start":{"line":208,"column":40},"end":{"line":211,"column":17}}}},"branchMap":{"0":{"loc":{"start":{"line":43,"column":4},"end":{"line":43,"column":null}},"type":"binary-expr","locations":[{"start":{"line":43,"column":4},"end":{"line":43,"column":16}},{"start":{"line":43,"column":16},"end":{"line":43,"column":null}}]},"1":{"loc":{"start":{"line":82,"column":27},"end":{"line":82,"column":null}},"type":"switch","locations":[{"start":{"line":82,"column":27},"end":{"line":82,"column":null}}]},"2":{"loc":{"start":{"line":92,"column":4},"end":{"line":94,"column":null}},"type":"if","locations":[{"start":{"line":92,"column":4},"end":{"line":94,"column":null}}]},"3":{"loc":{"start":{"line":98,"column":32},"end":{"line":98,"column":null}},"type":"switch","locations":[{"start":{"line":98,"column":32},"end":{"line":98,"column":null}}]},"4":{"loc":{"start":{"line":120,"column":8},"end":{"line":120,"column":12}},"type":"if","locations":[{"start":{"line":120,"column":8},"end":{"line":120,"column":12}}]},"5":{"loc":{"start":{"line":120,"column":8},"end":{"line":120,"column":80}},"type":"binary-expr","locations":[{"start":{"line":120,"column":8},"end":{"line":120,"column":33}},{"start":{"line":120,"column":37},"end":{"line":120,"column":80}}]},"6":{"loc":{"start":{"line":122,"column":6},"end":{"line":126,"column":null}},"type":"if","locations":[{"start":{"line":122,"column":6},"end":{"line":126,"column":null}}]},"7":{"loc":{"start":{"line":131,"column":4},"end":{"line":134,"column":null}},"type":"if","locations":[{"start":{"line":131,"column":4},"end":{"line":134,"column":null}}]},"8":{"loc":{"start":{"line":144,"column":4},"end":{"line":144,"column":36}},"type":"binary-expr","locations":[{"start":{"line":144,"column":4},"end":{"line":144,"column":9}},{"start":{"line":144,"column":13},"end":{"line":144,"column":36}}]},"9":{"loc":{"start":{"line":55,"column":4},"end":{"line":57,"column":null}},"type":"if","locations":[{"start":{"line":55,"column":4},"end":{"line":57,"column":null}}]},"10":{"loc":{"start":{"line":55,"column":7},"end":{"line":55,"column":56}},"type":"binary-expr","locations":[{"start":{"line":55,"column":7},"end":{"line":55,"column":29}},{"start":{"line":55,"column":33},"end":{"line":55,"column":56}}]},"11":{"loc":{"start":{"line":153,"column":49},"end":{"line":153,"column":97}},"type":"cond-expr","locations":[{"start":{"line":153,"column":71},"end":{"line":153,"column":90}},{"start":{"line":153,"column":93},"end":{"line":153,"column":97}}]},"12":{"loc":{"start":{"line":154,"column":46},"end":{"line":154,"column":157}},"type":"cond-expr","locations":[{"start":{"line":154,"column":63},"end":{"line":154,"column":150}},{"start":{"line":154,"column":153},"end":{"line":154,"column":157}}]},"13":{"loc":{"start":{"line":155,"column":40},"end":{"line":155,"column":169}},"type":"cond-expr","locations":[{"start":{"line":155,"column":141},"end":{"line":155,"column":164}},{"start":{"line":155,"column":167},"end":{"line":155,"column":169}}]},"14":{"loc":{"start":{"line":155,"column":40},"end":{"line":155,"column":138}},"type":"binary-expr","locations":[{"start":{"line":155,"column":40},"end":{"line":155,"column":53}},{"start":{"line":155,"column":58},"end":{"line":155,"column":96}},{"start":{"line":155,"column":100},"end":{"line":155,"column":137}}]},"15":{"loc":{"start":{"line":158,"column":18},"end":{"line":158,"column":94}},"type":"cond-expr","locations":[{"start":{"line":158,"column":44},"end":{"line":158,"column":80}},{"start":{"line":158,"column":83},"end":{"line":158,"column":94}}]},"16":{"loc":{"start":{"line":174,"column":12},"end":{"line":176,"column":null}},"type":"if","locations":[{"start":{"line":174,"column":12},"end":{"line":176,"column":null}}]},"17":{"loc":{"start":{"line":181,"column":9},"end":{"line":190,"column":null}},"type":"binary-expr","locations":[{"start":{"line":181,"column":9},"end":{"line":181,"column":41}},{"start":{"line":182,"column":10},"end":{"line":190,"column":null}}]},"18":{"loc":{"start":{"line":193,"column":9},"end":{"line":213,"column":null}},"type":"binary-expr","locations":[{"start":{"line":193,"column":9},"end":{"line":193,"column":61}},{"start":{"line":194,"column":10},"end":{"line":213,"column":null}}]},"19":{"loc":{"start":{"line":209,"column":16},"end":{"line":209,"column":40}},"type":"binary-expr","locations":[{"start":{"line":209,"column":16},"end":{"line":209,"column":17}},{"start":{"line":209,"column":21},"end":{"line":209,"column":40}}]}},"s":{"0":4,"1":4,"2":4,"3":4,"4":4,"5":4,"6":4,"7":4,"8":4,"9":4,"10":4,"11":4,"12":4,"13":0,"14":0,"15":0,"16":0,"17":0,"18":0,"19":0,"20":0,"21":0,"22":0,"23":0,"24":0,"25":0,"26":0,"27":0,"28":0,"29":0,"30":0,"31":0,"32":0,"33":0,"34":0,"35":0,"36":0,"37":0,"38":0,"39":0,"40":0,"41":0,"42":0,"43":0,"44":0,"45":0,"46":0,"47":0,"48":0,"49":0,"50":0,"51":0,"52":0,"53":0,"54":0,"55":0,"56":0,"57":0,"58":0,"59":0,"60":4,"61":0,"62":0,"63":4,"64":0,"65":0,"66":0,"67":0,"68":0,"69":0,"70":0,"71":0,"72":0,"73":0,"74":0,"75":0,"76":0,"77":0,"78":0,"79":0,"80":4,"81":4},"f":{"0":4,"1":0,"2":0,"3":0,"4":0,"5":0,"6":0,"7":0,"8":0,"9":0,"10":0,"11":0,"12":0,"13":0,"14":0,"15":0,"16":0,"17":0,"18":0,"19":0,"20":0,"21":0,"22":0},"b":{"0":[0,0],"1":[0],"2":[0],"3":[0],"4":[0],"5":[0,0],"6":[0],"7":[0],"8":[0,0],"9":[0],"10":[0,0],"11":[0,0],"12":[0,0],"13":[0,0],"14":[0,0,0],"15":[0,0],"16":[0],"17":[0,0],"18":[0,0],"19":[0,0]}}
,"/workspaces/temp4/RetrospectiveExtension.Frontend/components/actionItemDisplay.tsx": {"path":"/workspaces/temp4/RetrospectiveExtension.Frontend/components/actionItemDisplay.tsx","statementMap":{"0":{"start":{"line":1,"column":0},"end":{"line":1,"column":129}},"1":{"start":{"line":2,"column":0},"end":{"line":2,"column":57}},"2":{"start":{"line":3,"column":0},"end":{"line":3,"column":31}},"3":{"start":{"line":4,"column":0},"end":{"line":4,"column":65}},"4":{"start":{"line":7,"column":0},"end":{"line":7,"column":121}},"5":{"start":{"line":9,"column":0},"end":{"line":9,"column":68}},"6":{"start":{"line":10,"column":0},"end":{"line":10,"column":57}},"7":{"start":{"line":13,"column":0},"end":{"line":13,"column":87}},"8":{"start":{"line":14,"column":0},"end":{"line":14,"column":55}},"9":{"start":{"line":15,"column":0},"end":{"line":15,"column":58}},"10":{"start":{"line":16,"column":0},"end":{"line":16,"column":85}},"11":{"start":{"line":17,"column":0},"end":{"line":17,"column":65}},"12":{"start":{"line":18,"column":0},"end":{"line":18,"column":38}},"13":{"start":{"line":19,"column":0},"end":{"line":19,"column":73}},"14":{"start":{"line":20,"column":0},"end":{"line":20,"column":68}},"15":{"start":{"line":47,"column":0},"end":{"line":47,"column":95}},"16":{"start":{"line":47,"column":32},"end":{"line":47,"column":37}},"17":{"start":{"line":49,"column":4},"end":{"line":49,"column":null}},"18":{"start":{"line":69,"column":10},"end":{"line":90,"column":null}},"19":{"start":{"line":69,"column":67},"end":{"line":90,"column":null}},"20":{"start":{"line":70,"column":21},"end":{"line":70,"column":null}},"21":{"start":{"line":70,"column":10},"end":{"line":70,"column":null}},"22":{"start":{"line":71,"column":27},"end":{"line":71,"column":null}},"23":{"start":{"line":71,"column":10},"end":{"line":71,"column":null}},"24":{"start":{"line":72,"column":21},"end":{"line":83,"column":null}},"25":{"start":{"line":72,"column":10},"end":{"line":83,"column":null}},"26":{"start":{"line":85,"column":8},"end":{"line":85,"column":16}},"27":{"start":{"line":86,"column":34},"end":{"line":86,"column":null}},"28":{"start":{"line":86,"column":12},"end":{"line":86,"column":null}},"29":{"start":{"line":88,"column":6},"end":{"line":88,"column":57}},"30":{"start":{"line":92,"column":10},"end":{"line":96,"column":null}},"31":{"start":{"line":93,"column":4},"end":{"line":95,"column":7}},"32":{"start":{"line":94,"column":6},"end":{"line":94,"column":50}},"33":{"start":{"line":98,"column":10},"end":{"line":111,"column":null}},"34":{"start":{"line":99,"column":4},"end":{"line":110,"column":6}},"35":{"start":{"line":113,"column":10},"end":{"line":115,"column":null}},"36":{"start":{"line":114,"column":4},"end":{"line":114,"column":51}},"37":{"start":{"line":117,"column":10},"end":{"line":119,"column":null}},"38":{"start":{"line":118,"column":4},"end":{"line":118,"column":122}},"39":{"start":{"line":121,"column":10},"end":{"line":125,"column":null}},"40":{"start":{"line":122,"column":4},"end":{"line":124,"column":7}},"41":{"start":{"line":127,"column":10},"end":{"line":131,"column":null}},"42":{"start":{"line":128,"column":4},"end":{"line":130,"column":7}},"43":{"start":{"line":129,"column":6},"end":{"line":129,"column":95}},"44":{"start":{"line":133,"column":10},"end":{"line":137,"column":null}},"45":{"start":{"line":134,"column":4},"end":{"line":136,"column":null}},"46":{"start":{"line":135,"column":6},"end":{"line":135,"column":35}},"47":{"start":{"line":139,"column":10},"end":{"line":143,"column":null}},"48":{"start":{"line":140,"column":4},"end":{"line":140,"column":37}},"49":{"start":{"line":141,"column":4},"end":{"line":141,"column":31}},"50":{"start":{"line":142,"column":4},"end":{"line":142,"column":null}},"51":{"start":{"line":145,"column":10},"end":{"line":170,"column":null}},"52":{"start":{"line":145,"column":99},"end":{"line":170,"column":null}},"53":{"start":{"line":146,"column":4},"end":{"line":152,"column":null}},"54":{"start":{"line":147,"column":6},"end":{"line":150,"column":9}},"55":{"start":{"line":151,"column":6},"end":{"line":151,"column":13}},"56":{"start":{"line":154,"column":10},"end":{"line":154,"column":47}},"57":{"start":{"line":156,"column":4},"end":{"line":162,"column":null}},"58":{"start":{"line":157,"column":6},"end":{"line":160,"column":9}},"59":{"start":{"line":161,"column":6},"end":{"line":161,"column":13}},"60":{"start":{"line":164,"column":21},"end":{"line":164,"column":null}},"61":{"start":{"line":164,"column":10},"end":{"line":164,"column":null}},"62":{"start":{"line":165,"column":4},"end":{"line":169,"column":7}},"63":{"start":{"line":172,"column":10},"end":{"line":180,"column":null}},"64":{"start":{"line":172,"column":33},"end":{"line":180,"column":null}},"65":{"start":{"line":173,"column":4},"end":{"line":173,"column":41}},"66":{"start":{"line":175,"column":8},"end":{"line":175,"column":12}},"67":{"start":{"line":176,"column":34},"end":{"line":176,"column":null}},"68":{"start":{"line":176,"column":12},"end":{"line":176,"column":null}},"69":{"start":{"line":178,"column":6},"end":{"line":178,"column":57}},"70":{"start":{"line":182,"column":10},"end":{"line":193,"column":null}},"71":{"start":{"line":182,"column":45},"end":{"line":182,"column":null}},"72":{"start":{"line":183,"column":4},"end":{"line":185,"column":null}},"73":{"start":{"line":184,"column":6},"end":{"line":184,"column":35}},"74":{"start":{"line":187,"column":4},"end":{"line":192,"column":7}},"75":{"start":{"line":195,"column":10},"end":{"line":199,"column":null}},"76":{"start":{"line":196,"column":4},"end":{"line":198,"column":7}},"77":{"start":{"line":51,"column":4},"end":{"line":58,"column":6}},"78":{"start":{"line":61,"column":2},"end":{"line":65,"column":null}},"79":{"start":{"line":62,"column":4},"end":{"line":64,"column":null}},"80":{"start":{"line":63,"column":6},"end":{"line":63,"column":46}},"81":{"start":{"line":201,"column":9},"end":{"line":319,"column":null}},"82":{"start":{"line":201,"column":2},"end":{"line":201,"column":9}},"83":{"start":{"line":202,"column":34},"end":{"line":202,"column":44}},"84":{"start":{"line":202,"column":20},"end":{"line":202,"column":22}},"85":{"start":{"line":202,"column":29},"end":{"line":202,"column":34}},"86":{"start":{"line":203,"column":4},"end":{"line":318,"column":6}},"87":{"start":{"line":209,"column":28},"end":{"line":209,"column":null}},"88":{"start":{"line":212,"column":61},"end":{"line":212,"column":null}},"89":{"start":{"line":243,"column":22},"end":{"line":246,"column":null}},"90":{"start":{"line":244,"column":24},"end":{"line":244,"column":44}},"91":{"start":{"line":245,"column":24},"end":{"line":245,"column":63}},"92":{"start":{"line":259,"column":22},"end":{"line":270,"column":24}},"93":{"start":{"line":262,"column":42},"end":{"line":262,"column":null}},"94":{"start":{"line":320,"column":0},"end":{"line":320,"column":null}},"95":{"start":{"line":322,"column":0},"end":{"line":322,"column":62}}},"fnMap":{"0":{"name":"(anonymous_26)","decl":{"start":{"line":47,"column":0},"end":{"line":47,"column":32}},"loc":{"start":{"line":47,"column":0},"end":{"line":320,"column":null}}},"1":{"name":"ActionItemDisplay","decl":{"start":{"line":48,"column":2},"end":{"line":48,"column":14}},"loc":{"start":{"line":48,"column":43},"end":{"line":59,"column":1}}},"2":{"name":"(anonymous_28)","decl":{"start":{"line":69,"column":36},"end":{"line":69,"column":43}},"loc":{"start":{"line":69,"column":67},"end":{"line":90,"column":null}}},"3":{"name":"(anonymous_29)","decl":{"start":{"line":69,"column":67},"end":{"line":69,"column":null}},"loc":{"start":{"line":69,"column":67},"end":{"line":90,"column":null}}},"4":{"name":"(anonymous_31)","decl":{"start":{"line":92,"column":35},"end":{"line":92,"column":null}},"loc":{"start":{"line":92,"column":35},"end":{"line":96,"column":3}}},"5":{"name":"(anonymous_32)","decl":{"start":{"line":93,"column":38},"end":{"line":93,"column":39}},"loc":{"start":{"line":93,"column":43},"end":{"line":95,"column":5}}},"6":{"name":"(anonymous_33)","decl":{"start":{"line":98,"column":31},"end":{"line":98,"column":32}},"loc":{"start":{"line":98,"column":77},"end":{"line":111,"column":3}}},"7":{"name":"(anonymous_34)","decl":{"start":{"line":113,"column":26},"end":{"line":113,"column":27}},"loc":{"start":{"line":113,"column":51},"end":{"line":115,"column":3}}},"8":{"name":"(anonymous_35)","decl":{"start":{"line":117,"column":37},"end":{"line":117,"column":38}},"loc":{"start":{"line":117,"column":80},"end":{"line":119,"column":3}}},"9":{"name":"(anonymous_36)","decl":{"start":{"line":121,"column":32},"end":{"line":121,"column":null}},"loc":{"start":{"line":121,"column":32},"end":{"line":125,"column":3}}},"10":{"name":"(anonymous_37)","decl":{"start":{"line":127,"column":34},"end":{"line":127,"column":null}},"loc":{"start":{"line":127,"column":34},"end":{"line":131,"column":3}}},"11":{"name":"(anonymous_38)","decl":{"start":{"line":128,"column":18},"end":{"line":128,"column":19}},"loc":{"start":{"line":128,"column":28},"end":{"line":130,"column":5}}},"12":{"name":"(anonymous_39)","decl":{"start":{"line":133,"column":41},"end":{"line":133,"column":42}},"loc":{"start":{"line":133,"column":84},"end":{"line":137,"column":3}}},"13":{"name":"(anonymous_40)","decl":{"start":{"line":139,"column":36},"end":{"line":139,"column":37}},"loc":{"start":{"line":139,"column":176},"end":{"line":143,"column":3}}},"14":{"name":"(anonymous_41)","decl":{"start":{"line":145,"column":30},"end":{"line":145,"column":37}},"loc":{"start":{"line":145,"column":99},"end":{"line":170,"column":null}}},"15":{"name":"(anonymous_42)","decl":{"start":{"line":145,"column":99},"end":{"line":145,"column":null}},"loc":{"start":{"line":145,"column":99},"end":{"line":170,"column":null}}},"16":{"name":"(anonymous_44)","decl":{"start":{"line":172,"column":33},"end":{"line":172,"column":null}},"loc":{"start":{"line":172,"column":33},"end":{"line":180,"column":null}}},"17":{"name":"(anonymous_47)","decl":{"start":{"line":182,"column":44},"end":{"line":182,"column":45}},"loc":{"start":{"line":182,"column":163},"end":{"line":193,"column":3}}},"18":{"name":"(anonymous_48)","decl":{"start":{"line":195,"column":42},"end":{"line":195,"column":null}},"loc":{"start":{"line":195,"column":42},"end":{"line":199,"column":3}}},"19":{"name":"(anonymous_49)","decl":{"start":{"line":61,"column":2},"end":{"line":61,"column":19}},"loc":{"start":{"line":61,"column":2},"end":{"line":65,"column":3}}},"20":{"name":"(anonymous_50)","decl":{"start":{"line":201,"column":2},"end":{"line":201,"column":9}},"loc":{"start":{"line":201,"column":2},"end":{"line":319,"column":3}}},"21":{"name":"(anonymous_51)","decl":{"start":{"line":209,"column":19},"end":{"line":209,"column":20}},"loc":{"start":{"line":209,"column":23},"end":{"line":209,"column":32}}},"22":{"name":"(anonymous_52)","decl":{"start":{"line":212,"column":30},"end":{"line":212,"column":31}},"loc":{"start":{"line":212,"column":56},"end":{"line":212,"column":65}}},"23":{"name":"(anonymous_53)","decl":{"start":{"line":242,"column":31},"end":{"line":242,"column":32}},"loc":{"start":{"line":242,"column":33},"end":{"line":247,"column":21}}},"24":{"name":"(anonymous_54)","decl":{"start":{"line":258,"column":34},"end":{"line":258,"column":35}},"loc":{"start":{"line":258,"column":53},"end":{"line":271,"column":21}}},"25":{"name":"(anonymous_55)","decl":{"start":{"line":262,"column":35},"end":{"line":262,"column":36}},"loc":{"start":{"line":262,"column":37},"end":{"line":262,"column":46}}}},"branchMap":{"0":{"loc":{"start":{"line":49,"column":4},"end":{"line":49,"column":null}},"type":"binary-expr","locations":[{"start":{"line":49,"column":4},"end":{"line":49,"column":16}},{"start":{"line":49,"column":16},"end":{"line":49,"column":null}}]},"1":{"loc":{"start":{"line":70,"column":21},"end":{"line":70,"column":null}},"type":"switch","locations":[{"start":{"line":70,"column":21},"end":{"line":70,"column":null}}]},"2":{"loc":{"start":{"line":85,"column":8},"end":{"line":85,"column":16}},"type":"if","locations":[{"start":{"line":85,"column":8},"end":{"line":85,"column":16}}]},"3":{"loc":{"start":{"line":134,"column":4},"end":{"line":136,"column":null}},"type":"if","locations":[{"start":{"line":134,"column":4},"end":{"line":136,"column":null}}]},"4":{"loc":{"start":{"line":140,"column":4},"end":{"line":140,"column":36}},"type":"binary-expr","locations":[{"start":{"line":140,"column":4},"end":{"line":140,"column":9}},{"start":{"line":140,"column":13},"end":{"line":140,"column":36}}]},"5":{"loc":{"start":{"line":146,"column":4},"end":{"line":152,"column":null}},"type":"if","locations":[{"start":{"line":146,"column":4},"end":{"line":152,"column":null}}]},"6":{"loc":{"start":{"line":146,"column":8},"end":{"line":146,"column":37}},"type":"binary-expr","locations":[{"start":{"line":146,"column":8},"end":{"line":146,"column":17}},{"start":{"line":146,"column":21},"end":{"line":146,"column":37}}]},"7":{"loc":{"start":{"line":156,"column":4},"end":{"line":162,"column":null}},"type":"if","locations":[{"start":{"line":156,"column":4},"end":{"line":162,"column":null}}]},"8":{"loc":{"start":{"line":167,"column":22},"end":{"line":167,"column":54}},"type":"cond-expr","locations":[{"start":{"line":167,"column":36},"end":{"line":167,"column":47}},{"start":{"line":167,"column":50},"end":{"line":167,"column":54}}]},"9":{"loc":{"start":{"line":175,"column":8},"end":{"line":175,"column":12}},"type":"if","locations":[{"start":{"line":175,"column":8},"end":{"line":175,"column":12}}]},"10":{"loc":{"start":{"line":182,"column":45},"end":{"line":182,"column":null}},"type":"if","locations":[{"start":{"line":182,"column":45},"end":{"line":182,"column":null}}]},"11":{"loc":{"start":{"line":183,"column":4},"end":{"line":185,"column":null}},"type":"if","locations":[{"start":{"line":183,"column":4},"end":{"line":185,"column":null}}]},"12":{"loc":{"start":{"line":62,"column":4},"end":{"line":64,"column":null}},"type":"if","locations":[{"start":{"line":62,"column":4},"end":{"line":64,"column":null}}]},"13":{"loc":{"start":{"line":205,"column":9},"end":{"line":274,"column":null}},"type":"binary-expr","locations":[{"start":{"line":205,"column":9},"end":{"line":205,"column":41}},{"start":{"line":206,"column":10},"end":{"line":274,"column":null}}]},"14":{"loc":{"start":{"line":224,"column":13},"end":{"line":273,"column":null}},"type":"binary-expr","locations":[{"start":{"line":224,"column":13},"end":{"line":224,"column":56}},{"start":{"line":225,"column":14},"end":{"line":273,"column":null}}]},"15":{"loc":{"start":{"line":243,"column":22},"end":{"line":246,"column":null}},"type":"if","locations":[{"start":{"line":243,"column":22},"end":{"line":246,"column":null}}]},"16":{"loc":{"start":{"line":300,"column":14},"end":{"line":300,"column":156}},"type":"binary-expr","locations":[{"start":{"line":300,"column":14},"end":{"line":300,"column":55}},{"start":{"line":300,"column":59},"end":{"line":300,"column":156}}]},"17":{"loc":{"start":{"line":305,"column":14},"end":{"line":305,"column":136}},"type":"binary-expr","locations":[{"start":{"line":305,"column":14},"end":{"line":305,"column":47}},{"start":{"line":305,"column":51},"end":{"line":305,"column":76}},{"start":{"line":305,"column":80},"end":{"line":305,"column":136}}]},"18":{"loc":{"start":{"line":308,"column":14},"end":{"line":309,"column":127}},"type":"binary-expr","locations":[{"start":{"line":308,"column":14},"end":{"line":308,"column":47}},{"start":{"line":308,"column":51},"end":{"line":308,"column":77}},{"start":{"line":309,"column":14},"end":{"line":309,"column":127}}]}},"s":{"0":4,"1":4,"2":4,"3":4,"4":4,"5":4,"6":4,"7":4,"8":4,"9":4,"10":4,"11":4,"12":4,"13":4,"14":4,"15":4,"16":4,"17":1,"18":1,"19":0,"20":0,"21":0,"22":0,"23":0,"24":0,"25":0,"26":0,"27":0,"28":0,"29":0,"30":1,"31":2,"32":0,"33":1,"34":0,"35":1,"36":0,"37":1,"38":0,"39":1,"40":0,"41":1,"42":0,"43":0,"44":1,"45":0,"46":0,"47":1,"48":0,"49":0,"50":0,"51":1,"52":0,"53":0,"54":0,"55":0,"56":0,"57":0,"58":0,"59":0,"60":0,"61":0,"62":0,"63":1,"64":0,"65":0,"66":0,"67":0,"68":0,"69":0,"70":1,"71":0,"72":0,"73":0,"74":0,"75":1,"76":0,"77":1,"78":4,"79":1,"80":1,"81":4,"82":2,"83":2,"84":2,"85":2,"86":2,"87":0,"88":0,"89":0,"90":0,"91":0,"92":0,"93":0,"94":4,"95":4},"f":{"0":4,"1":1,"2":0,"3":0,"4":2,"5":0,"6":0,"7":0,"8":0,"9":0,"10":0,"11":0,"12":0,"13":0,"14":0,"15":0,"16":0,"17":0,"18":0,"19":1,"20":2,"21":0,"22":0,"23":0,"24":0,"25":0},"b":{"0":[1,1],"1":[0],"2":[0],"3":[0],"4":[0,0],"5":[0],"6":[0,0],"7":[0],"8":[0,0],"9":[0],"10":[0],"11":[0],"12":[1],"13":[2,0],"14":[0,0],"15":[0],"16":[2,0],"17":[2,0,0],"18":[2,0,0]}}
,"/workspaces/temp4/RetrospectiveExtension.Frontend/components/boardSummary.tsx": {"path":"/workspaces/temp4/RetrospectiveExtension.Frontend/components/boardSummary.tsx","statementMap":{"0":{"start":{"line":1,"column":1},"end":{"line":1,"column":32}},"1":{"start":{"line":2,"column":0},"end":{"line":2,"column":56}},"2":{"start":{"line":4,"column":0},"end":{"line":4,"column":null}},"3":{"start":{"line":9,"column":0},"end":{"line":9,"column":57}},"4":{"start":{"line":10,"column":0},"end":{"line":10,"column":121}},"5":{"start":{"line":11,"column":0},"end":{"line":11,"column":null}},"6":{"start":{"line":17,"column":0},"end":{"line":17,"column":73}},"7":{"start":{"line":18,"column":0},"end":{"line":18,"column":68}},"8":{"start":{"line":55,"column":0},"end":{"line":55,"column":82}},"9":{"start":{"line":55,"column":27},"end":{"line":55,"column":32}},"10":{"start":{"line":57,"column":4},"end":{"line":57,"column":null}},"11":{"start":{"line":154,"column":10},"end":{"line":162,"column":null}},"12":{"start":{"line":155,"column":39},"end":{"line":155,"column":103}},"13":{"start":{"line":155,"column":85},"end":{"line":155,"column":103}},"14":{"start":{"line":157,"column":4},"end":{"line":161,"column":6}},"15":{"start":{"line":164,"column":10},"end":{"line":188,"column":null}},"16":{"start":{"line":165,"column":28},"end":{"line":165,"column":63}},"17":{"start":{"line":167,"column":4},"end":{"line":185,"column":7}},"18":{"start":{"line":168,"column":43},"end":{"line":182,"column":8}},"19":{"start":{"line":177,"column":44},"end":{"line":181,"column":null}},"20":{"start":{"line":179,"column":33},"end":{"line":179,"column":null}},"21":{"start":{"line":179,"column":16},"end":{"line":179,"column":null}},"22":{"start":{"line":180,"column":10},"end":{"line":180,"column":48}},"23":{"start":{"line":184,"column":6},"end":{"line":184,"column":33}},"24":{"start":{"line":187,"column":4},"end":{"line":187,"column":27}},"25":{"start":{"line":190,"column":10},"end":{"line":213,"column":null}},"26":{"start":{"line":191,"column":24},"end":{"line":191,"column":55}},"27":{"start":{"line":192,"column":25},"end":{"line":192,"column":44}},"28":{"start":{"line":194,"column":39},"end":{"line":194,"column":80}},"29":{"start":{"line":195,"column":32},"end":{"line":197,"column":9}},"30":{"start":{"line":196,"column":6},"end":{"line":196,"column":40}},"31":{"start":{"line":198,"column":4},"end":{"line":206,"column":7}},"32":{"start":{"line":199,"column":6},"end":{"line":205,"column":null}},"33":{"start":{"line":200,"column":8},"end":{"line":200,"column":71}},"34":{"start":{"line":201,"column":8},"end":{"line":201,"column":35}},"35":{"start":{"line":203,"column":8},"end":{"line":203,"column":32}},"36":{"start":{"line":204,"column":8},"end":{"line":204,"column":41}},"37":{"start":{"line":208,"column":4},"end":{"line":208,"column":125}},"38":{"start":{"line":209,"column":4},"end":{"line":212,"column":7}},"39":{"start":{"line":215,"column":10},"end":{"line":218,"column":null}},"40":{"start":{"line":215,"column":53},"end":{"line":218,"column":null}},"41":{"start":{"line":216,"column":27},"end":{"line":216,"column":null}},"42":{"start":{"line":216,"column":10},"end":{"line":216,"column":null}},"43":{"start":{"line":217,"column":4},"end":{"line":217,"column":47}},"44":{"start":{"line":220,"column":10},"end":{"line":242,"column":null}},"45":{"start":{"line":220,"column":96},"end":{"line":220,"column":null}},"46":{"start":{"line":221,"column":4},"end":{"line":241,"column":null}},"47":{"start":{"line":222,"column":6},"end":{"line":230,"column":9}},"48":{"start":{"line":223,"column":8},"end":{"line":225,"column":null}},"49":{"start":{"line":224,"column":10},"end":{"line":224,"column":19}},"50":{"start":{"line":226,"column":8},"end":{"line":228,"column":null}},"51":{"start":{"line":227,"column":10},"end":{"line":227,"column":20}},"52":{"start":{"line":229,"column":8},"end":{"line":229,"column":17}},"53":{"start":{"line":232,"column":6},"end":{"line":240,"column":9}},"54":{"start":{"line":233,"column":8},"end":{"line":235,"column":null}},"55":{"start":{"line":234,"column":10},"end":{"line":234,"column":20}},"56":{"start":{"line":236,"column":8},"end":{"line":238,"column":null}},"57":{"start":{"line":237,"column":10},"end":{"line":237,"column":19}},"58":{"start":{"line":239,"column":8},"end":{"line":239,"column":17}},"59":{"start":{"line":59,"column":47},"end":{"line":140,"column":6}},"60":{"start":{"line":70,"column":10},"end":{"line":70,"column":107}},"61":{"start":{"line":83,"column":10},"end":{"line":83,"column":155}},"62":{"start":{"line":83,"column":31},"end":{"line":83,"column":89}},"63":{"start":{"line":83,"column":45},"end":{"line":83,"column":85}},"64":{"start":{"line":115,"column":30},"end":{"line":115,"column":57}},"65":{"start":{"line":116,"column":10},"end":{"line":116,"column":166}},"66":{"start":{"line":142,"column":4},"end":{"line":145,"column":6}},"67":{"start":{"line":148,"column":9},"end":{"line":152,"column":null}},"68":{"start":{"line":149,"column":33},"end":{"line":149,"column":60}},"69":{"start":{"line":151,"column":4},"end":{"line":151,"column":44}},"70":{"start":{"line":244,"column":9},"end":{"line":303,"column":null}},"71":{"start":{"line":245,"column":4},"end":{"line":302,"column":6}},"72":{"start":{"line":304,"column":0},"end":{"line":304,"column":null}},"73":{"start":{"line":306,"column":0},"end":{"line":306,"column":57}}},"fnMap":{"0":{"name":"(anonymous_25)","decl":{"start":{"line":55,"column":0},"end":{"line":55,"column":27}},"loc":{"start":{"line":55,"column":0},"end":{"line":304,"column":null}}},"1":{"name":"BoardSummary","decl":{"start":{"line":56,"column":2},"end":{"line":56,"column":14}},"loc":{"start":{"line":56,"column":39},"end":{"line":146,"column":3}}},"2":{"name":"(anonymous_27)","decl":{"start":{"line":154,"column":35},"end":{"line":154,"column":36}},"loc":{"start":{"line":154,"column":48},"end":{"line":162,"column":3}}},"3":{"name":"(anonymous_28)","decl":{"start":{"line":155,"column":78},"end":{"line":155,"column":81}},"loc":{"start":{"line":155,"column":81},"end":{"line":155,"column":88}}},"4":{"name":"(anonymous_29)","decl":{"start":{"line":164,"column":33},"end":{"line":164,"column":null}},"loc":{"start":{"line":164,"column":33},"end":{"line":188,"column":3}}},"5":{"name":"(anonymous_30)","decl":{"start":{"line":167,"column":35},"end":{"line":167,"column":43}},"loc":{"start":{"line":167,"column":43},"end":{"line":185,"column":5}}},"6":{"name":"(anonymous_31)","decl":{"start":{"line":177,"column":27},"end":{"line":177,"column":34}},"loc":{"start":{"line":177,"column":44},"end":{"line":181,"column":null}}},"7":{"name":"(anonymous_32)","decl":{"start":{"line":177,"column":44},"end":{"line":177,"column":null}},"loc":{"start":{"line":177,"column":44},"end":{"line":181,"column":null}}},"8":{"name":"(anonymous_34)","decl":{"start":{"line":190,"column":26},"end":{"line":190,"column":27}},"loc":{"start":{"line":190,"column":77},"end":{"line":213,"column":3}}},"9":{"name":"(anonymous_35)","decl":{"start":{"line":195,"column":55},"end":{"line":195,"column":56}},"loc":{"start":{"line":195,"column":72},"end":{"line":197,"column":5}}},"10":{"name":"(anonymous_36)","decl":{"start":{"line":198,"column":28},"end":{"line":198,"column":29}},"loc":{"start":{"line":198,"column":44},"end":{"line":206,"column":5}}},"11":{"name":"(anonymous_37)","decl":{"start":{"line":215,"column":26},"end":{"line":215,"column":33}},"loc":{"start":{"line":215,"column":53},"end":{"line":218,"column":null}}},"12":{"name":"(anonymous_38)","decl":{"start":{"line":215,"column":53},"end":{"line":215,"column":null}},"loc":{"start":{"line":215,"column":53},"end":{"line":218,"column":null}}},"13":{"name":"(anonymous_40)","decl":{"start":{"line":220,"column":36},"end":{"line":220,"column":37}},"loc":{"start":{"line":220,"column":114},"end":{"line":242,"column":3}}},"14":{"name":"(anonymous_41)","decl":{"start":{"line":222,"column":30},"end":{"line":222,"column":31}},"loc":{"start":{"line":222,"column":91},"end":{"line":230,"column":7}}},"15":{"name":"(anonymous_42)","decl":{"start":{"line":232,"column":30},"end":{"line":232,"column":31}},"loc":{"start":{"line":232,"column":91},"end":{"line":240,"column":7}}},"16":{"name":"(anonymous_43)","decl":{"start":{"line":69,"column":18},"end":{"line":69,"column":19}},"loc":{"start":{"line":69,"column":24},"end":{"line":71,"column":9}}},"17":{"name":"(anonymous_44)","decl":{"start":{"line":82,"column":18},"end":{"line":82,"column":19}},"loc":{"start":{"line":82,"column":48},"end":{"line":84,"column":9}}},"18":{"name":"(anonymous_45)","decl":{"start":{"line":83,"column":31},"end":{"line":83,"column":45}},"loc":{"start":{"line":83,"column":31},"end":{"line":83,"column":89}}},"19":{"name":"(anonymous_48)","decl":{"start":{"line":114,"column":18},"end":{"line":114,"column":19}},"loc":{"start":{"line":114,"column":48},"end":{"line":117,"column":9}}},"20":{"name":"(anonymous_49)","decl":{"start":{"line":148,"column":2},"end":{"line":148,"column":9}},"loc":{"start":{"line":148,"column":2},"end":{"line":152,"column":3}}},"21":{"name":"(anonymous_50)","decl":{"start":{"line":244,"column":2},"end":{"line":244,"column":9}},"loc":{"start":{"line":244,"column":2},"end":{"line":303,"column":3}}}},"branchMap":{"0":{"loc":{"start":{"line":57,"column":4},"end":{"line":57,"column":null}},"type":"binary-expr","locations":[{"start":{"line":57,"column":4},"end":{"line":57,"column":17}},{"start":{"line":57,"column":17},"end":{"line":57,"column":null}}]},"1":{"loc":{"start":{"line":179,"column":33},"end":{"line":179,"column":null}},"type":"switch","locations":[{"start":{"line":179,"column":33},"end":{"line":179,"column":null}}]},"2":{"loc":{"start":{"line":199,"column":6},"end":{"line":205,"column":null}},"type":"if","locations":[{"start":{"line":199,"column":6},"end":{"line":205,"column":null}},{"start":{"line":202,"column":13},"end":{"line":205,"column":null}}]},"3":{"loc":{"start":{"line":208,"column":66},"end":{"line":208,"column":92}},"type":"binary-expr","locations":[{"start":{"line":208,"column":66},"end":{"line":208,"column":86}},{"start":{"line":208,"column":90},"end":{"line":208,"column":92}}]},"4":{"loc":{"start":{"line":216,"column":27},"end":{"line":216,"column":null}},"type":"switch","locations":[{"start":{"line":216,"column":27},"end":{"line":216,"column":null}}]},"5":{"loc":{"start":{"line":220,"column":96},"end":{"line":220,"column":null}},"type":"if","locations":[{"start":{"line":220,"column":96},"end":{"line":220,"column":null}}]},"6":{"loc":{"start":{"line":221,"column":4},"end":{"line":241,"column":null}},"type":"if","locations":[{"start":{"line":221,"column":4},"end":{"line":241,"column":null}},{"start":{"line":231,"column":11},"end":{"line":241,"column":null}}]},"7":{"loc":{"start":{"line":223,"column":8},"end":{"line":225,"column":null}},"type":"if","locations":[{"start":{"line":223,"column":8},"end":{"line":225,"column":null}}]},"8":{"loc":{"start":{"line":226,"column":8},"end":{"line":228,"column":null}},"type":"if","locations":[{"start":{"line":226,"column":8},"end":{"line":228,"column":null}}]},"9":{"loc":{"start":{"line":233,"column":8},"end":{"line":235,"column":null}},"type":"if","locations":[{"start":{"line":233,"column":8},"end":{"line":235,"column":null}}]},"10":{"loc":{"start":{"line":236,"column":8},"end":{"line":238,"column":null}},"type":"if","locations":[{"start":{"line":236,"column":8},"end":{"line":238,"column":null}}]},"11":{"loc":{"start":{"line":83,"column":45},"end":{"line":83,"column":85}},"type":"switch","locations":[{"start":{"line":83,"column":45},"end":{"line":83,"column":85}}]},"12":{"loc":{"start":{"line":268,"column":39},"end":{"line":268,"column":110}},"type":"cond-expr","locations":[{"start":{"line":268,"column":78},"end":{"line":268,"column":105}},{"start":{"line":268,"column":108},"end":{"line":268,"column":110}}]},"13":{"loc":{"start":{"line":276,"column":39},"end":{"line":276,"column":102}},"type":"cond-expr","locations":[{"start":{"line":276,"column":81},"end":{"line":276,"column":97}},{"start":{"line":276,"column":100},"end":{"line":276,"column":102}}]},"14":{"loc":{"start":{"line":284,"column":12},"end":{"line":294,"column":51}},"type":"binary-expr","locations":[{"start":{"line":284,"column":12},"end":{"line":284,"column":45}},{"start":{"line":285,"column":12},"end":{"line":294,"column":51}}]},"15":{"loc":{"start":{"line":297,"column":12},"end":{"line":298,"column":104}},"type":"binary-expr","locations":[{"start":{"line":297,"column":12},"end":{"line":297,"column":47}},{"start":{"line":298,"column":12},"end":{"line":298,"column":104}}]}},"s":{"0":2,"1":2,"2":2,"3":2,"4":2,"5":2,"6":2,"7":2,"8":2,"9":2,"10":4,"11":4,"12":2,"13":2,"14":2,"15":4,"16":4,"17":4,"18":2,"19":0,"20":0,"21":0,"22":0,"23":2,"24":4,"25":4,"26":0,"27":0,"28":0,"29":0,"30":0,"31":0,"32":0,"33":0,"34":0,"35":0,"36":0,"37":0,"38":0,"39":4,"40":0,"41":0,"42":0,"43":0,"44":4,"45":0,"46":0,"47":0,"48":0,"49":0,"50":0,"51":0,"52":0,"53":0,"54":0,"55":0,"56":0,"57":0,"58":0,"59":4,"60":0,"61":0,"62":0,"63":0,"64":0,"65":0,"66":4,"67":2,"68":4,"69":4,"70":2,"71":8,"72":2,"73":2},"f":{"0":2,"1":4,"2":2,"3":2,"4":4,"5":2,"6":0,"7":0,"8":0,"9":0,"10":0,"11":0,"12":0,"13":0,"14":0,"15":0,"16":0,"17":0,"18":0,"19":0,"20":4,"21":8},"b":{"0":[4,4],"1":[0],"2":[0,0],"3":[0,0],"4":[0],"5":[0],"6":[0,0],"7":[0],"8":[0],"9":[0],"10":[0],"11":[0],"12":[4,4],"13":[4,4],"14":[8,4],"15":[8,4]}}
,"/workspaces/temp4/RetrospectiveExtension.Frontend/components/boardSummaryTable.tsx": {"path":"/workspaces/temp4/RetrospectiveExtension.Frontend/components/boardSummaryTable.tsx","statementMap":{"0":{"start":{"line":1,"column":0},"end":{"line":1,"column":31}},"1":{"start":{"line":3,"column":0},"end":{"line":3,"column":55}},"2":{"start":{"line":5,"column":0},"end":{"line":5,"column":57}},"3":{"start":{"line":6,"column":0},"end":{"line":6,"column":68}},"4":{"start":{"line":7,"column":0},"end":{"line":7,"column":42}},"5":{"start":{"line":9,"column":0},"end":{"line":9,"column":36}},"6":{"start":{"line":11,"column":0},"end":{"line":11,"column":39}},"7":{"start":{"line":13,"column":0},"end":{"line":13,"column":38}},"8":{"start":{"line":14,"column":0},"end":{"line":14,"column":73}},"9":{"start":{"line":15,"column":0},"end":{"line":15,"column":68}},"10":{"start":{"line":48,"column":0},"end":{"line":48,"column":97}},"11":{"start":{"line":48,"column":32},"end":{"line":48,"column":37}},"12":{"start":{"line":50,"column":4},"end":{"line":50,"column":null}},"13":{"start":{"line":80,"column":10},"end":{"line":121,"column":null}},"14":{"start":{"line":80,"column":27},"end":{"line":121,"column":null}},"15":{"start":{"line":81,"column":26},"end":{"line":81,"column":null}},"16":{"start":{"line":81,"column":10},"end":{"line":81,"column":null}},"17":{"start":{"line":82,"column":4},"end":{"line":85,"column":null}},"18":{"start":{"line":83,"column":6},"end":{"line":83,"column":66}},"19":{"start":{"line":84,"column":6},"end":{"line":84,"column":13}},"20":{"start":{"line":87,"column":4},"end":{"line":120,"column":7}},"21":{"start":{"line":88,"column":31},"end":{"line":88,"column":66}},"22":{"start":{"line":89,"column":50},"end":{"line":89,"column":52}},"23":{"start":{"line":91,"column":6},"end":{"line":108,"column":9}},"24":{"start":{"line":92,"column":57},"end":{"line":99,"column":10}},"25":{"start":{"line":101,"column":8},"end":{"line":101,"column":48}},"26":{"start":{"line":103,"column":36},"end":{"line":103,"column":57}},"27":{"start":{"line":104,"column":8},"end":{"line":107,"column":10}},"28":{"start":{"line":110,"column":6},"end":{"line":112,"column":9}},"29":{"start":{"line":111,"column":8},"end":{"line":111,"column":89}},"30":{"start":{"line":114,"column":6},"end":{"line":119,"column":8}},"31":{"start":{"line":123,"column":10},"end":{"line":133,"column":4}},"32":{"start":{"line":123,"column":27},"end":{"line":133,"column":4}},"33":{"start":{"line":124,"column":10},"end":{"line":124,"column":53}},"34":{"start":{"line":126,"column":4},"end":{"line":128,"column":8}},"35":{"start":{"line":126,"column":61},"end":{"line":128,"column":6}},"36":{"start":{"line":127,"column":6},"end":{"line":127,"column":49}},"37":{"start":{"line":130,"column":4},"end":{"line":132,"column":7}},"38":{"start":{"line":135,"column":10},"end":{"line":206,"column":4}},"39":{"start":{"line":135,"column":56},"end":{"line":206,"column":4}},"40":{"start":{"line":136,"column":26},"end":{"line":136,"column":null}},"41":{"start":{"line":136,"column":10},"end":{"line":136,"column":null}},"42":{"start":{"line":138,"column":4},"end":{"line":140,"column":null}},"43":{"start":{"line":139,"column":6},"end":{"line":139,"column":13}},"44":{"start":{"line":142,"column":10},"end":{"line":142,"column":80}},"45":{"start":{"line":144,"column":4},"end":{"line":147,"column":8}},"46":{"start":{"line":144,"column":79},"end":{"line":147,"column":6}},"47":{"start":{"line":145,"column":33},"end":{"line":145,"column":null}},"48":{"start":{"line":145,"column":12},"end":{"line":145,"column":null}},"49":{"start":{"line":146,"column":6},"end":{"line":146,"column":70}},"50":{"start":{"line":149,"column":4},"end":{"line":195,"column":8}},"51":{"start":{"line":149,"column":59},"end":{"line":195,"column":6}},"52":{"start":{"line":150,"column":6},"end":{"line":152,"column":null}},"53":{"start":{"line":151,"column":8},"end":{"line":151,"column":15}},"54":{"start":{"line":154,"column":24},"end":{"line":154,"column":null}},"55":{"start":{"line":154,"column":12},"end":{"line":154,"column":null}},"56":{"start":{"line":155,"column":6},"end":{"line":157,"column":null}},"57":{"start":{"line":156,"column":8},"end":{"line":156,"column":14}},"58":{"start":{"line":159,"column":6},"end":{"line":194,"column":null}},"59":{"start":{"line":160,"column":43},"end":{"line":160,"column":88}},"60":{"start":{"line":161,"column":29},"end":{"line":161,"column":85}},"61":{"start":{"line":162,"column":8},"end":{"line":162,"column":62}},"62":{"start":{"line":163,"column":8},"end":{"line":163,"column":55}},"63":{"start":{"line":165,"column":33},"end":{"line":174,"column":10}},"64":{"start":{"line":166,"column":25},"end":{"line":166,"column":176}},"65":{"start":{"line":166,"column":118},"end":{"line":166,"column":176}},"66":{"start":{"line":167,"column":10},"end":{"line":169,"column":null}},"67":{"start":{"line":168,"column":12},"end":{"line":168,"column":29}},"68":{"start":{"line":171,"column":10},"end":{"line":171,"column":22}},"69":{"start":{"line":173,"column":10},"end":{"line":173,"column":116}},"70":{"start":{"line":176,"column":38},"end":{"line":176,"column":61}},"71":{"start":{"line":177,"column":36},"end":{"line":177,"column":55}},"72":{"start":{"line":180,"column":10},"end":{"line":188,"column":19}},"73":{"start":{"line":181,"column":20},"end":{"line":188,"column":19}},"74":{"start":{"line":190,"column":8},"end":{"line":193,"column":10}},"75":{"start":{"line":197,"column":4},"end":{"line":205,"column":7}},"76":{"start":{"line":198,"column":6},"end":{"line":204,"column":8}},"77":{"start":{"line":199,"column":65},"end":{"line":203,"column":19}},"78":{"start":{"line":208,"column":2},"end":{"line":225,"column":4}},"79":{"start":{"line":216,"column":4},"end":{"line":224,"column":8}},"80":{"start":{"line":228,"column":10},"end":{"line":239,"column":null}},"81":{"start":{"line":229,"column":25},"end":{"line":229,"column":31}},"82":{"start":{"line":230,"column":17},"end":{"line":230,"column":39}},"83":{"start":{"line":231,"column":14},"end":{"line":231,"column":58}},"84":{"start":{"line":233,"column":4},"end":{"line":238,"column":7}},"85":{"start":{"line":242,"column":10},"end":{"line":255,"column":4}},"86":{"start":{"line":243,"column":4},"end":{"line":254,"column":6}},"87":{"start":{"line":245,"column":8},"end":{"line":245,"column":56}},"88":{"start":{"line":250,"column":8},"end":{"line":252,"column":null}},"89":{"start":{"line":251,"column":10},"end":{"line":251,"column":58}},"90":{"start":{"line":258,"column":10},"end":{"line":271,"column":4}},"91":{"start":{"line":260,"column":6},"end":{"line":261,"column":20}},"92":{"start":{"line":263,"column":33},"end":{"line":263,"column":74}},"93":{"start":{"line":264,"column":22},"end":{"line":264,"column":159}},"94":{"start":{"line":266,"column":4},"end":{"line":270,"column":6}},"95":{"start":{"line":273,"column":10},"end":{"line":277,"column":4}},"96":{"start":{"line":274,"column":4},"end":{"line":276,"column":6}},"97":{"start":{"line":280,"column":10},"end":{"line":284,"column":4}},"98":{"start":{"line":280,"column":52},"end":{"line":284,"column":4}},"99":{"start":{"line":52,"column":4},"end":{"line":58,"column":6}},"100":{"start":{"line":61,"column":15},"end":{"line":70,"column":null}},"101":{"start":{"line":63,"column":6},"end":{"line":63,"column":34}},"102":{"start":{"line":64,"column":6},"end":{"line":64,"column":34}},"103":{"start":{"line":72,"column":15},"end":{"line":77,"column":null}},"104":{"start":{"line":73,"column":8},"end":{"line":73,"column":17}},"105":{"start":{"line":74,"column":6},"end":{"line":74,"column":34}},"106":{"start":{"line":75,"column":6},"end":{"line":75,"column":34}},"107":{"start":{"line":286,"column":9},"end":{"line":352,"column":null}},"108":{"start":{"line":286,"column":2},"end":{"line":286,"column":9}},"109":{"start":{"line":287,"column":4},"end":{"line":351,"column":6}},"110":{"start":{"line":304,"column":16},"end":{"line":306,"column":null}},"111":{"start":{"line":336,"column":33},"end":{"line":336,"column":104}},"112":{"start":{"line":336,"column":75},"end":{"line":336,"column":104}},"113":{"start":{"line":337,"column":32},"end":{"line":337,"column":78}},"114":{"start":{"line":338,"column":12},"end":{"line":347,"column":14}},"115":{"start":{"line":353,"column":0},"end":{"line":353,"column":null}},"116":{"start":{"line":355,"column":0},"end":{"line":355,"column":62}}},"fnMap":{"0":{"name":"(anonymous_28)","decl":{"start":{"line":48,"column":0},"end":{"line":48,"column":32}},"loc":{"start":{"line":48,"column":0},"end":{"line":353,"column":null}}},"1":{"name":"BoardSummaryTable","decl":{"start":{"line":49,"column":2},"end":{"line":49,"column":14}},"loc":{"start":{"line":49,"column":44},"end":{"line":59,"column":3}}},"2":{"name":"(anonymous_30)","decl":{"start":{"line":80,"column":27},"end":{"line":80,"column":null}},"loc":{"start":{"line":80,"column":27},"end":{"line":121,"column":null}}},"3":{"name":"(anonymous_33)","decl":{"start":{"line":87,"column":18},"end":{"line":87,"column":null}},"loc":{"start":{"line":87,"column":18},"end":{"line":120,"column":5}}},"4":{"name":"(anonymous_34)","decl":{"start":{"line":91,"column":28},"end":{"line":91,"column":33}},"loc":{"start":{"line":91,"column":33},"end":{"line":108,"column":7}}},"5":{"name":"(anonymous_35)","decl":{"start":{"line":110,"column":28},"end":{"line":110,"column":29}},"loc":{"start":{"line":110,"column":35},"end":{"line":112,"column":7}}},"6":{"name":"(anonymous_36)","decl":{"start":{"line":123,"column":27},"end":{"line":123,"column":null}},"loc":{"start":{"line":123,"column":27},"end":{"line":133,"column":4}}},"7":{"name":"(anonymous_39)","decl":{"start":{"line":126,"column":41},"end":{"line":126,"column":48}},"loc":{"start":{"line":126,"column":61},"end":{"line":128,"column":6}}},"8":{"name":"(anonymous_40)","decl":{"start":{"line":126,"column":61},"end":{"line":126,"column":null}},"loc":{"start":{"line":126,"column":61},"end":{"line":128,"column":6}}},"9":{"name":"(anonymous_42)","decl":{"start":{"line":135,"column":26},"end":{"line":135,"column":33}},"loc":{"start":{"line":135,"column":56},"end":{"line":206,"column":4}}},"10":{"name":"(anonymous_43)","decl":{"start":{"line":135,"column":56},"end":{"line":135,"column":null}},"loc":{"start":{"line":135,"column":56},"end":{"line":206,"column":4}}},"11":{"name":"(anonymous_45)","decl":{"start":{"line":144,"column":60},"end":{"line":144,"column":67}},"loc":{"start":{"line":144,"column":79},"end":{"line":147,"column":6}}},"12":{"name":"(anonymous_46)","decl":{"start":{"line":144,"column":79},"end":{"line":144,"column":null}},"loc":{"start":{"line":144,"column":79},"end":{"line":147,"column":6}}},"13":{"name":"(anonymous_48)","decl":{"start":{"line":149,"column":40},"end":{"line":149,"column":47}},"loc":{"start":{"line":149,"column":59},"end":{"line":195,"column":6}}},"14":{"name":"(anonymous_49)","decl":{"start":{"line":149,"column":59},"end":{"line":149,"column":null}},"loc":{"start":{"line":149,"column":59},"end":{"line":195,"column":6}}},"15":{"name":"(anonymous_51)","decl":{"start":{"line":159,"column":20},"end":{"line":159,"column":29}},"loc":{"start":{"line":159,"column":29},"end":{"line":194,"column":7}}},"16":{"name":"(anonymous_52)","decl":{"start":{"line":165,"column":50},"end":{"line":165,"column":51}},"loc":{"start":{"line":165,"column":62},"end":{"line":172,"column":9}}},"17":{"name":"(anonymous_53)","decl":{"start":{"line":166,"column":99},"end":{"line":166,"column":100}},"loc":{"start":{"line":166,"column":113},"end":{"line":166,"column":131}}},"18":{"name":"(anonymous_54)","decl":{"start":{"line":172,"column":18},"end":{"line":172,"column":19}},"loc":{"start":{"line":172,"column":32},"end":{"line":174,"column":9}}},"19":{"name":"(anonymous_55)","decl":{"start":{"line":181,"column":12},"end":{"line":181,"column":16}},"loc":{"start":{"line":181,"column":16},"end":{"line":181,"column":24}}},"20":{"name":"(anonymous_56)","decl":{"start":{"line":197,"column":18},"end":{"line":197,"column":27}},"loc":{"start":{"line":197,"column":27},"end":{"line":205,"column":5}}},"21":{"name":"(anonymous_57)","decl":{"start":{"line":199,"column":57},"end":{"line":199,"column":61}},"loc":{"start":{"line":199,"column":61},"end":{"line":199,"column":69}}},"22":{"name":"(anonymous_58)","decl":{"start":{"line":208,"column":29},"end":{"line":208,"column":null}},"loc":{"start":{"line":215,"column":30},"end":{"line":225,"column":3}}},"23":{"name":"(anonymous_59)","decl":{"start":{"line":228,"column":29},"end":{"line":228,"column":30}},"loc":{"start":{"line":228,"column":69},"end":{"line":239,"column":3}}},"24":{"name":"(anonymous_60)","decl":{"start":{"line":242,"column":23},"end":{"line":242,"column":24}},"loc":{"start":{"line":242,"column":73},"end":{"line":255,"column":3}}},"25":{"name":"(anonymous_61)","decl":{"start":{"line":244,"column":15},"end":{"line":244,"column":null}},"loc":{"start":{"line":244,"column":15},"end":{"line":246,"column":7}}},"26":{"name":"(anonymous_62)","decl":{"start":{"line":249,"column":18},"end":{"line":249,"column":19}},"loc":{"start":{"line":249,"column":35},"end":{"line":253,"column":7}}},"27":{"name":"(anonymous_63)","decl":{"start":{"line":258,"column":23},"end":{"line":258,"column":24}},"loc":{"start":{"line":258,"column":58},"end":{"line":271,"column":3}}},"28":{"name":"(anonymous_64)","decl":{"start":{"line":273,"column":26},"end":{"line":273,"column":null}},"loc":{"start":{"line":273,"column":26},"end":{"line":277,"column":3}}},"29":{"name":"(anonymous_65)","decl":{"start":{"line":280,"column":36},"end":{"line":280,"column":37}},"loc":{"start":{"line":280,"column":47},"end":{"line":280,"column":null}}},"30":{"name":"(anonymous_66)","decl":{"start":{"line":61,"column":2},"end":{"line":61,"column":15}},"loc":{"start":{"line":61,"column":2},"end":{"line":70,"column":null}}},"31":{"name":"(anonymous_69)","decl":{"start":{"line":72,"column":2},"end":{"line":72,"column":15}},"loc":{"start":{"line":72,"column":68},"end":{"line":77,"column":null}}},"32":{"name":"(anonymous_72)","decl":{"start":{"line":286,"column":2},"end":{"line":286,"column":9}},"loc":{"start":{"line":286,"column":2},"end":{"line":352,"column":3}}},"33":{"name":"(anonymous_73)","decl":{"start":{"line":303,"column":20},"end":{"line":303,"column":21}},"loc":{"start":{"line":303,"column":29},"end":{"line":307,"column":15}}},"34":{"name":"(anonymous_74)","decl":{"start":{"line":335,"column":24},"end":{"line":335,"column":27}},"loc":{"start":{"line":335,"column":27},"end":{"line":348,"column":11}}},"35":{"name":"(anonymous_75)","decl":{"start":{"line":336,"column":66},"end":{"line":336,"column":71}},"loc":{"start":{"line":336,"column":71},"end":{"line":336,"column":80}}}},"branchMap":{"0":{"loc":{"start":{"line":50,"column":4},"end":{"line":50,"column":null}},"type":"binary-expr","locations":[{"start":{"line":50,"column":4},"end":{"line":50,"column":16}},{"start":{"line":50,"column":16},"end":{"line":50,"column":null}}]},"1":{"loc":{"start":{"line":81,"column":26},"end":{"line":81,"column":null}},"type":"switch","locations":[{"start":{"line":81,"column":26},"end":{"line":81,"column":null}}]},"2":{"loc":{"start":{"line":82,"column":4},"end":{"line":85,"column":null}},"type":"if","locations":[{"start":{"line":82,"column":4},"end":{"line":85,"column":null}}]},"3":{"loc":{"start":{"line":82,"column":8},"end":{"line":82,"column":52}},"type":"binary-expr","locations":[{"start":{"line":82,"column":8},"end":{"line":82,"column":22}},{"start":{"line":82,"column":26},"end":{"line":82,"column":52}}]},"4":{"loc":{"start":{"line":127,"column":6},"end":{"line":127,"column":49}},"type":"switch","locations":[{"start":{"line":127,"column":6},"end":{"line":127,"column":49}}]},"5":{"loc":{"start":{"line":136,"column":26},"end":{"line":136,"column":null}},"type":"switch","locations":[{"start":{"line":136,"column":26},"end":{"line":136,"column":null}}]},"6":{"loc":{"start":{"line":138,"column":4},"end":{"line":140,"column":null}},"type":"if","locations":[{"start":{"line":138,"column":4},"end":{"line":140,"column":null}}]},"7":{"loc":{"start":{"line":138,"column":8},"end":{"line":138,"column":47}},"type":"binary-expr","locations":[{"start":{"line":138,"column":8},"end":{"line":138,"column":22}},{"start":{"line":138,"column":26},"end":{"line":138,"column":47}}]},"8":{"loc":{"start":{"line":145,"column":33},"end":{"line":145,"column":null}},"type":"switch","locations":[{"start":{"line":145,"column":33},"end":{"line":145,"column":null}}]},"9":{"loc":{"start":{"line":150,"column":6},"end":{"line":152,"column":null}},"type":"if","locations":[{"start":{"line":150,"column":6},"end":{"line":152,"column":null}}]},"10":{"loc":{"start":{"line":150,"column":10},"end":{"line":150,"column":95}},"type":"binary-expr","locations":[{"start":{"line":150,"column":10},"end":{"line":150,"column":47}},{"start":{"line":150,"column":51},"end":{"line":150,"column":95}}]},"11":{"loc":{"start":{"line":155,"column":6},"end":{"line":157,"column":null}},"type":"if","locations":[{"start":{"line":155,"column":6},"end":{"line":157,"column":null}}]},"12":{"loc":{"start":{"line":155,"column":10},"end":{"line":155,"column":41}},"type":"binary-expr","locations":[{"start":{"line":155,"column":10},"end":{"line":155,"column":20}},{"start":{"line":155,"column":24},"end":{"line":155,"column":41}}]},"13":{"loc":{"start":{"line":167,"column":10},"end":{"line":169,"column":null}},"type":"if","locations":[{"start":{"line":167,"column":10},"end":{"line":169,"column":null}}]},"14":{"loc":{"start":{"line":173,"column":17},"end":{"line":173,"column":115}},"type":"binary-expr","locations":[{"start":{"line":173,"column":17},"end":{"line":173,"column":31}},{"start":{"line":173,"column":36},"end":{"line":173,"column":74}},{"start":{"line":173,"column":78},"end":{"line":173,"column":114}}]},"15":{"loc":{"start":{"line":181,"column":20},"end":{"line":188,"column":18}},"type":"cond-expr","locations":[{"start":{"line":181,"column":49},"end":{"line":186,"column":null}},{"start":{"line":188,"column":14},"end":{"line":188,"column":18}}]},"16":{"loc":{"start":{"line":199,"column":65},"end":{"line":203,"column":18}},"type":"cond-expr","locations":[{"start":{"line":199,"column":94},"end":{"line":202,"column":null}},{"start":{"line":203,"column":14},"end":{"line":203,"column":18}}]},"17":{"loc":{"start":{"line":218,"column":20},"end":{"line":218,"column":58}},"type":"binary-expr","locations":[{"start":{"line":218,"column":20},"end":{"line":218,"column":39}},{"start":{"line":218,"column":43},"end":{"line":218,"column":58}}]},"18":{"loc":{"start":{"line":231,"column":27},"end":{"line":231,"column":56}},"type":"cond-expr","locations":[{"start":{"line":231,"column":44},"end":{"line":231,"column":49}},{"start":{"line":231,"column":52},"end":{"line":231,"column":56}}]},"19":{"loc":{"start":{"line":250,"column":8},"end":{"line":252,"column":null}},"type":"if","locations":[{"start":{"line":250,"column":8},"end":{"line":252,"column":null}}]},"20":{"loc":{"start":{"line":260,"column":6},"end":{"line":261,"column":20}},"type":"cond-expr","locations":[{"start":{"line":261,"column":8},"end":{"line":261,"column":12}},{"start":{"line":261,"column":15},"end":{"line":261,"column":20}}]},"21":{"loc":{"start":{"line":260,"column":7},"end":{"line":260,"column":122}},"type":"binary-expr","locations":[{"start":{"line":260,"column":7},"end":{"line":260,"column":14}},{"start":{"line":260,"column":18},"end":{"line":260,"column":34}},{"start":{"line":260,"column":38},"end":{"line":260,"column":76}},{"start":{"line":260,"column":80},"end":{"line":260,"column":122}}]},"22":{"loc":{"start":{"line":263,"column":33},"end":{"line":263,"column":74}},"type":"binary-expr","locations":[{"start":{"line":263,"column":33},"end":{"line":263,"column":36}},{"start":{"line":263,"column":40},"end":{"line":263,"column":74}}]},"23":{"loc":{"start":{"line":264,"column":22},"end":{"line":264,"column":159}},"type":"cond-expr","locations":[{"start":{"line":264,"column":111},"end":{"line":264,"column":154}},{"start":{"line":264,"column":157},"end":{"line":264,"column":159}}]},"24":{"loc":{"start":{"line":264,"column":22},"end":{"line":264,"column":108}},"type":"binary-expr","locations":[{"start":{"line":264,"column":22},"end":{"line":264,"column":25}},{"start":{"line":264,"column":29},"end":{"line":264,"column":39}},{"start":{"line":264,"column":43},"end":{"line":264,"column":49}},{"start":{"line":264,"column":53},"end":{"line":264,"column":60}},{"start":{"line":264,"column":64},"end":{"line":264,"column":80}},{"start":{"line":264,"column":84},"end":{"line":264,"column":108}}]},"25":{"loc":{"start":{"line":267,"column":17},"end":{"line":267,"column":93}},"type":"cond-expr","locations":[{"start":{"line":267,"column":61},"end":{"line":267,"column":88}},{"start":{"line":267,"column":91},"end":{"line":267,"column":93}}]},"26":{"loc":{"start":{"line":267,"column":18},"end":{"line":267,"column":57}},"type":"binary-expr","locations":[{"start":{"line":267,"column":18},"end":{"line":267,"column":33}},{"start":{"line":267,"column":37},"end":{"line":267,"column":57}}]},"27":{"loc":{"start":{"line":281,"column":54},"end":{"line":281,"column":75}},"type":"binary-expr","locations":[{"start":{"line":281,"column":54},"end":{"line":281,"column":69}},{"start":{"line":281,"column":73},"end":{"line":281,"column":75}}]},"28":{"loc":{"start":{"line":73,"column":8},"end":{"line":73,"column":17}},"type":"if","locations":[{"start":{"line":73,"column":8},"end":{"line":73,"column":17}}]}},"s":{"0":1,"1":1,"2":1,"3":1,"4":1,"5":1,"6":1,"7":1,"8":1,"9":1,"10":1,"11":1,"12":0,"13":0,"14":0,"15":0,"16":0,"17":0,"18":0,"19":0,"20":0,"21":0,"22":0,"23":0,"24":0,"25":0,"26":0,"27":0,"28":0,"29":0,"30":0,"31":0,"32":0,"33":0,"34":0,"35":0,"36":0,"37":0,"38":0,"39":0,"40":0,"41":0,"42":0,"43":0,"44":0,"45":0,"46":0,"47":0,"48":0,"49":0,"50":0,"51":0,"52":0,"53":0,"54":0,"55":0,"56":0,"57":0,"58":0,"59":0,"60":0,"61":0,"62":0,"63":0,"64":0,"65":0,"66":0,"67":0,"68":0,"69":0,"70":0,"71":0,"72":0,"73":0,"74":0,"75":0,"76":0,"77":0,"78":0,"79":0,"80":0,"81":0,"82":0,"83":0,"84":0,"85":0,"86":0,"87":0,"88":0,"89":0,"90":0,"91":0,"92":0,"93":0,"94":0,"95":0,"96":0,"97":0,"98":0,"99":0,"100":1,"101":0,"102":0,"103":1,"104":0,"105":0,"106":0,"107":1,"108":0,"109":0,"110":0,"111":0,"112":0,"113":0,"114":0,"115":1,"116":1},"f":{"0":1,"1":0,"2":0,"3":0,"4":0,"5":0,"6":0,"7":0,"8":0,"9":0,"10":0,"11":0,"12":0,"13":0,"14":0,"15":0,"16":0,"17":0,"18":0,"19":0,"20":0,"21":0,"22":0,"23":0,"24":0,"25":0,"26":0,"27":0,"28":0,"29":0,"30":0,"31":0,"32":0,"33":0,"34":0,"35":0},"b":{"0":[0,0],"1":[0],"2":[0],"3":[0,0],"4":[0],"5":[0],"6":[0],"7":[0,0],"8":[0],"9":[0],"10":[0,0],"11":[0],"12":[0,0],"13":[0],"14":[0,0,0],"15":[0,0],"16":[0,0],"17":[0,0],"18":[0,0],"19":[0],"20":[0,0],"21":[0,0,0,0],"22":[0,0],"23":[0,0],"24":[0,0,0,0,0,0],"25":[0,0],"26":[0,0],"27":[0,0],"28":[0]}}
,"/workspaces/temp4/RetrospectiveExtension.Frontend/components/editableDocumentCardTitle.tsx": {"path":"/workspaces/temp4/RetrospectiveExtension.Frontend/components/editableDocumentCardTitle.tsx","statementMap":{"0":{"start":{"line":1,"column":1},"end":{"line":1,"column":32}},"1":{"start":{"line":2,"column":0},"end":{"line":2,"column":42}},"2":{"start":{"line":3,"column":0},"end":{"line":3,"column":73}},"3":{"start":{"line":4,"column":0},"end":{"line":4,"column":68}},"4":{"start":{"line":18,"column":0},"end":{"line":18,"column":119}},"5":{"start":{"line":18,"column":40},"end":{"line":18,"column":45}},"6":{"start":{"line":20,"column":4},"end":{"line":20,"column":null}},"7":{"start":{"line":22,"column":4},"end":{"line":23,"column":6}},"8":{"start":{"line":26,"column":9},"end":{"line":39,"column":null}},"9":{"start":{"line":27,"column":4},"end":{"line":38,"column":6}},"10":{"start":{"line":40,"column":0},"end":{"line":40,"column":null}},"11":{"start":{"line":42,"column":0},"end":{"line":42,"column":70}}},"fnMap":{"0":{"name":"(anonymous_13)","decl":{"start":{"line":18,"column":0},"end":{"line":18,"column":40}},"loc":{"start":{"line":18,"column":0},"end":{"line":40,"column":null}}},"1":{"name":"EditableDocumentCardTitle","decl":{"start":{"line":19,"column":2},"end":{"line":19,"column":14}},"loc":{"start":{"line":19,"column":51},"end":{"line":24,"column":3}}},"2":{"name":"(anonymous_15)","decl":{"start":{"line":26,"column":2},"end":{"line":26,"column":9}},"loc":{"start":{"line":26,"column":2},"end":{"line":39,"column":3}}}},"branchMap":{"0":{"loc":{"start":{"line":20,"column":4},"end":{"line":20,"column":null}},"type":"binary-expr","locations":[{"start":{"line":20,"column":4},"end":{"line":20,"column":16}},{"start":{"line":20,"column":16},"end":{"line":20,"column":null}}]}},"s":{"0":4,"1":4,"2":4,"3":4,"4":4,"5":4,"6":1,"7":1,"8":4,"9":1,"10":4,"11":4},"f":{"0":4,"1":1,"2":1},"b":{"0":[1,1]}}
,"/workspaces/temp4/RetrospectiveExtension.Frontend/components/editableText.tsx": {"path":"/workspaces/temp4/RetrospectiveExtension.Frontend/components/editableText.tsx","statementMap":{"0":{"start":{"line":1,"column":1},"end":{"line":1,"column":32}},"1":{"start":{"line":2,"column":0},"end":{"line":2,"column":65}},"2":{"start":{"line":3,"column":0},"end":{"line":3,"column":73}},"3":{"start":{"line":4,"column":0},"end":{"line":4,"column":68}},"4":{"start":{"line":21,"column":0},"end":{"line":21,"column":80}},"5":{"start":{"line":21,"column":27},"end":{"line":21,"column":32}},"6":{"start":{"line":23,"column":4},"end":{"line":23,"column":null}},"7":{"start":{"line":44,"column":10},"end":{"line":61,"column":null}},"8":{"start":{"line":45,"column":4},"end":{"line":51,"column":null}},"9":{"start":{"line":46,"column":6},"end":{"line":49,"column":9}},"10":{"start":{"line":50,"column":6},"end":{"line":50,"column":13}},"11":{"start":{"line":53,"column":4},"end":{"line":56,"column":7}},"12":{"start":{"line":58,"column":4},"end":{"line":60,"column":null}},"13":{"start":{"line":59,"column":6},"end":{"line":59,"column":57}},"14":{"start":{"line":63,"column":10},"end":{"line":69,"column":null}},"15":{"start":{"line":64,"column":4},"end":{"line":64,"column":28}},"16":{"start":{"line":65,"column":4},"end":{"line":68,"column":7}},"17":{"start":{"line":71,"column":10},"end":{"line":79,"column":null}},"18":{"start":{"line":72,"column":4},"end":{"line":78,"column":null}},"19":{"start":{"line":73,"column":6},"end":{"line":73,"column":30}},"20":{"start":{"line":74,"column":6},"end":{"line":77,"column":9}},"21":{"start":{"line":89,"column":10},"end":{"line":107,"column":null}},"22":{"start":{"line":90,"column":4},"end":{"line":106,"column":null}},"23":{"start":{"line":91,"column":6},"end":{"line":99,"column":null}},"24":{"start":{"line":92,"column":8},"end":{"line":97,"column":11}},"25":{"start":{"line":96,"column":10},"end":{"line":96,"column":null}},"26":{"start":{"line":98,"column":8},"end":{"line":98,"column":15}},"27":{"start":{"line":101,"column":6},"end":{"line":101,"column":44}},"28":{"start":{"line":102,"column":6},"end":{"line":105,"column":9}},"29":{"start":{"line":109,"column":10},"end":{"line":153,"column":null}},"30":{"start":{"line":110,"column":4},"end":{"line":110,"column":28}},"31":{"start":{"line":113,"column":4},"end":{"line":121,"column":null}},"32":{"start":{"line":114,"column":6},"end":{"line":119,"column":9}},"33":{"start":{"line":118,"column":8},"end":{"line":118,"column":43}},"34":{"start":{"line":120,"column":6},"end":{"line":120,"column":13}},"35":{"start":{"line":124,"column":4},"end":{"line":137,"column":null}},"36":{"start":{"line":125,"column":6},"end":{"line":128,"column":null}},"37":{"start":{"line":126,"column":8},"end":{"line":126,"column":43}},"38":{"start":{"line":127,"column":8},"end":{"line":127,"column":15}},"39":{"start":{"line":130,"column":6},"end":{"line":134,"column":9}},"40":{"start":{"line":136,"column":6},"end":{"line":136,"column":13}},"41":{"start":{"line":140,"column":4},"end":{"line":151,"column":null}},"42":{"start":{"line":141,"column":6},"end":{"line":144,"column":null}},"43":{"start":{"line":142,"column":8},"end":{"line":142,"column":43}},"44":{"start":{"line":143,"column":8},"end":{"line":143,"column":15}},"45":{"start":{"line":146,"column":6},"end":{"line":146,"column":44}},"46":{"start":{"line":147,"column":6},"end":{"line":150,"column":9}},"47":{"start":{"line":25,"column":4},"end":{"line":29,"column":6}},"48":{"start":{"line":32,"column":9},"end":{"line":40,"column":null}},"49":{"start":{"line":33,"column":4},"end":{"line":39,"column":null}},"50":{"start":{"line":34,"column":6},"end":{"line":38,"column":null}},"51":{"start":{"line":35,"column":8},"end":{"line":37,"column":11}},"52":{"start":{"line":81,"column":2},"end":{"line":83,"column":null}},"53":{"start":{"line":82,"column":4},"end":{"line":82,"column":68}},"54":{"start":{"line":85,"column":2},"end":{"line":87,"column":null}},"55":{"start":{"line":86,"column":4},"end":{"line":86,"column":71}},"56":{"start":{"line":155,"column":9},"end":{"line":197,"column":null}},"57":{"start":{"line":155,"column":2},"end":{"line":155,"column":9}},"58":{"start":{"line":156,"column":4},"end":{"line":182,"column":null}},"59":{"start":{"line":157,"column":6},"end":{"line":181,"column":8}},"60":{"start":{"line":161,"column":12},"end":{"line":161,"column":43}},"61":{"start":{"line":176,"column":14},"end":{"line":176,"column":34}},"62":{"start":{"line":184,"column":4},"end":{"line":196,"column":6}},"63":{"start":{"line":198,"column":0},"end":{"line":198,"column":null}},"64":{"start":{"line":200,"column":0},"end":{"line":200,"column":57}}},"fnMap":{"0":{"name":"(anonymous_12)","decl":{"start":{"line":21,"column":0},"end":{"line":21,"column":27}},"loc":{"start":{"line":21,"column":0},"end":{"line":198,"column":null}}},"1":{"name":"EditableText","decl":{"start":{"line":22,"column":2},"end":{"line":22,"column":14}},"loc":{"start":{"line":22,"column":38},"end":{"line":30,"column":3}}},"2":{"name":"(anonymous_14)","decl":{"start":{"line":44,"column":29},"end":{"line":44,"column":30}},"loc":{"start":{"line":44,"column":110},"end":{"line":61,"column":3}}},"3":{"name":"(anonymous_15)","decl":{"start":{"line":63,"column":23},"end":{"line":63,"column":24}},"loc":{"start":{"line":63,"column":69},"end":{"line":69,"column":3}}},"4":{"name":"(anonymous_16)","decl":{"start":{"line":71,"column":30},"end":{"line":71,"column":31}},"loc":{"start":{"line":71,"column":79},"end":{"line":79,"column":3}}},"5":{"name":"(anonymous_17)","decl":{"start":{"line":89,"column":31},"end":{"line":89,"column":32}},"loc":{"start":{"line":89,"column":44},"end":{"line":107,"column":3}}},"6":{"name":"(anonymous_18)","decl":{"start":{"line":95,"column":11},"end":{"line":95,"column":null}},"loc":{"start":{"line":95,"column":11},"end":{"line":97,"column":9}}},"7":{"name":"(anonymous_19)","decl":{"start":{"line":109,"column":27},"end":{"line":109,"column":28}},"loc":{"start":{"line":109,"column":75},"end":{"line":153,"column":3}}},"8":{"name":"(anonymous_20)","decl":{"start":{"line":117,"column":9},"end":{"line":117,"column":null}},"loc":{"start":{"line":117,"column":9},"end":{"line":119,"column":7}}},"9":{"name":"(anonymous_21)","decl":{"start":{"line":32,"column":2},"end":{"line":32,"column":9}},"loc":{"start":{"line":32,"column":56},"end":{"line":40,"column":3}}},"10":{"name":"(anonymous_22)","decl":{"start":{"line":81,"column":2},"end":{"line":81,"column":19}},"loc":{"start":{"line":81,"column":2},"end":{"line":83,"column":3}}},"11":{"name":"(anonymous_23)","decl":{"start":{"line":85,"column":2},"end":{"line":85,"column":22}},"loc":{"start":{"line":85,"column":2},"end":{"line":87,"column":3}}},"12":{"name":"(anonymous_24)","decl":{"start":{"line":155,"column":2},"end":{"line":155,"column":9}},"loc":{"start":{"line":155,"column":2},"end":{"line":197,"column":3}}},"13":{"name":"(anonymous_25)","decl":{"start":{"line":160,"column":15},"end":{"line":160,"column":16}},"loc":{"start":{"line":160,"column":23},"end":{"line":162,"column":11}}},"14":{"name":"(anonymous_26)","decl":{"start":{"line":175,"column":21},"end":{"line":175,"column":22}},"loc":{"start":{"line":175,"column":93},"end":{"line":177,"column":13}}},"15":{"name":"(anonymous_27)","decl":{"start":{"line":189,"column":45},"end":{"line":189,"column":53}},"loc":{"start":{"line":189,"column":45},"end":{"line":189,"column":54}}},"16":{"name":"(anonymous_28)","decl":{"start":{"line":190,"column":43},"end":{"line":190,"column":51}},"loc":{"start":{"line":190,"column":43},"end":{"line":190,"column":52}}}},"branchMap":{"0":{"loc":{"start":{"line":23,"column":4},"end":{"line":23,"column":null}},"type":"binary-expr","locations":[{"start":{"line":23,"column":4},"end":{"line":23,"column":16}},{"start":{"line":23,"column":16},"end":{"line":23,"column":null}}]},"1":{"loc":{"start":{"line":45,"column":4},"end":{"line":51,"column":null}},"type":"if","locations":[{"start":{"line":45,"column":4},"end":{"line":51,"column":null}}]},"2":{"loc":{"start":{"line":58,"column":4},"end":{"line":60,"column":null}},"type":"if","locations":[{"start":{"line":58,"column":4},"end":{"line":60,"column":null}}]},"3":{"loc":{"start":{"line":72,"column":4},"end":{"line":78,"column":null}},"type":"if","locations":[{"start":{"line":72,"column":4},"end":{"line":78,"column":null}}]},"4":{"loc":{"start":{"line":90,"column":4},"end":{"line":106,"column":null}},"type":"if","locations":[{"start":{"line":90,"column":4},"end":{"line":106,"column":null}}]},"5":{"loc":{"start":{"line":90,"column":8},"end":{"line":90,"column":84}},"type":"binary-expr","locations":[{"start":{"line":90,"column":8},"end":{"line":90,"column":28}},{"start":{"line":90,"column":32},"end":{"line":90,"column":84}}]},"6":{"loc":{"start":{"line":91,"column":6},"end":{"line":99,"column":null}},"type":"if","locations":[{"start":{"line":91,"column":6},"end":{"line":99,"column":null}}]},"7":{"loc":{"start":{"line":113,"column":4},"end":{"line":121,"column":null}},"type":"if","locations":[{"start":{"line":113,"column":4},"end":{"line":121,"column":null}}]},"8":{"loc":{"start":{"line":124,"column":4},"end":{"line":137,"column":null}},"type":"if","locations":[{"start":{"line":124,"column":4},"end":{"line":137,"column":null}}]},"9":{"loc":{"start":{"line":124,"column":8},"end":{"line":124,"column":45}},"type":"binary-expr","locations":[{"start":{"line":124,"column":8},"end":{"line":124,"column":28}},{"start":{"line":124,"column":32},"end":{"line":124,"column":45}}]},"10":{"loc":{"start":{"line":125,"column":6},"end":{"line":128,"column":null}},"type":"if","locations":[{"start":{"line":125,"column":6},"end":{"line":128,"column":null}}]},"11":{"loc":{"start":{"line":140,"column":4},"end":{"line":151,"column":null}},"type":"if","locations":[{"start":{"line":140,"column":4},"end":{"line":151
[...]
d":{"line":17,"column":119}},"14":{"start":{"line":20,"column":6},"end":{"line":22,"column":null}},"15":{"start":{"line":24,"column":6},"end":{"line":30,"column":9}},"16":{"start":{"line":25,"column":38},"end":{"line":25,"column":69}},"17":{"start":{"line":32,"column":6},"end":{"line":52,"column":null}},"18":{"start":{"line":34,"column":60},"end":{"line":36,"column":59}},"19":{"start":{"line":35,"column":28},"end":{"line":35,"column":70}},"20":{"start":{"line":35,"column":52},"end":{"line":35,"column":69}},"21":{"start":{"line":36,"column":41},"end":{"line":36,"column":59}},"22":{"start":{"line":38,"column":8},"end":{"line":51,"column":null}},"23":{"start":{"line":40,"column":49},"end":{"line":40,"column":90}},"24":{"start":{"line":40,"column":73},"end":{"line":40,"column":90}},"25":{"start":{"line":41,"column":12},"end":{"line":49,"column":null}},"26":{"start":{"line":42,"column":14},"end":{"line":48,"column":17}},"27":{"start":{"line":43,"column":46},"end":{"line":43,"column":77}},"28":{"start":{"line":39,"column":10},"end":{"line":50,"column":null}},"29":{"start":{"line":39,"column":32},"end":{"line":39,"column":null}},"30":{"start":{"line":39,"column":65},"end":{"line":39,"column":null}},"31":{"start":{"line":39,"column":28},"end":{"line":39,"column":32}},"32":{"start":{"line":39,"column":21},"end":{"line":39,"column":32}},"33":{"start":{"line":19,"column":4},"end":{"line":53,"column":null}},"34":{"start":{"line":19,"column":15},"end":{"line":19,"column":31}},"35":{"start":{"line":55,"column":4},"end":{"line":57,"column":7}},"36":{"start":{"line":56,"column":6},"end":{"line":56,"column":106}},"37":{"start":{"line":59,"column":4},"end":{"line":59,"column":104}},"38":{"start":{"line":61,"column":31},"end":{"line":61,"column":null}},"39":{"start":{"line":61,"column":15},"end":{"line":61,"column":31}},"40":{"start":{"line":62,"column":10},"end":{"line":62,"column":22}},"41":{"start":{"line":63,"column":26},"end":{"line":63,"column":null}},"42":{"start":{"line":63,"column":14},"end":{"line":63,"column":null}},"43":{"start":{"line":65,"column":8},"end":{"line":67,"column":null}},"44":{"start":{"line":65,"column":19},"end":{"line":65,"column":27}},"45":{"start":{"line":66,"column":10},"end":{"line":66,"column":158}},"46":{"start":{"line":71,"column":10},"end":{"line":71,"column":73}},"47":{"start":{"line":72,"column":4},"end":{"line":72,"column":30}},"48":{"start":{"line":76,"column":9},"end":{"line":89,"column":null}},"49":{"start":{"line":76,"column":103},"end":{"line":89,"column":null}},"50":{"start":{"line":77,"column":51},"end":{"line":77,"column":null}},"51":{"start":{"line":77,"column":10},"end":{"line":77,"column":null}},"52":{"start":{"line":78,"column":8},"end":{"line":78,"column":88}},"53":{"start":{"line":80,"column":4},"end":{"line":80,"column":17}},"54":{"start":{"line":80,"column":17},"end":{"line":80,"column":74}},"55":{"start":{"line":80,"column":4},"end":{"line":80,"column":74}},"56":{"start":{"line":81,"column":4},"end":{"line":81,"column":17}},"57":{"start":{"line":81,"column":17},"end":{"line":81,"column":24}},"58":{"start":{"line":81,"column":24},"end":{"line":81,"column":69}},"59":{"start":{"line":81,"column":4},"end":{"line":81,"column":69}},"60":{"start":{"line":82,"column":4},"end":{"line":82,"column":69}},"61":{"start":{"line":84,"column":4},"end":{"line":86,"column":null}},"62":{"start":{"line":85,"column":6},"end":{"line":85,"column":117}},"63":{"start":{"line":88,"column":4},"end":{"line":88,"column":21}},"64":{"start":{"line":91,"column":16},"end":{"line":133,"column":null}},"65":{"start":{"line":92,"column":10},"end":{"line":92,"column":61}},"66":{"start":{"line":94,"column":4},"end":{"line":121,"column":null}},"67":{"start":{"line":94,"column":15},"end":{"line":94,"column":31}},"68":{"start":{"line":95,"column":6},"end":{"line":97,"column":null}},"69":{"start":{"line":96,"column":8},"end":{"line":96,"column":17}},"70":{"start":{"line":99,"column":6},"end":{"line":101,"column":null}},"71":{"start":{"line":100,"column":8},"end":{"line":100,"column":50}},"72":{"start":{"line":103,"column":6},"end":{"line":103,"column":118}},"73":{"start":{"line":105,"column":6},"end":{"line":120,"column":null}},"74":{"start":{"line":107,"column":14},"end":{"line":109,"column":60}},"75":{"start":{"line":108,"column":28},"end":{"line":108,"column":70}},"76":{"start":{"line":108,"column":52},"end":{"line":108,"column":69}},"77":{"start":{"line":109,"column":41},"end":{"line":109,"column":59}},"78":{"start":{"line":111,"column":8},"end":{"line":119,"column":null}},"79":{"start":{"line":112,"column":10},"end":{"line":112,"column":82}},"80":{"start":{"line":114,"column":49},"end":{"line":114,"column":90}},"81":{"start":{"line":114,"column":73},"end":{"line":114,"column":90}},"82":{"start":{"line":115,"column":12},"end":{"line":117,"column":null}},"83":{"start":{"line":116,"column":14},"end":{"line":116,"column":115}},"84":{"start":{"line":113,"column":10},"end":{"line":118,"column":null}},"85":{"start":{"line":113,"column":21},"end":{"line":113,"column":32}},"86":{"start":{"line":123,"column":8},"end":{"line":123,"column":31}},"87":{"start":{"line":124,"column":4},"end":{"line":130,"column":null}},"88":{"start":{"line":124,"column":15},"end":{"line":124,"column":25}},"89":{"start":{"line":125,"column":6},"end":{"line":127,"column":null}},"90":{"start":{"line":126,"column":8},"end":{"line":126,"column":null}},"91":{"start":{"line":129,"column":6},"end":{"line":129,"column":69}},"92":{"start":{"line":132,"column":4},"end":{"line":132,"column":21}},"93":{"start":{"line":135,"column":16},"end":{"line":159,"column":null}},"94":{"start":{"line":136,"column":10},"end":{"line":136,"column":40}},"95":{"start":{"line":138,"column":31},"end":{"line":138,"column":null}},"96":{"start":{"line":138,"column":15},"end":{"line":138,"column":31}},"97":{"start":{"line":139,"column":10},"end":{"line":139,"column":22}},"98":{"start":{"line":140,"column":26},"end":{"line":140,"column":null}},"99":{"start":{"line":140,"column":14},"end":{"line":140,"column":null}},"100":{"start":{"line":141,"column":8},"end":{"line":144,"column":null}},"101":{"start":{"line":141,"column":19},"end":{"line":141,"column":27}},"102":{"start":{"line":142,"column":16},"end":{"line":142,"column":152}},"103":{"start":{"line":143,"column":10},"end":{"line":143,"column":48}},"104":{"start":{"line":148,"column":8},"end":{"line":148,"column":50}},"105":{"start":{"line":149,"column":4},"end":{"line":156,"column":null}},"106":{"start":{"line":150,"column":6},"end":{"line":152,"column":null}},"107":{"start":{"line":150,"column":17},"end":{"line":150,"column":31}},"108":{"start":{"line":151,"column":8},"end":{"line":151,"column":48}},"109":{"start":{"line":155,"column":6},"end":{"line":155,"column":null}},"110":{"start":{"line":158,"column":4},"end":{"line":158,"column":27}},"111":{"start":{"line":160,"column":0},"end":{"line":160,"column":null}},"112":{"start":{"line":162,"column":13},"end":{"line":162,"column":55}}},"fnMap":{"0":{"name":"(anonymous_15)","decl":{"start":{"line":7,"column":0},"end":{"line":7,"column":null}},"loc":{"start":{"line":7,"column":0},"end":{"line":160,"column":null}}},"1":{"name":"(anonymous_17)","decl":{"start":{"line":10,"column":30},"end":{"line":10,"column":37}},"loc":{"start":{"line":10,"column":66},"end":{"line":73,"column":null}}},"2":{"name":"(anonymous_18)","decl":{"start":{"line":10,"column":66},"end":{"line":10,"column":null}},"loc":{"start":{"line":10,"column":66},"end":{"line":73,"column":null}}},"3":{"name":"(anonymous_21)","decl":{"start":{"line":25,"column":33},"end":{"line":25,"column":34}},"loc":{"start":{"line":25,"column":34},"end":{"line":25,"column":39}}},"4":{"name":"(anonymous_22)","decl":{"start":{"line":35,"column":15},"end":{"line":35,"column":16}},"loc":{"start":{"line":35,"column":23},"end":{"line":35,"column":41}}},"5":{"name":"(anonymous_23)","decl":{"start":{"line":35,"column":47},"end":{"line":35,"column":48}},"loc":{"start":{"line":35,"column":48},"end":{"line":35,"column":53}}},"6":{"name":"(anonymous_24)","decl":{"start":{"line":36,"column":18},"end":{"line":36,"column":19}},"loc":{"start":{"line":36,"column":36},"end":{"line":36,"column":58}}},"7":{"name":"(anonymous_26)","decl":{"start":{"line":40,"column":68},"end":{"line":40,"column":69}},"loc":{"start":{"line":40,"column":69},"end":{"line":40,"column":74}}},"8":{"name":"(anonymous_27)","decl":{"start":{"line":43,"column":41},"end":{"line":43,"column":42}},"loc":{"start":{"line":43,"column":42},"end":{"line":43,"column":47}}},"9":{"name":"(anonymous_28)","decl":{"start":{"line":55,"column":24},"end":{"line":55,"column":28}},"loc":{"start":{"line":55,"column":28},"end":{"line":57,"column":5}}},"10":{"name":"(anonymous_29)","decl":{"start":{"line":76,"column":29},"end":{"line":76,"column":36}},"loc":{"start":{"line":76,"column":103},"end":{"line":89,"column":null}}},"11":{"name":"(anonymous_30)","decl":{"start":{"line":76,"column":103},"end":{"line":76,"column":null}},"loc":{"start":{"line":76,"column":103},"end":{"line":89,"column":null}}},"12":{"name":"(anonymous_32)","decl":{"start":{"line":91,"column":2},"end":{"line":91,"column":16}},"loc":{"start":{"line":91,"column":98},"end":{"line":133,"column":null}}},"13":{"name":"(anonymous_35)","decl":{"start":{"line":108,"column":15},"end":{"line":108,"column":16}},"loc":{"start":{"line":108,"column":23},"end":{"line":108,"column":41}}},"14":{"name":"(anonymous_36)","decl":{"start":{"line":108,"column":47},"end":{"line":108,"column":48}},"loc":{"start":{"line":108,"column":48},"end":{"line":108,"column":53}}},"15":{"name":"(anonymous_37)","decl":{"start":{"line":109,"column":18},"end":{"line":109,"column":19}},"loc":{"start":{"line":109,"column":36},"end":{"line":109,"column":58}}},"16":{"name":"(anonymous_39)","decl":{"start":{"line":114,"column":68},"end":{"line":114,"column":69}},"loc":{"start":{"line":114,"column":69},"end":{"line":114,"column":74}}},"17":{"name":"(anonymous_40)","decl":{"start":{"line":135,"column":2},"end":{"line":135,"column":16}},"loc":{"start":{"line":135,"column":73},"end":{"line":159,"column":null}}}},"branchMap":{"0":{"loc":{"start":{"line":11,"column":51},"end":{"line":11,"column":null}},"type":"switch","locations":[{"start":{"line":11,"column":51},"end":{"line":11,"column":null}}]},"1":{"loc":{"start":{"line":20,"column":6},"end":{"line":22,"column":null}},"type":"if","locations":[{"start":{"line":20,"column":6},"end":{"line":22,"column":null}}]},"2":{"loc":{"start":{"line":29,"column":19},"end":{"line":29,"column":54}},"type":"cond-expr","locations":[{"start":{"line":29,"column":41},"end":{"line":29,"column":43}},{"start":{"line":29,"column":41},"end":{"line":29,"column":54}}]},"3":{"loc":{"start":{"line":29,"column":19},"end":{"line":29,"column":43}},"type":"binary-expr","locations":[{"start":{"line":29,"column":19},"end":{"line":29,"column":43}},{"start":{"line":29,"column":41},"end":{"line":29,"column":43}}]},"4":{"loc":{"start":{"line":32,"column":6},"end":{"line":52,"column":null}},"type":"if","locations":[{"start":{"line":32,"column":6},"end":{"line":52,"column":null}}]},"5":{"loc":{"start":{"line":32,"column":10},"end":{"line":32,"column":87}},"type":"binary-expr","locations":[{"start":{"line":32,"column":10},"end":{"line":32,"column":43}},{"start":{"line":32,"column":47},"end":{"line":32,"column":87}}]},"6":{"loc":{"start":{"line":38,"column":8},"end":{"line":51,"column":null}},"type":"if","locations":[{"start":{"line":38,"column":8},"end":{"line":51,"column":null}}]},"7":{"loc":{"start":{"line":41,"column":12},"end":{"line":49,"column":null}},"type":"if","locations":[{"start":{"line":41,"column":12},"end":{"line":49,"column":null}}]},"8":{"loc":{"start":{"line":47,"column":27},"end":{"line":47,"column":55}},"type":"cond-expr","locations":[{"start":{"line":47,"column":42},"end":{"line":47,"column":44}},{"start":{"line":47,"column":42},"end":{"line":47,"column":55}}]},"9":{"loc":{"start":{"line":47,"column":27},"end":{"line":47,"column":44}},"type":"binary-expr","locations":[{"start":{"line":47,"column":27},"end":{"line":47,"column":44}},{"start":{"line":47,"column":42},"end":{"line":47,"column":44}}]},"10":{"loc":{"start":{"line":62,"column":10},"end":{"line":62,"column":22}},"type":"if","locations":[{"start":{"line":62,"column":10},"end":{"line":62,"column":22}}]},"11":{"loc":{"start":{"line":62,"column":10},"end":{"line":62,"column":97}},"type":"binary-expr","locations":[{"start":{"line":62,"column":10},"end":{"line":62,"column":46}},{"start":{"line":62,"column":50},"end":{"line":62,"column":97}}]},"12":{"loc":{"start":{"line":77,"column":51},"end":{"line":77,"column":null}},"type":"switch","locations":[{"start":{"line":77,"column":51},"end":{"line":77,"column":null}}]},"13":{"loc":{"start":{"line":84,"column":4},"end":{"line":86,"column":null}},"type":"if","locations":[{"start":{"line":84,"column":4},"end":{"line":86,"column":null}}]},"14":{"loc":{"start":{"line":95,"column":6},"end":{"line":97,"column":null}},"type":"if","locations":[{"start":{"line":95,"column":6},"end":{"line":97,"column":null}}]},"15":{"loc":{"start":{"line":99,"column":6},"end":{"line":101,"column":null}},"type":"if","locations":[{"start":{"line":99,"column":6},"end":{"line":101,"column":null}}]},"16":{"loc":{"start":{"line":105,"column":6},"end":{"line":120,"column":null}},"type":"if","locations":[{"start":{"line":105,"column":6},"end":{"line":120,"column":null}}]},"17":{"loc":{"start":{"line":105,"column":10},"end":{"line":105,"column":87}},"type":"binary-expr","locations":[{"start":{"line":105,"column":10},"end":{"line":105,"column":43}},{"start":{"line":105,"column":47},"end":{"line":105,"column":87}}]},"18":{"loc":{"start":{"line":111,"column":8},"end":{"line":119,"column":null}},"type":"if","locations":[{"start":{"line":111,"column":8},"end":{"line":119,"column":null}}]},"19":{"loc":{"start":{"line":115,"column":12},"end":{"line":117,"column":null}},"type":"if","locations":[{"start":{"line":115,"column":12},"end":{"line":117,"column":null}}]},"20":{"loc":{"start":{"line":125,"column":6},"end":{"line":127,"column":null}},"type":"if","locations":[{"start":{"line":125,"column":6},"end":{"line":127,"column":null}}]},"21":{"loc":{"start":{"line":139,"column":10},"end":{"line":139,"column":22}},"type":"if","locations":[{"start":{"line":139,"column":10},"end":{"line":139,"column":22}}]},"22":{"loc":{"start":{"line":139,"column":10},"end":{"line":139,"column":97}},"type":"binary-expr","locations":[{"start":{"line":139,"column":10},"end":{"line":139,"column":46}},{"start":{"line":139,"column":50},"end":{"line":139,"column":97}}]},"23":{"loc":{"start":{"line":149,"column":4},"end":{"line":156,"column":null}},"type":"if","locations":[{"start":{"line":149,"column":4},"end":{"line":156,"column":null}},{"start":{"line":154,"column":9},"end":{"line":156,"column":null}}]},"24":{"loc":{"start":{"line":149,"column":8},"end":{"line":149,"column":51}},"type":"binary-expr","locations":[{"start":{"line":149,"column":8},"end":{"line":149,"column":22}},{"start":{"line":149,"column":26},"end":{"line":149,"column":51}}]}},"s":{"0":1,"1":1,"2":1,"3":1,"4":2,"5":1,"6":0,"7":0,"8":0,"9":0,"10":0,"11":0,"12":0,"13":0,"14":0,"15":0,"16":0,"17":0,"18":0,"19":0,"20":0,"21":0,"22":0,"23":0,"24":0,"25":0,"26":0,"27":0,"28":0,"29":0,"30":0,"31":0,"32":0,"33":0,"34":0,"35":0,"36":0,"37":0,"38":0,"39":0,"40":0,"41":0,"42":0,"43":0,"44":0,"45":0,"46":0,"47":0,"48":1,"49":0,"50":0,"51":0,"52":0,"53":0,"54":0,"55":0,"56":0,"57":0,"58":0,"59":0,"60":0,"61":0,"62":0,"63":0,"64":1,"65":0,"66":0,"67":0,"68":0,"69":0,"70":0,"71":0,"72":0,"73":0,"74":0,"75":0,"76":0,"77":0,"78":0,"79":0,"80":0,"81":0,"82":0,"83":0,"84":0,"85":0,"86":0,"87":0,"88":0,"89":0,"90":0,"91":0,"92":0,"93":1,"94":0,"95":0,"96":0,"97":0,"98":0,"99":0,"100":0,"101":0,"102":0,"103":0,"104":0,"105":0,"106":0,"107":0,"108":0,"109":0,"110":0,"111":1,"112":1},"f":{"0":2,"1":0,"2":0,"3":0,"4":0,"5":0,"6":0,"7":0,"8":0,"9":0,"10":0,"11":0,"12":0,"13":0,"14":0,"15":0,"16":0,"17":0},"b":{"0":[0],"1":[0],"2":[0,0],"3":[0,0],"4":[0],"5":[0,0],"6":[0],"7":[0],"8":[0,0],"9":[0,0],"10":[0],"11":[0,0],"12":[0],"13":[0],"14":[0],"15":[0],"16":[0],"17":[0,0],"18":[0],"19":[0],"20":[0],"21":[0],"22":[0,0],"23":[0,0],"24":[0,0]}}
,"/workspaces/temp4/RetrospectiveExtension.Frontend/utilities/tokenHelper.tsx": {"path":"/workspaces/temp4/RetrospectiveExtension.Frontend/utilities/tokenHelper.tsx","statementMap":{"0":{"start":{"line":1,"column":0},"end":{"line":1,"column":32}},"1":{"start":{"line":18,"column":25},"end":{"line":28,"column":1}},"2":{"start":{"line":19,"column":2},"end":{"line":27,"column":null}},"3":{"start":{"line":20,"column":23},"end":{"line":20,"column":42}},"4":{"start":{"line":21,"column":24},"end":{"line":21,"column":68}},"5":{"start":{"line":23,"column":4},"end":{"line":23,"column":35}},"6":{"start":{"line":26,"column":4},"end":{"line":26,"column":16}},"7":{"start":{"line":18,"column":13},"end":{"line":18,"column":25}}},"fnMap":{"0":{"name":"(anonymous_0)","decl":{"start":{"line":18,"column":25},"end":{"line":18,"column":26}},"loc":{"start":{"line":18,"column":39},"end":{"line":28,"column":1}}}},"branchMap":{},"s":{"0":3,"1":3,"2":0,"3":0,"4":0,"5":0,"6":0,"7":3},"f":{"0":0},"b":{}}
,"/workspaces/temp4/RetrospectiveExtension.Frontend/utilities/userIdentityHelper.tsx": {"path":"/workspaces/temp4/RetrospectiveExtension.Frontend/utilities/userIdentityHelper.tsx","statementMap":{"0":{"start":{"line":2,"column":0},"end":{"line":2,"column":67}},"1":{"start":{"line":9,"column":31},"end":{"line":27,"column":1}},"2":{"start":{"line":10,"column":2},"end":{"line":24,"column":null}},"3":{"start":{"line":11,"column":38},"end":{"line":11,"column":47}},"4":{"start":{"line":13,"column":4},"end":{"line":23,"column":21}},"5":{"start":{"line":26,"column":2},"end":{"line":26,"column":22}},"6":{"start":{"line":9,"column":13},"end":{"line":9,"column":31}}},"fnMap":{"0":{"name":"(anonymous_0)","decl":{"start":{"line":9,"column":31},"end":{"line":9,"column":null}},"loc":{"start":{"line":9,"column":31},"end":{"line":27,"column":1}}}},"branchMap":{"0":{"loc":{"start":{"line":10,"column":2},"end":{"line":24,"column":null}},"type":"if","locations":[{"start":{"line":10,"column":2},"end":{"line":24,"column":null}}]}},"s":{"0":4,"1":4,"2":2,"3":2,"4":2,"5":2,"6":4},"f":{"0":2},"b":{"0":[2]}}
,"/workspaces/temp4/RetrospectiveExtension.Frontend/utilities/external/telemetryClient.ts": {"path":"/workspaces/temp4/RetrospectiveExtension.Frontend/utilities/external/telemetryClient.ts","statementMap":{"0":{"start":{"line":1,"column":0},"end":{"line":1,"column":70}},"1":{"start":{"line":2,"column":0},"end":{"line":2,"column":73}},"2":{"start":{"line":3,"column":0},"end":{"line":3,"column":60}},"3":{"start":{"line":5,"column":20},"end":{"line":5,"column":37}},"4":{"start":{"line":33,"column":9},"end":{"line":33,"column":20}},"5":{"start":{"line":6,"column":20},"end":{"line":16,"column":2}},"6":{"start":{"line":33,"column":22},"end":{"line":33,"column":33}},"7":{"start":{"line":17,"column":0},"end":{"line":17,"column":30}},"8":{"start":{"line":21,"column":28},"end":{"line":29,"column":24}},"9":{"start":{"line":22,"column":2},"end":{"line":28,"column":4}},"10":{"start":{"line":24,"column":36},"end":{"line":24,"column":60}},"11":{"start":{"line":25,"column":6},"end":{"line":25,"column":48}},"12":{"start":{"line":26,"column":6},"end":{"line":26,"column":89}},"13":{"start":{"line":31,"column":0},"end":{"line":31,"column":49}}},"fnMap":{"0":{"name":"(anonymous_0)","decl":{"start":{"line":21,"column":29},"end":{"line":21,"column":30}},"loc":{"start":{"line":21,"column":46},"end":{"line":29,"column":1}}},"1":{"name":"(anonymous_1)","decl":{"start":{"line":24,"column":11},"end":{"line":24,"column":21}},"loc":{"start":{"line":24,"column":34},"end":{"line":27,"column":5}}}},"branchMap":{},"s":{"0":9,"1":9,"2":9,"3":9,"4":9,"5":9,"6":9,"7":9,"8":9,"9":9,"10":11,"11":4,"12":4,"13":9},"f":{"0":9,"1":4},"b":{}}
}
