{"/workspaces/temp4/RetrospectiveExtension.Frontend/components/actionItem.tsx": {"path":"/workspaces/temp4/RetrospectiveExtension.Frontend/components/actionItem.tsx","statementMap":{"0":{"start":{"line":1,"column":0},"end":{"line":1,"column":115}},"1":{"start":{"line":2,"column":0},"end":{"line":2,"column":null}},"2":{"start":{"line":10,"column":0},"end":{"line":10,"column":31}},"3":{"start":{"line":11,"column":0},"end":{"line":11,"column":56}},"4":{"start":{"line":13,"column":0},"end":{"line":13,"column":121}},"5":{"start":{"line":15,"column":0},"end":{"line":15,"column":68}},"6":{"start":{"line":16,"column":0},"end":{"line":16,"column":57}},"7":{"start":{"line":18,"column":0},"end":{"line":18,"column":59}},"8":{"start":{"line":19,"column":0},"end":{"line":19,"column":85}},"9":{"start":{"line":20,"column":0},"end":{"line":20,"column":73}},"10":{"start":{"line":21,"column":0},"end":{"line":21,"column":68}},"11":{"start":{"line":41,"column":0},"end":{"line":41,"column":74}},"12":{"start":{"line":41,"column":25},"end":{"line":41,"column":30}},"13":{"start":{"line":43,"column":4},"end":{"line":43,"column":null}},"14":{"start":{"line":62,"column":10},"end":{"line":79,"column":null}},"15":{"start":{"line":63,"column":4},"end":{"line":78,"column":6}},"16":{"start":{"line":81,"column":10},"end":{"line":95,"column":null}},"17":{"start":{"line":81,"column":55},"end":{"line":95,"column":null}},"18":{"start":{"line":82,"column":27},"end":{"line":82,"column":null}},"19":{"start":{"line":82,"column":10},"end":{"line":82,"column":null}},"20":{"start":{"line":84,"column":4},"end":{"line":84,"column":50}},"21":{"start":{"line":88,"column":32},"end":{"line":88,"column":null}},"22":{"start":{"line":88,"column":10},"end":{"line":88,"column":null}},"23":{"start":{"line":89,"column":4},"end":{"line":89,"column":55}},"24":{"start":{"line":90,"column":4},"end":{"line":90,"column":38}},"25":{"start":{"line":92,"column":4},"end":{"line":94,"column":null}},"26":{"start":{"line":93,"column":6},"end":{"line":93,"column":38}},"27":{"start":{"line":97,"column":10},"end":{"line":100,"column":null}},"28":{"start":{"line":97,"column":59},"end":{"line":100,"column":null}},"29":{"start":{"line":98,"column":32},"end":{"line":98,"column":null}},"30":{"start":{"line":98,"column":10},"end":{"line":98,"column":null}},"31":{"start":{"line":99,"column":4},"end":{"line":99,"column":55}},"32":{"start":{"line":102,"column":10},"end":{"line":106,"column":null}},"33":{"start":{"line":103,"column":4},"end":{"line":105,"column":7}},"34":{"start":{"line":108,"column":10},"end":{"line":112,"column":null}},"35":{"start":{"line":109,"column":4},"end":{"line":111,"column":7}},"36":{"start":{"line":114,"column":10},"end":{"line":117,"column":null}},"37":{"start":{"line":114,"column":61},"end":{"line":117,"column":null}},"38":{"start":{"line":115,"column":4},"end":{"line":115,"column":43}},"39":{"start":{"line":116,"column":4},"end":{"line":116,"column":48}},"40":{"start":{"line":119,"column":10},"end":{"line":128,"column":null}},"41":{"start":{"line":119,"column":54},"end":{"line":128,"column":null}},"42":{"start":{"line":120,"column":8},"end":{"line":120,"column":12}},"43":{"start":{"line":121,"column":48},"end":{"line":121,"column":null}},"44":{"start":{"line":121,"column":12},"end":{"line":121,"column":null}},"45":{"start":{"line":122,"column":6},"end":{"line":126,"column":null}},"46":{"start":{"line":123,"column":8},"end":{"line":125,"column":11}},"47":{"start":{"line":130,"column":10},"end":{"line":135,"column":null}},"48":{"start":{"line":131,"column":4},"end":{"line":134,"column":null}},"49":{"start":{"line":132,"column":6},"end":{"line":132,"column":37}},"50":{"start":{"line":133,"column":6},"end":{"line":133,"column":13}},"51":{"start":{"line":137,"column":10},"end":{"line":141,"column":null}},"52":{"start":{"line":138,"column":4},"end":{"line":138,"column":27}},"53":{"start":{"line":139,"column":4},"end":{"line":139,"column":48}},"54":{"start":{"line":140,"column":4},"end":{"line":140,"column":28}},"55":{"start":{"line":143,"column":10},"end":{"line":146,"column":null}},"56":{"start":{"line":144,"column":4},"end":{"line":144,"column":37}},"57":{"start":{"line":145,"column":4},"end":{"line":145,"column":53}},"58":{"start":{"line":45,"column":4},"end":{"line":49,"column":6}},"59":{"start":{"line":51,"column":4},"end":{"line":51,"column":35}},"60":{"start":{"line":54,"column":2},"end":{"line":58,"column":null}},"61":{"start":{"line":55,"column":4},"end":{"line":57,"column":null}},"62":{"start":{"line":56,"column":6},"end":{"line":56,"column":38}},"63":{"start":{"line":148,"column":9},"end":{"line":218,"column":null}},"64":{"start":{"line":148,"column":2},"end":{"line":148,"column":9}},"65":{"start":{"line":149,"column":39},"end":{"line":149,"column":144}},"66":{"start":{"line":149,"column":79},"end":{"line":149,"column":144}},"67":{"start":{"line":150,"column":49},"end":{"line":150,"column":92}},"68":{"start":{"line":153,"column":49},"end":{"line":153,"column":97}},"69":{"start":{"line":154,"column":46},"end":{"line":154,"column":157}},"70":{"start":{"line":154,"column":91},"end":{"line":154,"column":150}},"71":{"start":{"line":155,"column":40},"end":{"line":155,"column":169}},"72":{"start":{"line":157,"column":32},"end":{"line":157,"column":76}},"73":{"start":{"line":158,"column":18},"end":{"line":158,"column":94}},"74":{"start":{"line":160,"column":4},"end":{"line":217,"column":6}},"75":{"start":{"line":167,"column":41},"end":{"line":167,"column":null}},"76":{"start":{"line":174,"column":12},"end":{"line":176,"column":null}},"77":{"start":{"line":175,"column":14},"end":{"line":175,"column":39}},"78":{"start":{"line":209,"column":16},"end":{"line":209,"column":41}},"79":{"start":{"line":210,"column":16},"end":{"line":210,"column":null}},"80":{"start":{"line":219,"column":0},"end":{"line":219,"column":null}},"81":{"start":{"line":221,"column":0},"end":{"line":221,"column":55}}},"fnMap":{"0":{"name":"(anonymous_27)","decl":{"start":{"line":41,"column":0},"end":{"line":41,"column":25}},"loc":{"start":{"line":41,"column":0},"end":{"line":219,"column":null}}},"1":{"name":"ActionItem","decl":{"start":{"line":42,"column":2},"end":{"line":42,"column":14}},"loc":{"start":{"line":42,"column":36},"end":{"line":52,"column":3}}},"2":{"name":"(anonymous_29)","decl":{"start":{"line":62,"column":37},"end":{"line":62,"column":38}},"loc":{"start":{"line":62,"column":64},"end":{"line":79,"column":3}}},"3":{"name":"(anonymous_30)","decl":{"start":{"line":81,"column":30},"end":{"line":81,"column":37}},"loc":{"start":{"line":81,"column":55},"end":{"line":95,"column":null}}},"4":{"name":"(anonymous_31)","decl":{"start":{"line":81,"column":55},"end":{"line":81,"column":null}},"loc":{"start":{"line":81,"column":55},"end":{"line":95,"column":null}}},"5":{"name":"(anonymous_33)","decl":{"start":{"line":97,"column":34},"end":{"line":97,"column":41}},"loc":{"start":{"line":97,"column":59},"end":{"line":100,"column":null}}},"6":{"name":"(anonymous_34)","decl":{"start":{"line":97,"column":59},"end":{"line":97,"column":null}},"loc":{"start":{"line":97,"column":59},"end":{"line":100,"column":null}}},"7":{"name":"(anonymous_36)","decl":{"start":{"line":102,"column":49},"end":{"line":102,"column":null}},"loc":{"start":{"line":102,"column":49},"end":{"line":106,"column":3}}},"8":{"name":"(anonymous_37)","decl":{"start":{"line":108,"column":49},"end":{"line":108,"column":null}},"loc":{"start":{"line":108,"column":49},"end":{"line":112,"column":3}}},"9":{"name":"(anonymous_38)","decl":{"start":{"line":114,"column":36},"end":{"line":114,"column":43}},"loc":{"start":{"line":114,"column":61},"end":{"line":117,"column":null}}},"10":{"name":"(anonymous_39)","decl":{"start":{"line":114,"column":61},"end":{"line":114,"column":null}},"loc":{"start":{"line":114,"column":61},"end":{"line":117,"column":null}}},"11":{"name":"(anonymous_41)","decl":{"start":{"line":119,"column":29},"end":{"line":119,"column":36}},"loc":{"start":{"line":119,"column":54},"end":{"line":128,"column":null}}},"12":{"name":"(anonymous_42)","decl":{"start":{"line":119,"column":54},"end":{"line":119,"column":null}},"loc":{"start":{"line":119,"column":54},"end":{"line":128,"column":null}}},"13":{"name":"(anonymous_44)","decl":{"start":{"line":130,"column":41},"end":{"line":130,"column":42}},"loc":{"start":{"line":130,"column":146},"end":{"line":135,"column":3}}},"14":{"name":"(anonymous_45)","decl":{"start":{"line":137,"column":31},"end":{"line":137,"column":32}},"loc":{"start":{"line":137,"column":263},"end":{"line":141,"column":3}}},"15":{"name":"(anonymous_46)","decl":{"start":{"line":143,"column":29},"end":{"line":143,"column":30}},"loc":{"start":{"line":143,"column":119},"end":{"line":146,"column":3}}},"16":{"name":"(anonymous_47)","decl":{"start":{"line":54,"column":2},"end":{"line":54,"column":19}},"loc":{"start":{"line":54,"column":2},"end":{"line":58,"column":3}}},"17":{"name":"(anonymous_48)","decl":{"start":{"line":148,"column":2},"end":{"line":148,"column":9}},"loc":{"start":{"line":148,"column":2},"end":{"line":218,"column":3}}},"18":{"name":"(anonymous_49)","decl":{"start":{"line":149,"column":72},"end":{"line":149,"column":75}},"loc":{"start":{"line":149,"column":75},"end":{"line":149,"column":82}}},"19":{"name":"(anonymous_50)","decl":{"start":{"line":154,"column":83},"end":{"line":154,"column":87}},"loc":{"start":{"line":154,"column":87},"end":{"line":154,"column":95}}},"20":{"name":"(anonymous_51)","decl":{"start":{"line":167,"column":15},"end":{"line":167,"column":16}},"loc":{"start":{"line":167,"column":36},"end":{"line":167,"column":45}}},"21":{"name":"(anonymous_52)","decl":{"start":{"line":173,"column":22},"end":{"line":173,"column":23}},"loc":{"start":{"line":173,"column":24},"end":{"line":177,"column":11}}},"22":{"name":"(anonymous_53)","decl":{"start":{"line":208,"column":38},"end":{"line":208,"column":39}},"loc":{"start":{"line":208,"column":40},"end":{"line":211,"column":17}}}},"branchMap":{"0":{"loc":{"start":{"line":43,"column":4},"end":{"line":43,"column":null}},"type":"binary-expr","locations":[{"start":{"line":43,"column":4},"end":{"line":43,"column":16}},{"start":{"line":43,"column":16},"end":{"line":43,"column":null}}]},"1":{"loc":{"start":{"line":82,"column":27},"end":{"line":82,"column":null}},"type":"switch","locations":[{"start":{"line":82,"column":27},"end":{"line":82,"column":null}}]},"2":{"loc":{"start":{"line":92,"column":4},"end":{"line":94,"column":null}},"type":"if","locations":[{"start":{"line":92,"column":4},"end":{"line":94,"column":null}}]},"3":{"loc":{"start":{"line":98,"column":32},"end":{"line":98,"column":null}},"type":"switch","locations":[{"start":{"line":98,"column":32},"end":{"line":98,"column":null}}]},"4":{"loc":{"start":{"line":120,"column":8},"end":{"line":120,"column":12}},"type":"if","locations":[{"start":{"line":120,"column":8},"end":{"line":120,"column":12}}]},"5":{"loc":{"start":{"line":120,"column":8},"end":{"line":120,"column":80}},"type":"binary-expr","locations":[{"start":{"line":120,"column":8},"end":{"line":120,"column":33}},{"start":{"line":120,"column":37},"end":{"line":120,"column":80}}]},"6":{"loc":{"start":{"line":122,"column":6},"end":{"line":126,"column":null}},"type":"if","locations":[{"start":{"line":122,"column":6},"end":{"line":126,"column":null}}]},"7":{"loc":{"start":{"line":131,"column":4},"end":{"line":134,"column":null}},"type":"if","locations":[{"start":{"line":131,"column":4},"end":{"line":134,"column":null}}]},"8":{"loc":{"start":{"line":144,"column":4},"end":{"line":144,"column":36}},"type":"binary-expr","locations":[{"start":{"line":144,"column":4},"end":{"line":144,"column":9}},{"start":{"line":144,"column":13},"end":{"line":144,"column":36}}]},"9":{"loc":{"start":{"line":55,"column":4},"end":{"line":57,"column":null}},"type":"if","locations":[{"start":{"line":55,"column":4},"end":{"line":57,"column":null}}]},"10":{"loc":{"start":{"line":55,"column":7},"end":{"line":55,"column":56}},"type":"binary-expr","locations":[{"start":{"line":55,"column":7},"end":{"line":55,"column":29}},{"start":{"line":55,"column":33},"end":{"line":55,"column":56}}]},"11":{"loc":{"start":{"line":153,"column":49},"end":{"line":153,"column":97}},"type":"cond-expr","locations":[{"start":{"line":153,"column":71},"end":{"line":153,"column":90}},{"start":{"line":153,"column":93},"end":{"line":153,"column":97}}]},"12":{"loc":{"start":{"line":154,"column":46},"end":{"line":154,"column":157}},"type":"cond-expr","locations":[{"start":{"line":154,"column":63},"end":{"line":154,"column":150}},{"start":{"line":154,"column":153},"end":{"line":154,"column":157}}]},"13":{"loc":{"start":{"line":155,"column":40},"end":{"line":155,"column":169}},"type":"cond-expr","locations":[{"start":{"line":155,"column":141},"end":{"line":155,"column":164}},{"start":{"line":155,"column":167},"end":{"line":155,"column":169}}]},"14":{"loc":{"start":{"line":155,"column":40},"end":{"line":155,"column":138}},"type":"binary-expr","locations":[{"start":{"line":155,"column":40},"end":{"line":155,"column":53}},{"start":{"line":155,"column":58},"end":{"line":155,"column":96}},{"start":{"line":155,"column":100},"end":{"line":155,"column":137}}]},"15":{"loc":{"start":{"line":158,"column":18},"end":{"line":158,"column":94}},"type":"cond-expr","locations":[{"start":{"line":158,"column":44},"end":{"line":158,"column":80}},{"start":{"line":158,"column":83},"end":{"line":158,"column":94}}]},"16":{"loc":{"start":{"line":174,"column":12},"end":{"line":176,"column":null}},"type":"if","locations":[{"start":{"line":174,"column":12},"end":{"line":176,"column":null}}]},"17":{"loc":{"start":{"line":181,"column":9},"end":{"line":190,"column":null}},"type":"binary-expr","locations":[{"start":{"line":181,"column":9},"end":{"line":181,"column":41}},{"start":{"line":182,"column":10},"end":{"line":190,"column":null}}]},"18":{"loc":{"start":{"line":193,"column":9},"end":{"line":213,"column":null}},"type":"binary-expr","locations":[{"start":{"line":193,"column":9},"end":{"line":193,"column":61}},{"start":{"line":194,"column":10},"end":{"line":213,"column":null}}]},"19":{"loc":{"start":{"line":209,"column":16},"end":{"line":209,"column":40}},"type":"binary-expr","locations":[{"start":{"line":209,"column":16},"end":{"line":209,"column":17}},{"start":{"line":209,"column":21},"end":{"line":209,"column":40}}]}},"s":{"0":2,"1":2,"2":2,"3":2,"4":2,"5":2,"6":2,"7":2,"8":2,"9":2,"10":2,"11":2,"12":2,"13":0,"14":0,"15":0,"16":0,"17":0,"18":0,"19":0,"20":0,"21":0,"22":0,"23":0,"24":0,"25":0,"26":0,"27":0,"28":0,"29":0,"30":0,"31":0,"32":0,"33":0,"34":0,"35":0,"36":0,"37":0,"38":0,"39":0,"40":0,"41":0,"42":0,"43":0,"44":0,"45":0,"46":0,"47":0,"48":0,"49":0,"50":0,"51":0,"52":0,"53":0,"54":0,"55":0,"56":0,"57":0,"58":0,"59":0,"60":2,"61":0,"62":0,"63":2,"64":0,"65":0,"66":0,"67":0,"68":0,"69":0,"70":0,"71":0,"72":0,"73":0,"74":0,"75":0,"76":0,"77":0,"78":0,"79":0,"80":2,"81":2},"f":{"0":2,"1":0,"2":0,"3":0,"4":0,"5":0,"6":0,"7":0,"8":0,"9":0,"10":0,"11":0,"12":0,"13":0,"14":0,"15":0,"16":0,"17":0,"18":0,"19":0,"20":0,"21":0,"22":0},"b":{"0":[0,0],"1":[0],"2":[0],"3":[0],"4":[0],"5":[0,0],"6":[0],"7":[0],"8":[0,0],"9":[0],"10":[0,0],"11":[0,0],"12":[0,0],"13":[0,0],"14":[0,0,0],"15":[0,0],"16":[0],"17":[0,0],"18":[0,0],"19":[0,0]}}
,"/workspaces/temp4/RetrospectiveExtension.Frontend/components/actionItemDisplay.tsx": {"path":"/workspaces/temp4/RetrospectiveExtension.Frontend/components/actionItemDisplay.tsx","statementMap":{"0":{"start":{"line":1,"column":0},"end":{"line":1,"column":129}},"1":{"start":{"line":2,"column":0},"end":{"line":2,"column":57}},"2":{"start":{"line":3,"column":0},"end":{"line":3,"column":31}},"3":{"start":{"line":4,"column":0},"end":{"line":4,"column":65}},"4":{"start":{"line":7,"column":0},"end":{"line":7,"column":121}},"5":{"start":{"line":9,"column":0},"end":{"line":9,"column":68}},"6":{"start":{"line":10,"column":0},"end":{"line":10,"column":57}},"7":{"start":{"line":13,"column":0},"end":{"line":13,"column":87}},"8":{"start":{"line":14,"column":0},"end":{"line":14,"column":55}},"9":{"start":{"line":15,"column":0},"end":{"line":15,"column":58}},"10":{"start":{"line":16,"column":0},"end":{"line":16,"column":85}},"11":{"start":{"line":17,"column":0},"end":{"line":17,"column":65}},"12":{"start":{"line":18,"column":0},"end":{"line":18,"column":38}},"13":{"start":{"line":19,"column":0},"end":{"line":19,"column":73}},"14":{"start":{"line":20,"column":0},"end":{"line":20,"column":68}},"15":{"start":{"line":47,"column":0},"end":{"line":47,"column":95}},"16":{"start":{"line":47,"column":32},"end":{"line":47,"column":37}},"17":{"start":{"line":49,"column":4},"end":{"line":49,"column":null}},"18":{"start":{"line":69,"column":10},"end":{"line":90,"column":null}},"19":{"start":{"line":69,"column":67},"end":{"line":90,"column":null}},"20":{"start":{"line":70,"column":21},"end":{"line":70,"column":null}},"21":{"start":{"line":70,"column":10},"end":{"line":70,"column":null}},"22":{"start":{"line":71,"column":27},"end":{"line":71,"column":null}},"23":{"start":{"line":71,"column":10},"end":{"line":71,"column":null}},"24":{"start":{"line":72,"column":21},"end":{"line":83,"column":null}},"25":{"start":{"line":72,"column":10},"end":{"line":83,"column":null}},"26":{"start":{"line":85,"column":8},"end":{"line":85,"column":16}},"27":{"start":{"line":86,"column":34},"end":{"line":86,"column":null}},"28":{"start":{"line":86,"column":12},"end":{"line":86,"column":null}},"29":{"start":{"line":88,"column":6},"end":{"line":88,"column":57}},"30":{"start":{"line":92,"column":10},"end":{"line":96,"column":null}},"31":{"start":{"line":93,"column":4},"end":{"line":95,"column":7}},"32":{"start":{"line":94,"column":6},"end":{"line":94,"column":50}},"33":{"start":{"line":98,"column":10},"end":{"line":111,"column":null}},"34":{"start":{"line":99,"column":4},"end":{"line":110,"column":6}},"35":{"start":{"line":113,"column":10},"end":{"line":115,"column":null}},"36":{"start":{"line":114,"column":4},"end":{"line":114,"column":51}},"37":{"start":{"line":117,"column":10},"end":{"line":119,"column":null}},"38":{"start":{"line":118,"column":4},"end":{"line":118,"column":122}},"39":{"start":{"line":121,"column":10},"end":{"line":125,"column":null}},"40":{"start":{"line":122,"column":4},"end":{"line":124,"column":7}},"41":{"start":{"line":127,"column":10},"end":{"line":131,"column":null}},"42":{"start":{"line":128,"column":4},"end":{"line":130,"column":7}},"43":{"start":{"line":129,"column":6},"end":{"line":129,"column":95}},"44":{"start":{"line":133,"column":10},"end":{"line":137,"column":null}},"45":{"start":{"line":134,"column":4},"end":{"line":136,"column":null}},"46":{"start":{"line":135,"column":6},"end":{"line":135,"column":35}},"47":{"start":{"line":139,"column":10},"end":{"line":143,"column":null}},"48":{"start":{"line":140,"column":4},"end":{"line":140,"column":37}},"49":{"start":{"line":141,"column":4},"end":{"line":141,"column":31}},"50":{"start":{"line":142,"column":4},"end":{"line":142,"column":null}},"51":{"start":{"line":145,"column":10},"end":{"line":170,"column":null}},"52":{"start":{"line":145,"column":99},"end":{"line":170,"column":null}},"53":{"start":{"line":146,"column":4},"end":{"line":152,"column":null}},"54":{"start":{"line":147,"column":6},"end":{"line":150,"column":9}},"55":{"start":{"line":151,"column":6},"end":{"line":151,"column":13}},"56":{"start":{"line":154,"column":10},"end":{"line":154,"column":47}},"57":{"start":{"line":156,"column":4},"end":{"line":162,"column":null}},"58":{"start":{"line":157,"column":6},"end":{"line":160,"column":9}},"59":{"start":{"line":161,"column":6},"end":{"line":161,"column":13}},"60":{"start":{"line":164,"column":21},"end":{"line":164,"column":null}},"61":{"start":{"line":164,"column":10},"end":{"line":164,"column":null}},"62":{"start":{"line":165,"column":4},"end":{"line":169,"column":7}},"63":{"start":{"line":172,"column":10},"end":{"line":180,"column":null}},"64":{"start":{"line":172,"column":33},"end":{"line":180,"column":null}},"65":{"start":{"line":173,"column":4},"end":{"line":173,"column":41}},"66":{"start":{"line":175,"column":8},"end":{"line":175,"column":12}},"67":{"start":{"line":176,"column":34},"end":{"line":176,"column":null}},"68":{"start":{"line":176,"column":12},"end":{"line":176,"column":null}},"69":{"start":{"line":178,"column":6},"end":{"line":178,"column":57}},"70":{"start":{"line":182,"column":10},"end":{"line":193,"column":null}},"71":{"start":{"line":182,"column":45},"end":{"line":182,"column":null}},"72":{"start":{"line":183,"column":4},"end":{"line":185,"column":null}},"73":{"start":{"line":184,"column":6},"end":{"line":184,"column":35}},"74":{"start":{"line":187,"column":4},"end":{"line":192,"column":7}},"75":{"start":{"line":195,"column":10},"end":{"line":199,"column":null}},"76":{"start":{"line":196,"column":4},"end":{"line":198,"column":7}},"77":{"start":{"line":51,"column":4},"end":{"line":58,"column":6}},"78":{"start":{"line":61,"column":2},"end":{"line":65,"column":null}},"79":{"start":{"line":62,"column":4},"end":{"line":64,"column":null}},"80":{"start":{"line":63,"column":6},"end":{"line":63,"column":46}},"81":{"start":{"line":201,"column":9},"end":{"line":319,"column":null}},"82":{"start":{"line":201,"column":2},"end":{"line":201,"column":9}},"83":{"start":{"line":202,"column":34},"end":{"line":202,"column":44}},"84":{"start":{"line":202,"column":20},"end":{"line":202,"column":22}},"85":{"start":{"line":202,"column":29},"end":{"line":202,"column":34}},"86":{"start":{"line":203,"column":4},"end":{"line":318,"column":6}},"87":{"start":{"line":209,"column":28},"end":{"line":209,"column":null}},"88":{"start":{"line":212,"column":61},"end":{"line":212,"column":null}},"89":{"start":{"line":243,"column":22},"end":{"line":246,"column":null}},"90":{"start":{"line":244,"column":24},"end":{"line":244,"column":44}},"91":{"start":{"line":245,"column":24},"end":{"line":245,"column":63}},"92":{"start":{"line":259,"column":22},"end":{"line":270,"column":24}},"93":{"start":{"line":262,"column":42},"end":{"line":262,"column":null}},"94":{"start":{"line":320,"column":0},"end":{"line":320,"column":null}},"95":{"start":{"line":322,"column":0},"end":{"line":322,"column":62}}},"fnMap":{"0":{"name":"(anonymous_26)","decl":{"start":{"line":47,"column":0},"end":{"line":47,"column":32}},"loc":{"start":{"line":47,"column":0},"end":{"line":320,"column":null}}},"1":{"name":"ActionItemDisplay","decl":{"start":{"line":48,"column":2},"end":{"line":48,"column":14}},"loc":{"start":{"line":48,"column":43},"end":{"line":59,"column":1}}},"2":{"name":"(anonymous_28)","decl":{"start":{"line":69,"column":36},"end":{"line":69,"column":43}},"loc":{"start":{"line":69,"column":67},"end":{"line":90,"column":null}}},"3":{"name":"(anonymous_29)","decl":{"start":{"line":69,"column":67},"end":{"line":69,"column":null}},"loc":{"start":{"line":69,"column":67},"end":{"line":90,"column":null}}},"4":{"name":"(anonymous_31)","decl":{"start":{"line":92,"column":35},"end":{"line":92,"column":null}},"loc":{"start":{"line":92,"column":35},"end":{"line":96,"column":3}}},"5":{"name":"(anonymous_32)","decl":{"start":{"line":93,"column":38},"end":{"line":93,"column":39}},"loc":{"start":{"line":93,"column":43},"end":{"line":95,"column":5}}},"6":{"name":"(anonymous_33)","decl":{"start":{"line":98,"column":31},"end":{"line":98,"column":32}},"loc":{"start":{"line":98,"column":77},"end":{"line":111,"column":3}}},"7":{"name":"(anonymous_34)","decl":{"start":{"line":113,"column":26},"end":{"line":113,"column":27}},"loc":{"start":{"line":113,"column":51},"end":{"line":115,"column":3}}},"8":{"name":"(anonymous_35)","decl":{"start":{"line":117,"column":37},"end":{"line":117,"column":38}},"loc":{"start":{"line":117,"column":80},"end":{"line":119,"column":3}}},"9":{"name":"(anonymous_36)","decl":{"start":{"line":121,"column":32},"end":{"line":121,"column":null}},"loc":{"start":{"line":121,"column":32},"end":{"line":125,"column":3}}},"10":{"name":"(anonymous_37)","decl":{"start":{"line":127,"column":34},"end":{"line":127,"column":null}},"loc":{"start":{"line":127,"column":34},"end":{"line":131,"column":3}}},"11":{"name":"(anonymous_38)","decl":{"start":{"line":128,"column":18},"end":{"line":128,"column":19}},"loc":{"start":{"line":128,"column":28},"end":{"line":130,"column":5}}},"12":{"name":"(anonymous_39)","decl":{"start":{"line":133,"column":41},"end":{"line":133,"column":42}},"loc":{"start":{"line":133,"column":84},"end":{"line":137,"column":3}}},"13":{"name":"(anonymous_40)","decl":{"start":{"line":139,"column":36},"end":{"line":139,"column":37}},"loc":{"start":{"line":139,"column":176},"end":{"line":143,"column":3}}},"14":{"name":"(anonymous_41)","decl":{"start":{"line":145,"column":30},"end":{"line":145,"column":37}},"loc":{"start":{"line":145,"column":99},"end":{"line":170,"column":null}}},"15":{"name":"(anonymous_42)","decl":{"start":{"line":145,"column":99},"end":{"line":145,"column":null}},"loc":{"start":{"line":145,"column":99},"end":{"line":170,"column":null}}},"16":{"name":"(anonymous_44)","decl":{"start":{"line":172,"column":33},"end":{"line":172,"column":null}},"loc":{"start":{"line":172,"column":33},"end":{"line":180,"column":null}}},"17":{"name":"(anonymous_47)","decl":{"start":{"line":182,"column":44},"end":{"line":182,"column":45}},"loc":{"start":{"line":182,"column":163},"end":{"line":193,"column":3}}},"18":{"name":"(anonymous_48)","decl":{"start":{"line":195,"column":42},"end":{"line":195,"column":null}},"loc":{"start":{"line":195,"column":42},"end":{"line":199,"column":3}}},"19":{"name":"(anonymous_49)","decl":{"start":{"line":61,"column":2},"end":{"line":61,"column":19}},"loc":{"start":{"line":61,"column":2},"end":{"line":65,"column":3}}},"20":{"name":"(anonymous_50)","decl":{"start":{"line":201,"column":2},"end":{"line":201,"column":9}},"loc":{"start":{"line":201,"column":2},"end":{"line":319,"column":3}}},"21":{"name":"(anonymous_51)","decl":{"start":{"line":209,"column":19},"end":{"line":209,"column":20}},"loc":{"start":{"line":209,"column":23},"end":{"line":209,"column":32}}},"22":{"name":"(anonymous_52)","decl":{"start":{"line":212,"column":30},"end":{"line":212,"column":31}},"loc":{"start":{"line":212,"column":56},"end":{"line":212,"column":65}}},"23":{"name":"(anonymous_53)","decl":{"start":{"line":242,"column":31},"end":{"line":242,"column":32}},"loc":{"start":{"line":242,"column":33},"end":{"line":247,"column":21}}},"24":{"name":"(anonymous_54)","decl":{"start":{"line":258,"column":34},"end":{"line":258,"column":35}},"loc":{"start":{"line":258,"column":53},"end":{"line":271,"column":21}}},"25":{"name":"(anonymous_55)","decl":{"start":{"line":262,"column":35},"end":{"line":262,"column":36}},"loc":{"start":{"line":262,"column":37},"end":{"line":262,"column":46}}}},"branchMap":{"0":{"loc":{"start":{"line":49,"column":4},"end":{"line":49,"column":null}},"type":"binary-expr","locations":[{"start":{"line":49,"column":4},"end":{"line":49,"column":16}},{"start":{"line":49,"column":16},"end":{"line":49,"column":null}}]},"1":{"loc":{"start":{"line":70,"column":21},"end":{"line":70,"column":null}},"type":"switch","locations":[{"start":{"line":70,"column":21},"end":{"line":70,"column":null}}]},"2":{"loc":{"start":{"line":85,"column":8},"end":{"line":85,"column":16}},"type":"if","locations":[{"start":{"line":85,"column":8},"end":{"line":85,"column":16}}]},"3":{"loc":{"start":{"line":134,"column":4},"end":{"line":136,"column":null}},"type":"if","locations":[{"start":{"line":134,"column":4},"end":{"line":136,"column":null}}]},"4":{"loc":{"start":{"line":140,"column":4},"end":{"line":140,"column":36}},"type":"binary-expr","locations":[{"start":{"line":140,"column":4},"end":{"line":140,"column":9}},{"start":{"line":140,"column":13},"end":{"line":140,"column":36}}]},"5":{"loc":{"start":{"line":146,"column":4},"end":{"line":152,"column":null}},"type":"if","locations":[{"start":{"line":146,"column":4},"end":{"line":152,"column":null}}]},"6":{"loc":{"start":{"line":146,"column":8},"end":{"line":146,"column":37}},"type":"binary-expr","locations":[{"start":{"line":146,"column":8},"end":{"line":146,"column":17}},{"start":{"line":146,"column":21},"end":{"line":146,"column":37}}]},"7":{"loc":{"start":{"line":156,"column":4},"end":{"line":162,"column":null}},"type":"if","locations":[{"start":{"line":156,"column":4},"end":{"line":162,"column":null}}]},"8":{"loc":{"start":{"line":167,"column":22},"end":{"line":167,"column":54}},"type":"cond-expr","locations":[{"start":{"line":167,"column":36},"end":{"line":167,"column":47}},{"start":{"line":167,"column":50},"end":{"line":167,"column":54}}]},"9":{"loc":{"start":{"line":175,"column":8},"end":{"line":175,"column":12}},"type":"if","locations":[{"start":{"line":175,"column":8},"end":{"line":175,"column":12}}]},"10":{"loc":{"start":{"line":182,"column":45},"end":{"line":182,"column":null}},"type":"if","locations":[{"start":{"line":182,"column":45},"end":{"line":182,"column":null}}]},"11":{"loc":{"start":{"line":183,"column":4},"end":{"line":185,"column":null}},"type":"if","locations":[{"start":{"line":183,"column":4},"end":{"line":185,"column":null}}]},"12":{"loc":{"start":{"line":62,"column":4},"end":{"line":64,"column":null}},"type":"if","locations":[{"start":{"line":62,"column":4},"end":{"line":64,"column":null}}]},"13":{"loc":{"start":{"line":205,"column":9},"end":{"line":274,"column":null}},"type":"binary-expr","locations":[{"start":{"line":205,"column":9},"end":{"line":205,"column":41}},{"start":{"line":206,"column":10},"end":{"line":274,"column":null}}]},"14":{"loc":{"start":{"line":224,"column":13},"end":{"line":273,"column":null}},"type":"binary-expr","locations":[{"start":{"line":224,"column":13},"end":{"line":224,"column":56}},{"start":{"line":225,"column":14},"end":{"line":273,"column":null}}]},"15":{"loc":{"start":{"line":243,"column":22},"end":{"line":246,"column":null}},"type":"if","locations":[{"start":{"line":243,"column":22},"end":{"line":246,"column":null}}]},"16":{"loc":{"start":{"line":300,"column":14},"end":{"line":300,"column":156}},"type":"binary-expr","locations":[{"start":{"line":300,"column":14},"end":{"line":300,"column":55}},{"start":{"line":300,"column":59},"end":{"line":300,"column":156}}]},"17":{"loc":{"start":{"line":305,"column":14},"end":{"line":305,"column":136}},"type":"binary-expr","locations":[{"start":{"line":305,"column":14},"end":{"line":305,"column":47}},{"start":{"line":305,"column":51},"end":{"line":305,"column":76}},{"start":{"line":305,"column":80},"end":{"line":305,"column":136}}]},"18":{"loc":{"start":{"line":308,"column":14},"end":{"line":309,"column":127}},"type":"binary-expr","locations":[{"start":{"line":308,"column":14},"end":{"line":308,"column":47}},{"start":{"line":308,"column":51},"end":{"line":308,"column":77}},{"start":{"line":309,"column":14},"end":{"line":309,"column":127}}]}},"s":{"0":2,"1":2,"2":2,"3":2,"4":2,"5":2,"6":2,"7":2,"8":2,"9":2,"10":2,"11":2,"12":2,"13":2,"14":2,"15":2,"16":2,"17":1,"18":1,"19":0,"20":0,"21":0,"22":0,"23":0,"24":0,"25":0,"26":0,"27":0,"28":0,"29":0,"30":1,"31":2,"32":0,"33":1,"34":0,"35":1,"36":0,"37":1,"38":0,"39":1,"40":0,"41":1,"42":0,"43":0,"44":1,"45":0,"46":0,"47":1,"48":0,"49":0,"50":0,"51":1,"52":0,"53":0,"54":0,"55":0,"56":0,"57":0,"58":0,"59":0,"60":0,"61":0,"62":0,"63":1,"64":0,"65":0,"66":0,"67":0,"68":0,"69":0,"70":1,"71":0,"72":0,"73":0,"74":0,"75":1,"76":0,"77":1,"78":2,"79":1,"80":1,"81":2,"82":2,"83":2,"84":2,"85":2,"86":2,"87":0,"88":0,"89":0,"90":0,"91":0,"92":0,"93":0,"94":2,"95":2},"f":{"0":2,"1":1,"2":0,"3":0,"4":2,"5":0,"6":0,"7":0,"8":0,"9":0,"10":0,"11":0,"12":0,"13":0,"14":0,"15":0,"16":0,"17":0,"18":0,"19":1,"20":2,"21":0,"22":0,"23":0,"24":0,"25":0},"b":{"0":[1,1],"1":[0],"2":[0],"3":[0],"4":[0,0],"5":[0],"6":[0,0],"7":[0],"8":[0,0],"9":[0],"10":[0],"11":[0],"12":[1],"13":[2,0],"14":[0,0],"15":[0],"16":[2,0],"17":[2,0,0],"18":[2,0,0]}}
,"/workspaces/temp4/RetrospectiveExtension.Frontend/components/boardSummary.tsx": {"path":"/workspaces/temp4/RetrospectiveExtension.Frontend/components/boardSummary.tsx","statementMap":{"0":{"start":{"line":1,"column":1},"end":{"line":1,"column":32}},"1":{"start":{"line":2,"column":0},"end":{"line":2,"column":56}},"2":{"start":{"line":4,"column":0},"end":{"line":4,"column":null}},"3":{"start":{"line":9,"column":0},"end":{"line":9,"column":57}},"4":{"start":{"line":10,"column":0},"end":{"line":10,"column":121}},"5":{"start":{"line":11,"column":0},"end":{"line":11,"column":null}},"6":{"start":{"line":17,"column":0},"end":{"line":17,"column":73}},"7":{"start":{"line":18,"column":0},"end":{"line":18,"column":68}},"8":{"start":{"line":55,"column":0},"end":{"line":55,"column":82}},"9":{"start":{"line":55,"column":27},"end":{"line":55,"column":32}},"10":{"start":{"line":57,"column":4},"end":{"line":57,"column":null}},"11":{"start":{"line":154,"column":10},"end":{"line":162,"column":null}},"12":{"start":{"line":155,"column":39},"end":{"line":155,"column":103}},"13":{"start":{"line":155,"column":85},"end":{"line":155,"column":103}},"14":{"start":{"line":157,"column":4},"end":{"line":161,"column":6}},"15":{"start":{"line":164,"column":10},"end":{"line":188,"column":null}},"16":{"start":{"line":165,"column":28},"end":{"line":165,"column":63}},"17":{"start":{"line":167,"column":4},"end":{"line":185,"column":7}},"18":{"start":{"line":168,"column":43},"end":{"line":182,"column":8}},"19":{"start":{"line":177,"column":44},"end":{"line":181,"column":null}},"20":{"start":{"line":179,"column":33},"end":{"line":179,"column":null}},"21":{"start":{"line":179,"column":16},"end":{"line":179,"column":null}},"22":{"start":{"line":180,"column":10},"end":{"line":180,"column":48}},"23":{"start":{"line":184,"column":6},"end":{"line":184,"column":33}},"24":{"start":{"line":187,"column":4},"end":{"line":187,"column":27}},"25":{"start":{"line":190,"column":10},"end":{"line":213,"column":null}},"26":{"start":{"line":191,"column":24},"end":{"line":191,"column":55}},"27":{"start":{"line":192,"column":25},"end":{"line":192,"column":44}},"28":{"start":{"line":194,"column":39},"end":{"line":194,"column":80}},"29":{"start":{"line":195,"column":32},"end":{"line":197,"column":9}},"30":{"start":{"line":196,"column":6},"end":{"line":196,"column":40}},"31":{"start":{"line":198,"column":4},"end":{"line":206,"column":7}},"32":{"start":{"line":199,"column":6},"end":{"line":205,"column":null}},"33":{"start":{"line":200,"column":8},"end":{"line":200,"column":71}},"34":{"start":{"line":201,"column":8},"end":{"line":201,"column":35}},"35":{"start":{"line":203,"column":8},"end":{"line":203,"column":32}},"36":{"start":{"line":204,"column":8},"end":{"line":204,"column":41}},"37":{"start":{"line":208,"column":4},"end":{"line":208,"column":125}},"38":{"start":{"line":209,"column":4},"end":{"line":212,"column":7}},"39":{"start":{"line":215,"column":10},"end":{"line":218,"column":null}},"40":{"start":{"line":215,"column":53},"end":{"line":218,"column":null}},"41":{"start":{"line":216,"column":27},"end":{"line":216,"column":null}},"42":{"start":{"line":216,"column":10},"end":{"line":216,"column":null}},"43":{"start":{"line":217,"column":4},"end":{"line":217,"column":47}},"44":{"start":{"line":220,"column":10},"end":{"line":242,"column":null}},"45":{"start":{"line":220,"column":96},"end":{"line":220,"column":null}},"46":{"start":{"line":221,"column":4},"end":{"line":241,"column":null}},"47":{"start":{"line":222,"column":6},"end":{"line":230,"column":9}},"48":{"start":{"line":223,"column":8},"end":{"line":225,"column":null}},"49":{"start":{"line":224,"column":10},"end":{"line":224,"column":19}},"50":{"start":{"line":226,"column":8},"end":{"line":228,"column":null}},"51":{"start":{"line":227,"column":10},"end":{"line":227,"column":20}},"52":{"start":{"line":229,"column":8},"end":{"line":229,"column":17}},"53":{"start":{"line":232,"column":6},"end":{"line":240,"column":9}},"54":{"start":{"line":233,"column":8},"end":{"line":235,"column":null}},"55":{"start":{"line":234,"column":10},"end":{"line":234,"column":20}},"56":{"start":{"line":236,"column":8},"end":{"line":238,"column":null}},"57":{"start":{"line":237,"column":10},"end":{"line":237,"column":19}},"58":{"start":{"line":239,"column":8},"end":{"line":239,"column":17}},"59":{"start":{"line":59,"column":47},"end":{"line":140,"column":6}},"60":{"start":{"line":70,"column":10},"end":{"line":70,"column":107}},"61":{"start":{"line":83,"column":10},"end":{"line":83,"column":155}},"62":{"start":{"line":83,"column":31},"end":{"line":83,"column":89}},"63":{"start":{"line":83,"column":45},"end":{"line":83,"column":85}},"64":{"start":{"line":115,"column":30},"end":{"line":115,"column":57}},"65":{"start":{"line":116,"column":10},"end":{"line":116,"column":166}},"66":{"start":{"line":142,"column":4},"end":{"line":145,"column":6}},"67":{"start":{"line":148,"column":9},"end":{"line":152,"column":null}},"68":{"start":{"line":149,"column":33},"end":{"line":149,"column":60}},"69":{"start":{"line":151,"column":4},"end":{"line":151,"column":44}},"70":{"start":{"line":244,"column":9},"end":{"line":303,"column":null}},"71":{"start":{"line":245,"column":4},"end":{"line":302,"column":6}},"72":{"start":{"line":304,"column":0},"end":{"line":304,"column":null}},"73":{"start":{"line":306,"column":0},"end":{"line":306,"column":57}}},"fnMap":{"0":{"name":"(anonymous_25)","decl":{"start":{"line":55,"column":0},"end":{"line":55,"column":27}},"loc":{"start":{"line":55,"column":0},"end":{"line":304,"column":null}}},"1":{"name":"BoardSummary","decl":{"start":{"line":56,"column":2},"end":{"line":56,"column":14}},"loc":{"start":{"line":56,"column":39},"end":{"line":146,"column":3}}},"2":{"name":"(anonymous_27)","decl":{"start":{"line":154,"column":35},"end":{"line":154,"column":36}},"loc":{"start":{"line":154,"column":48},"end":{"line":162,"column":3}}},"3":{"name":"(anonymous_28)","decl":{"start":{"line":155,"column":78},"end":{"line":155,"column":81}},"loc":{"start":{"line":155,"column":81},"end":{"line":155,"column":88}}},"4":{"name":"(anonymous_29)","decl":{"start":{"line":164,"column":33},"end":{"line":164,"column":null}},"loc":{"start":{"line":164,"column":33},"end":{"line":188,"column":3}}},"5":{"name":"(anonymous_30)","decl":{"start":{"line":167,"column":35},"end":{"line":167,"column":43}},"loc":{"start":{"line":167,"column":43},"end":{"line":185,"column":5}}},"6":{"name":"(anonymous_31)","decl":{"start":{"line":177,"column":27},"end":{"line":177,"column":34}},"loc":{"start":{"line":177,"column":44},"end":{"line":181,"column":null}}},"7":{"name":"(anonymous_32)","decl":{"start":{"line":177,"column":44},"end":{"line":177,"column":null}},"loc":{"start":{"line":177,"column":44},"end":{"line":181,"column":null}}},"8":{"name":"(anonymous_34)","decl":{"start":{"line":190,"column":26},"end":{"line":190,"column":27}},"loc":{"start":{"line":190,"column":77},"end":{"line":213,"column":3}}},"9":{"name":"(anonymous_35)","decl":{"start":{"line":195,"column":55},"end":{"line":195,"column":56}},"loc":{"start":{"line":195,"column":72},"end":{"line":197,"column":5}}},"10":{"name":"(anonymous_36)","decl":{"start":{"line":198,"column":28},"end":{"line":198,"column":29}},"loc":{"start":{"line":198,"column":44},"end":{"line":206,"column":5}}},"11":{"name":"(anonymous_37)","decl":{"start":{"line":215,"column":26},"end":{"line":215,"column":33}},"loc":{"start":{"line":215,"column":53},"end":{"line":218,"column":null}}},"12":{"name":"(anonymous_38)","decl":{"start":{"line":215,"column":53},"end":{"line":215,"column":null}},"loc":{"start":{"line":215,"column":53},"end":{"line":218,"column":null}}},"13":{"name":"(anonymous_40)","decl":{"start":{"line":220,"column":36},"end":{"line":220,"column":37}},"loc":{"start":{"line":220,"column":114},"end":{"line":242,"column":3}}},"14":{"name":"(anonymous_41)","decl":{"start":{"line":222,"column":30},"end":{"line":222,"column":31}},"loc":{"start":{"line":222,"column":91},"end":{"line":230,"column":7}}},"15":{"name":"(anonymous_42)","decl":{"start":{"line":232,"column":30},"end":{"line":232,"column":31}},"loc":{"start":{"line":232,"column":91},"end":{"line":240,"column":7}}},"16":{"name":"(anonymous_43)","decl":{"start":{"line":69,"column":18},"end":{"line":69,"column":19}},"loc":{"start":{"line":69,"column":24},"end":{"line":71,"column":9}}},"17":{"name":"(anonymous_44)","decl":{"start":{"line":82,"column":18},"end":{"line":82,"column":19}},"loc":{"start":{"line":82,"column":48},"end":{"line":84,"column":9}}},"18":{"name":"(anonymous_45)","decl":{"start":{"line":83,"column":31},"end":{"line":83,"column":45}},"loc":{"start":{"line":83,"column":31},"end":{"line":83,"column":89}}},"19":{"name":"(anonymous_48)","decl":{"start":{"line":114,"column":18},"end":{"line":114,"column":19}},"loc":{"start":{"line":114,"column":48},"end":{"line":117,"column":9}}},"20":{"name":"(anonymous_49)","decl":{"start":{"line":148,"column":2},"end":{"line":148,"column":9}},"loc":{"start":{"line":148,"column":2},"end":{"line":152,"column":3}}},"21":{"name":"(anonymous_50)","decl":{"start":{"line":244,"column":2},"end":{"line":244,"column":9}},"loc":{"start":{"line":244,"column":2},"end":{"line":303,"column":3}}}},"branchMap":{"0":{"loc":{"start":{"line":57,"column":4},"end":{"line":57,"column":null}},"type":"binary-expr","locations":[{"start":{"line":57,"column":4},"end":{"line":57,"column":17}},{"start":{"line":57,"column":17},"end":{"line":57,"column":null}}]},"1":{"loc":{"start":{"line":179,"column":33},"end":{"line":179,"column":null}},"type":"switch","locations":[{"start":{"line":179,"column":33},"end":{"line":179,"column":null}}]},"2":{"loc":{"start":{"line":199,"column":6},"end":{"line":205,"column":null}},"type":"if","locations":[{"start":{"line":199,"column":6},"end":{"line":205,"column":null}},{"start":{"line":202,"column":13},"end":{"line":205,"column":null}}]},"3":{"loc":{"start":{"line":208,"column":66},"end":{"line":208,"column":92}},"type":"binary-expr","locations":[{"start":{"line":208,"column":66},"end":{"line":208,"column":86}},{"start":{"line":208,"column":90},"end":{"line":208,"column":92}}]},"4":{"loc":{"start":{"line":216,"column":27},"end":{"line":216,"column":null}},"type":"switch","locations":[{"start":{"line":216,"column":27},"end":{"line":216,"column":null}}]},"5":{"loc":{"start":{"line":220,"column":96},"end":{"line":220,"column":null}},"type":"if","locations":[{"start":{"line":220,"column":96},"end":{"line":220,"column":null}}]},"6":{"loc":{"start":{"line":221,"column":4},"end":{"line":241,"column":null}},"type":"if","locations":[{"start":{"line":221,"column":4},"end":{"line":241,"column":null}},{"start":{"line":231,"column":11},"end":{"line":241,"column":null}}]},"7":{"loc":{"start":{"line":223,"column":8},"end":{"line":225,"column":null}},"type":"if","locations":[{"start":{"line":223,"column":8},"end":{"line":225,"column":null}}]},"8":{"loc":{"start":{"line":226,"column":8},"end":{"line":228,"column":null}},"type":"if","locations":[{"start":{"line":226,"column":8},"end":{"line":228,"column":null}}]},"9":{"loc":{"start":{"line":233,"column":8},"end":{"line":235,"column":null}},"type":"if","locations":[{"start":{"line":233,"column":8},"end":{"line":235,"column":null}}]},"10":{"loc":{"start":{"line":236,"column":8},"end":{"line":238,"column":null}},"type":"if","locations":[{"start":{"line":236,"column":8},"end":{"line":238,"column":null}}]},"11":{"loc":{"start":{"line":83,"column":45},"end":{"line":83,"column":85}},"type":"switch","locations":[{"start":{"line":83,"column":45},"end":{"line":83,"column":85}}]},"12":{"loc":{"start":{"line":268,"column":39},"end":{"line":268,"column":110}},"type":"cond-expr","locations":[{"start":{"line":268,"column":78},"end":{"line":268,"column":105}},{"start":{"line":268,"column":108},"end":{"line":268,"column":110}}]},"13":{"loc":{"start":{"line":276,"column":39},"end":{"line":276,"column":102}},"type":"cond-expr","locations":[{"start":{"line":276,"column":81},"end":{"line":276,"column":97}},{"start":{"line":276,"column":100},"end":{"line":276,"column":102}}]},"14":{"loc":{"start":{"line":284,"column":12},"end":{"line":294,"column":51}},"type":"binary-expr","locations":[{"start":{"line":284,"column":12},"end":{"line":284,"column":45}},{"start":{"line":285,"column":12},"end":{"line":294,"column":51}}]},"15":{"loc":{"start":{"line":297,"column":12},"end":{"line":298,"column":104}},"type":"binary-expr","locations":[{"start":{"line":297,"column":12},"end":{"line":297,"column":47}},{"start":{"line":298,"column":12},"end":{"line":298,"column":104}}]}},"s":{"0":1,"1":1,"2":1,"3":1,"4":1,"5":1,"6":1,"7":1,"8":1,"9":1,"10":4,"11":4,"12":2,"13":2,"14":2,"15":4,"16":4,"17":4,"18":2,"19":0,"20":0,"21":0,"22":0,"23":2,"24":4,"25":4,"26":0,"27":0,"28":0,"29":0,"30":0,"31":0,"32":0,"33":0,"34":0,"35":0,"36":0,"37":0,"38":0,"39":4,"40":0,"41":0,"42":0,"43":0,"44":4,"45":0,"46":0,"47":0,"48":0,"49":0,"50":0,"51":0,"52":0,"53":0,"54":0,"55":0,"56":0,"57":0,"58":0,"59":4,"60":0,"61":0,"62":0,"63":0,"64":0,"65":0,"66":4,"67":1,"68":4,"69":4,"70":1,"71":8,"72":1,"73":1},"f":{"0":1,"1":4,"2":2,"3":2,"4":4,"5":2,"6":0,"7":0,"8":0,"9":0,"10":0,"11":0,"12":0,"13":0,"14":0,"15":0,"16":0,"17":0,"18":0,"19":0,"20":4,"21":8},"b":{"0":[4,4],"1":[0],"2":[0,0],"3":[0,0],"4":[0],"5":[0],"6":[0,0],"7":[0],"8":[0],"9":[0],"10":[0],"11":[0],"12":[4,4],"13":[4,4],"14":[8,4],"15":[8,4]}}
,"/workspaces/temp4/RetrospectiveExtension.Frontend/components/editableDocumentCardTitle.tsx": {"path":"/workspaces/temp4/RetrospectiveExtension.Frontend/components/editableDocumentCardTitle.tsx","statementMap":{"0":{"start":{"line":1,"column":1},"end":{"line":1,"column":32}},"1":{"start":{"line":2,"column":0},"end":{"line":2,"column":42}},"2":{"start":{"line":3,"column":0},"end":{"line":3,"column":73}},"3":{"start":{"line":4,"column":0},"end":{"line":4,"column":68}},"4":{"start":{"line":18,"column":0},"end":{"line":18,"column":119}},"5":{"start":{"line":18,"column":40},"end":{"line":18,"column":45}},"6":{"start":{"line":20,"column":4},"end":{"line":20,"column":null}},"7":{"start":{"line":22,"column":4},"end":{"line":23,"column":6}},"8":{"start":{"line":26,"column":9},"end":{"line":39,"column":null}},"9":{"start":{"line":27,"column":4},"end":{"line":38,"column":6}},"10":{"start":{"line":40,"column":0},"end":{"line":40,"column":null}},"11":{"start":{"line":42,"column":0},"end":{"line":42,"column":70}}},"fnMap":{"0":{"name":"(anonymous_13)","decl":{"start":{"line":18,"column":0},"end":{"line":18,"column":40}},"loc":{"start":{"line":18,"column":0},"end":{"line":40,"column":null}}},"1":{"name":"EditableDocumentCardTitle","decl":{"start":{"line":19,"column":2},"end":{"line":19,"column":14}},"loc":{"start":{"line":19,"column":51},"end":{"line":24,"column":3}}},"2":{"name":"(anonymous_15)","decl":{"start":{"line":26,"column":2},"end":{"line":26,"column":9}},"loc":{"start":{"line":26,"column":2},"end":{"line":39,"column":3}}}},"branchMap":{"0":{"loc":{"start":{"line":20,"column":4},"end":{"line":20,"column":null}},"type":"binary-expr","locations":[{"start":{"line":20,"column":4},"end":{"line":20,"column":16}},{"start":{"line":20,"column":16},"end":{"line":20,"column":null}}]}},"s":{"0":1,"1":1,"2":1,"3":1,"4":1,"5":1,"6":0,"7":0,"8":1,"9":0,"10":1,"11":1},"f":{"0":1,"1":0,"2":0},"b":{"0":[0,0]}}
,"/workspaces/temp4/RetrospectiveExtension.Frontend/components/editableText.tsx": {"path":"/workspaces/temp4/RetrospectiveExtension.Frontend/components/editableText.tsx","statementMap":{"0":{"start":{"line":1,"column":0},"end":{"line":1,"column":31}},"1":{"start":{"line":2,"column":0},"end":{"line":2,"column":65}},"2":{"start":{"line":3,"column":0},"end":{"line":3,"column":73}},"3":{"start":{"line":4,"column":0},"end":{"line":4,"column":68}},"4":{"start":{"line":21,"column":0},"end":{"line":21,"column":80}},"5":{"start":{"line":21,"column":27},"end":{"line":21,"column":32}},"6":{"start":{"line":23,"column":4},"end":{"line":23,"column":null}},"7":{"start":{"line":44,"column":10},"end":{"line":61,"column":null}},"8":{"start":{"line":45,"column":4},"end":{"line":51,"column":null}},"9":{"start":{"line":46,"column":6},"end":{"line":49,"column":9}},"10":{"start":{"line":50,"column":6},"end":{"line":50,"column":13}},"11":{"start":{"line":53,"column":4},"end":{"line":56,"column":7}},"12":{"start":{"line":58,"column":4},"end":{"line":60,"column":null}},"13":{"start":{"line":59,"column":6},"end":{"line":59,"column":57}},"14":{"start":{"line":63,"column":10},"end":{"line":69,"column":null}},"15":{"start":{"line":64,"column":4},"end":{"line":64,"column":28}},"16":{"start":{"line":65,"column":4},"end":{"line":68,"column":7}},"17":{"start":{"line":71,"column":10},"end":{"line":79,"column":null}},"18":{"start":{"line":72,"column":4},"end":{"line":78,"column":null}},"19":{"start":{"line":73,"column":6},"end":{"line":73,"column":30}},"20":{"start":{"line":74,"column":6},"end":{"line":77,"column":9}},"21":{"start":{"line":89,"column":10},"end":{"line":107,"column":null}},"22":{"start":{"line":90,"column":4},"end":{"line":106,"column":null}},"23":{"start":{"line":91,"column":6},"end":{"line":99,"column":null}},"24":{"start":{"line":92,"column":8},"end":{"line":97,"column":11}},"25":{"start":{"line":96,"column":10},"end":{"line":96,"column":null}},"26":{"start":{"line":98,"column":8},"end":{"line":98,"column":15}},"27":{"start":{"line":101,"column":6},"end":{"line":101,"column":44}},"28":{"start":{"line":102,"column":6},"end":{"line":105,"column":9}},"29":{"start":{"line":109,"column":10},"end":{"line":153,"column":null}},"30":{"start":{"line":110,"column":4},"end":{"line":110,"column":28}},"31":{"start":{"line":113,"column":4},"end":{"line":121,"column":null}},"32":{"start":{"line":114,"column":6},"end":{"line":119,"column":9}},"33":{"start":{"line":118,"column":8},"end":{"line":118,"column":43}},"34":{"start":{"line":120,"column":6},"end":{"line":120,"column":13}},"35":{"start":{"line":124,"column":4},"end":{"line":137,"column":null}},"36":{"start":{"line":125,"column":6},"end":{"line":128,"column":null}},"37":{"start":{"line":126,"column":8},"end":{"line":126,"column":43}},"38":{"start":{"line":127,"column":8},"end":{"line":127,"column":15}},"39":{"start":{"line":130,"column":6},"end":{"line":134,"column":9}},"40":{"start":{"line":136,"column":6},"end":{"line":136,"column":13}},"41":{"start":{"line":140,"column":4},"end":{"line":151,"column":null}},"42":{"start":{"line":141,"column":6},"end":{"line":144,"column":null}},"43":{"start":{"line":142,"column":8},"end":{"line":142,"column":43}},"44":{"start":{"line":143,"column":8},"end":{"line":143,"column":15}},"45":{"start":{"line":146,"column":6},"end":{"line":146,"column":44}},"46":{"start":{"line":147,"column":6},"end":{"line":150,"column":9}},"47":{"start":{"line":25,"column":4},"end":{"line":29,"column":6}},"48":{"start":{"line":32,"column":9},"end":{"line":40,"column":null}},"49":{"start":{"line":33,"column":4},"end":{"line":39,"column":null}},"50":{"start":{"line":34,"column":6},"end":{"line":38,"column":null}},"51":{"start":{"line":35,"column":8},"end":{"line":37,"column":11}},"52":{"start":{"line":81,"column":2},"end":{"line":83,"column":null}},"53":{"start":{"line":82,"column":4},"end":{"line":82,"column":68}},"54":{"start":{"line":85,"column":2},"end":{"line":87,"column":null}},"55":{"start":{"line":86,"column":4},"end":{"line":86,"column":71}},"56":{"start":{"line":155,"column":9},"end":{"line":197,"column":null}},"57":{"start":{"line":155,"column":2},"end":{"line":155,"column":9}},"58":{"start":{"line":156,"column":4},"end":{"line":182,"column":null}},"59":{"start":{"line":157,"column":6},"end":{"line":181,"column":8}},"60":{"start":{"line":161,"column":12},"end":{"line":161,"column":43}},"61":{"start":{"line":176,"column":14},"end":{"line":176,"column":34}},"62":{"start":{"line":184,"column":4},"end":{"line":196,"column":6}},"63":{"start":{"line":198,"column":0},"end":{"line":198,"column":null}},"64":{"start":{"line":200,"column":0},"end":{"line":200,"column":57}}},"fnMap":{"0":{"name":"(anonymous_12)","decl":{"start":{"line":21,"column":0},"end":{"line":21,"column":27}},"loc":{"start":{"line":21,"column":0},"end":{"line":198,"column":null}}},"1":{"name":"EditableText","decl":{"start":{"line":22,"column":2},"end":{"line":22,"column":14}},"loc":{"start":{"line":22,"column":38},"end":{"line":30,"column":3}}},"2":{"name":"(anonymous_14)","decl":{"start":{"line":44,"column":29},"end":{"line":44,"column":30}},"loc":{"start":{"line":44,"column":110},"end":{"line":61,"column":3}}},"3":{"name":"(anonymous_15)","decl":{"start":{"line":63,"column":23},"end":{"line":63,"column":24}},"loc":{"start":{"line":63,"column":69},"end":{"line":69,"column":3}}},"4":{"name":"(anonymous_16)","decl":{"start":{"line":71,"column":30},"end":{"line":71,"column":31}},"loc":{"start":{"line":71,"column":79},"end":{"line":79,"column":3}}},"5":{"name":"(anonymous_17)","decl":{"start":{"line":89,"column":31},"end":{"line":89,"column":32}},"loc":{"start":{"line":89,"column":44},"end":{"line":107,"column":3}}},"6":{"name":"(anonymous_18)","decl":{"start":{"line":95,"column":11},"end":{"line":95,"column":null}},"loc":{"start":{"line":95,"column":11},"end":{"line":97,"column":9}}},"7":{"name":"(anonymous_19)","decl":{"start":{"line":109,"column":27},"end":{"line":109,"column":28}},"loc":{"start":{"line":109,"column":75},"end":{"line":153,"column":3}}},"8":{"name":"(anonymous_20)","decl":{"start":{"line":117,"column":9},"end":{"line":117,"column":null}},"loc":{"start":{"line":117,"column":9},"end":{"line":119,"column":7}}},"9":{"name":"(anonymous_21)","decl":{"start":{"line":32,"column":2},"end":{"line":32,"column":9}},"loc":{"start":{"line":32,"column":56},"end":{"line":40,"column":3}}},"10":{"name":"(anonymous_22)","decl":{"start":{"line":81,"column":2},"end":{"line":81,"column":19}},"loc":{"start":{"line":81,"column":2},"end":{"line":83,"column":3}}},"11":{"name":"(anonymous_23)","decl":{"start":{"line":85,"column":2},"end":{"line":85,"column":22}},"loc":{"start":{"line":85,"column":2},"end":{"line":87,"column":3}}},"12":{"name":"(anonymous_24)","decl":{"start":{"line":155,"column":2},"end":{"line":155,"column":9}},"loc":{"start":{"line":155,"column":2},"end":{"line":197,"column":3}}},"13":{"name":"(anonymous_25)","decl":{"start":{"line":160,"column":15},"end":{"line":160,"column":16}},"loc":{"start":{"line":160,"column":23},"end":{"line":162,"column":11}}},"14":{"name":"(anonymous_26)","decl":{"start":{"line":175,"column":21},"end":{"line":175,"column":22}},"loc":{"start":{"line":175,"column":93},"end":{"line":177,"column":13}}},"15":{"name":"(anonymous_27)","decl":{"start":{"line":189,"column":45},"end":{"line":189,"column":53}},"loc":{"start":{"line":189,"column":45},"end":{"line":189,"column":54}}},"16":{"name":"(anonymous_28)","decl":{"start":{"line":190,"column":43},"end":{"line":190,"column":51}},"loc":{"start":{"line":190,"column":43},"end":{"line":190,"column":52}}}},"branchMap":{"0":{"loc":{"start":{"line":23,"column":4},"end":{"line":23,"column":null}},"type":"binary-expr","locations":[{"start":{"line":23,"column":4},"end":{"line":23,"column":16}},{"start":{"line":23,"column":16},"end":{"line":23,"column":null}}]},"1":{"loc":{"start":{"line":45,"column":4},"end":{"line":51,"column":null}},"type":"if","locations":[{"start":{"line":45,"column":4},"end":{"line":51,"column":null}}]},"2":{"loc":{"start":{"line":58,"column":4},"end":{"line":60,"column":null}},"type":"if","locations":[{"start":{"line":58,"column":4},"end":{"line":60,"column":null}}]},"3":{"loc":{"start":{"line":72,"column":4},"end":{"line":78,"column":null}},"type":"if","locations":[{"start":{"line":72,"column":4},"end":{"line":78,"column":null}}]},"4":{"loc":{"start":{"line":90,"column":4},"end":{"line":106,"column":null}},"type":"if","locations":[{"start":{"line":90,"column":4},"end":{"line":106,"column":null}}]},"5":{"loc":{"start":{"line":90,"column":8},"end":{"line":90,"column":84}},"type":"binary-expr","locations":[{"start":{"line":90,"column":8},"end":{"line":90,"column":28}},{"start":{"line":90,"column":32},"end":{"line":90,"column":84}}]},"6":{"loc":{"start":{"line":91,"column":6},"end":{"line":99,"column":null}},"type":"if","locations":[{"start":{"line":91,"column":6},"end":{"line":99,"column":null}}]},"7":{"loc":{"start":{"line":113,"column":4},"end":{"line":121,"column":null}},"type":"if","locations":[{"start":{"line":113,"column":4},"end":{"line":121,"column":null}}]},"8":{"loc":{"start":{"line":124,"column":4},"end":{"line":137,"column":null}},"type":"if","locations":[{"start":{"line":124,"column":4},"end":{"line":137,"column":null}}]},"9":{"loc":{"start":{"line":124,"column":8},"end":{"line":124,"column":45}},"type":"binary-expr","locations":[{"start":{"line":124,"column":8},"end":{"line":124,"column":28}},{"start":{"line":124,"column":32},"end":{"line":124,"column":45}}]},"10":{"loc":{"start":{"line":125,"column":6},"end":{"line":128,"column":null}},"type":"if","locations":[{"start":{"line":125,"column":6},"end":{"line":128,"column":null}}]},"11":{"loc":{"start":{"line":140,"column":4},"end":{"line":151,"column":null}},"type":"if","locations":[{"start":{"line":140,"column":4},"end":{"line":151,"column":null}}]},"12":{"loc":{"start":{"line":140,"column":8},"end":{"line":140,"column":51}},"type":"binary-expr","locations":[{"start":{"line":140,"column":8},"end":{"line":140,"column":28}},{"start":{"line":140,"column":32},"end":{"line":140,"column":51}}]},"13":{"loc":{"start":{"line":141,"column":6},"end":{"line":144,"column":null}},"type":"if","locations":[{"start":{"line":141,"column":6},"end":{"line":144,"column":null}}]},"14":{"loc":{"start":{"line":26,"column":17},"end":{"line":26,"column":54}},"type":"cond-expr","locations":[{"start":{"line":26,"column":42},"end":{"line":26,"column":47}},{"start":{"line":26,"column":50},"end":{"line":26,"column":54}}]},"15":{"loc":{"start":{"line":33,"column":4},"end":{"line":39,"column":null}},"type":"if","locations":[{"start":{"line":33,"column":4},"end":{"line":39,"column":null}}]},"16":{"loc":{"start":{"line":34,"column":6},"end":{"line":38,"column":null}},"type":"if","locations":[{"start":{"line":34,"column":6},"end":{"line":38,"column":null}}]},"17":{"loc":{"start":{"line":156,"column":4},"end":{"line":182,"column":null}},"type":"if","locations":[{"start":{"line":156,"column":4},"end":{"line":182,"column":null}}]},"18":{"loc":{"start":{"line":166,"column":53},"end":{"line":166,"column":96}},"type":"cond-expr","locations":[{"start":{"line":166,"column":76},"end":{"line":166,"column":91}},{"start":{"line":166,"column":94},"end":{"line":166,"column":96}}]},"19":{"loc":{"start":{"line":179,"column":11},"end":{"line":179,"column":106}},"type":"binary-expr","locations":[{"start":{"line":179,"column":11},"end":{"line":179,"column":31}},{"start":{"line":179,"column":35},"end":{"line":179,"column":106}}]},"20":{"loc":{"start":{"line":189,"column":21},"end":{"line":189,"column":79}},"type":"cond-expr","locations":[{"start":{"line":189,"column":45},"end":{"line":189,"column":54}},{"start":{"line":189,"column":57},"end":{"line":189,"column":79}}]},"21":{"loc":{"start":{"line":190,"column":19},"end":{"line":190,"column":70}},"type":"cond-expr","locations":[{"start":{"line":190,"column":43},"end":{"line":190,"column":52}},{"start":{"line":190,"column":55},"end":{"line":190,"column":70}}]},"22":{"loc":{"start":{"line":191,"column":46},"end":{"line":191,"column":138}},"type":"cond-expr","locations":[{"start":{"line":191,"column":70},"end":{"line":191,"column":99}},{"start":{"line":191,"column":102},"end":{"line":191,"column":138}}]}},"s":{"0":2,"1":2,"2":2,"3":2,"4":2,"5":2,"6":2,"7":2,"8":0,"9":0,"10":0,"11":0,"12":0,"13":0,"14":2,"15":0,"16":0,"17":2,"18":0,"19":0,"20":0,"21":2,"22":0,"23":0,"24":0,"25":0,"26":0,"27":0,"28":0,"29":2,"30":0,"31":0,"32":0,"33":0,"34":0,"35":0,"36":0,"37":0,"38":0,"39":0,"40":0,"41":0,"42":0,"43":0,"44":0,"45":0,"46":0,"47":2,"48":2,"49":0,"50":0,"51":0,"52":2,"53":2,"54":2,"55":0,"56":2,"57":2,"58":2,"59":1,"60":0,"61":0,"62":1,"63":2,"64":2},"f":{"0":2,"1":2,"2":0,"3":0,"4":0,"5":0,"6":0,"7":0,"8":0,"9":0,"10":2,"11":0,"12":2,"13":0,"14":0,"15":0,"16":0},"b":{"0":[2,2],"1":[0],"2":[0],"3":[0],"4":[0],"5":[0,0],"6":[0],"7":[0],"8":[0],"9":[0,0],"10":[0],"11":[0],"12":[0,0],"13":[0],"14":[1,1],"15":[0],"16":[0],"17":[1],"18":[0,1],"19":[1,0],"20":[0,1],"21":[0,1],"22":[0,1]}}
,"/workspaces/temp4/RetrospectiveExtension.Frontend/components/feedbackColumn.tsx": {"path":"/workspaces/temp4/RetrospectiveExtension.Frontend/components/feedbackColumn.tsx","statementMap":{"0":{"start":{"line":1,"column":1},"end":{"line":1,"column":37}},"1":{"start":{"line":2,"column":0},"end":{"line":2,"column":31}},"2":{"start":{"line":4,"column":0},"end":{"line":4,"column":55}},"3":{"start":{"line":6,"column":0},"end":{"line":6,"column":57}},"4":{"start":{"line":7,"column":0},"end":{"line":7,"column":66}},"5":{"start":{"line":8,"column":0},"end":{"line":8,"column":52}},"6":{"start":{"line":10,"column":0},"end":{"line":10,"column":65}},"7":{"start":{"line":13,"column":0},"end":{"line":13,"column":74}},"8":{"start":{"line":14,"column":0},"end":{"line":14,"column":66}},"9":{"start":{"line":53,"column":0},"end":{"line":53,"column":101}},"10":{"start":{"line":53,"column":44},"end":{"line":53,"column":49}},"11":{"start":{"line":57,"column":4},"end":{"line":57,"column":null}},"12":{"start":{"line":72,"column":9},"end":{"line":106,"column":null}},"13":{"start":{"line":73,"column":4},"end":{"line":74,"column":13}},"14":{"start":{"line":74,"column":6},"end":{"line":74,"column":13}},"15":{"start":{"line":76,"column":17},"end":{"line":76,"column":94}},"16":{"start":{"line":76,"column":52},"end":{"line":76,"column":94}},"17":{"start":{"line":77,"column":4},"end":{"line":80,"column":null}},"18":{"start":{"line":79,"column":6},"end":{"line":79,"column":13}},"19":{"start":{"line":82,"column":25},"end":{"line":82,"column":42}},"20":{"start":{"line":83,"column":48},"end":{"line":96,"column":6}},"21":{"start":{"line":98,"column":4},"end":{"line":105,"column":35}},"22":{"start":{"line":108,"column":9},"end":{"line":113,"column":null}},"23":{"start":{"line":110,"column":4},"end":{"line":110,"column":23}},"24":{"start":{"line":111,"column":4},"end":{"line":111,"column":24}},"25":{"start":{"line":112,"column":4},"end":{"line":112,"column":39}},"26":{"start":{"line":116,"column":10},"end":{"line":123,"column":null}},"27":{"start":{"line":116,"column":48},"end":{"line":123,"column":null}},"28":{"start":{"line":120,"column":10},"end":{"line":120,"column":58}},"29":{"start":{"line":122,"column":4},"end":{"line":122,"column":131}},"30":{"start":{"line":190,"column":10},"end":{"line":228,"column":null}},"31":{"start":{"line":191,"column":22},"end":{"line":191,"column":68}},"32":{"start":{"line":194,"column":37},"end":{"line":194,"column":65}},"33":{"start":{"line":196,"column":4},"end":{"line":198,"column":null}},"34":{"start":{"line":197,"column":6},"end":{"line":197,"column":112}},"35":{"start":{"line":197,"column":55},"end":{"line":197,"column":111}},"36":{"start":{"line":200,"column":4},"end":{"line":227,"column":9}},"37":{"start":{"line":201,"column":30},"end":{"line":201,"column":76}},"38":{"start":{"line":203,"column":34},"end":{"line":203,"column":102}},"39":{"start":{"line":205,"column":8},"end":{"line":226,"column":null}},"40":{"start":{"line":206,"column":36},"end":{"line":208,"column":112}},"41":{"start":{"line":207,"column":41},"end":{"line":207,"column":149}},"42":{"start":{"line":207,"column":104},"end":{"line":207,"column":148}},"43":{"start":{"line":208,"column":38},"end":{"line":208,"column":112}},"44":{"start":{"line":210,"column":10},"end":{"line":217,"column":12}},"45":{"start":{"line":220,"column":10},"end":{"line":225,"column":12}},"46":{"start":{"line":230,"column":10},"end":{"line":234,"column":null}},"47":{"start":{"line":231,"column":4},"end":{"line":233,"column":8}},"48":{"start":{"line":231,"column":33},"end":{"line":233,"column":7}},"49":{"start":{"line":236,"column":10},"end":{"line":297,"column":null}},"50":{"start":{"line":237,"column":4},"end":{"line":296,"column":6}},"51":{"start":{"line":256,"column":12},"end":{"line":259,"column":null}},"52":{"start":{"line":257,"column":14},"end":{"line":257,"column":34}},"53":{"start":{"line":258,"column":14},"end":{"line":258,"column":36}},"54":{"start":{"line":277,"column":54},"end":{"line":277,"column":90}},"55":{"start":{"line":58,"column":4},"end":{"line":61,"column":6}},"56":{"start":{"line":64,"column":9},"end":{"line":66,"column":null}},"57":{"start":{"line":65,"column":4},"end":{"line":65,"column":109}},"58":{"start":{"line":68,"column":9},"end":{"line":70,"column":null}},"59":{"start":{"line":69,"column":4},"end":{"line":69,"column":109}},"60":{"start":{"line":299,"column":9},"end":{"line":301,"column":null}},"61":{"start":{"line":300,"column":4},"end":{"line":300,"column":39}},"62":{"start":{"line":125,"column":16},"end":{"line":144,"column":null}},"63":{"start":{"line":129,"column":20},"end":{"line":144,"column":null}},"64":{"start":{"line":130,"column":33},"end":{"line":130,"column":null}},"65":{"start":{"line":130,"column":10},"end":{"line":130,"column":null}},"66":{"start":{"line":132,"column":4},"end":{"line":139,"column":6}},"67":{"start":{"line":137,"column":23},"end":{"line":137,"column":28}},"68":{"start":{"line":146,"column":16},"end":{"line":188,"column":null}},"69":{"start":{"line":150,"column":4},"end":{"line":187,"column":null}},"70":{"start":{"line":302,"column":0},"end":{"line":302,"column":null}},"71":{"start":{"line":53,"column":21},"end":{"line":53,"column":44}}},"fnMap":{"0":{"name":"(anonymous_29)","decl":{"start":{"line":53,"column":0},"end":{"line":53,"column":21}},"loc":{"start":{"line":53,"column":0},"end":{"line":53,"column":21}}},"1":{"name":"FeedbackColumn","decl":{"start":{"line":56,"column":2},"end":{"line":56,"column":14}},"loc":{"start":{"line":56,"column":40},"end":{"line":62,"column":3}}},"2":{"name":"(anonymous_31)","decl":{"start":{"line":72,"column":35},"end":{"line":72,"column":null}},"loc":{"start":{"line":72,"column":35},"end":{"line":106,"column":3}}},"3":{"name":"(anonymous_32)","decl":{"start":{"line":76,"column":45},"end":{"line":76,"column":46}},"loc":{"start":{"line":76,"column":47},"end":{"line":76,"column":53}}},"4":{"name":"(anonymous_33)","decl":{"start":{"line":108,"column":38},"end":{"line":108,"column":39}},"loc":{"start":{"line":108,"column":73},"end":{"line":113,"column":3}}},"5":{"name":"(anonymous_34)","decl":{"start":{"line":116,"column":48},"end":{"line":116,"column":null}},"loc":{"start":{"line":116,"column":48},"end":{"line":123,"column":null}}},"6":{"name":"(anonymous_37)","decl":{"start":{"line":190,"column":32},"end":{"line":190,"column":null}},"loc":{"start":{"line":190,"column":32},"end":{"line":228,"column":3}}},"7":{"name":"(anonymous_38)","decl":{"start":{"line":197,"column":37},"end":{"line":197,"column":38}},"loc":{"start":{"line":197,"column":50},"end":{"line":197,"column":60}}},"8":{"name":"(anonymous_39)","decl":{"start":{"line":201,"column":14},"end":{"line":201,"column":15}},"loc":{"start":{"line":201,"column":25},"end":{"line":201,"column":31}}},"9":{"name":"(anonymous_40)","decl":{"start":{"line":202,"column":11},"end":{"line":202,"column":12}},"loc":{"start":{"line":202,"column":22},"end":{"line":227,"column":7}}},"10":{"name":"(anonymous_41)","decl":{"start":{"line":207,"column":20},"end":{"line":207,"column":21}},"loc":{"start":{"line":207,"column":36},"end":{"line":207,"column":51}}},"11":{"name":"(anonymous_42)","decl":{"start":{"line":207,"column":91},"end":{"line":207,"column":92}},"loc":{"start":{"line":207,"column":99},"end":{"line":207,"column":111}}},"12":{"name":"(anonymous_43)","decl":{"start":{"line":208,"column":17},"end":{"line":208,"column":18}},"loc":{"start":{"line":208,"column":33},"end":{"line":208,"column":52}}},"13":{"name":"(anonymous_44)","decl":{"start":{"line":230,"column":27},"end":{"line":230,"column":null}},"loc":{"start":{"line":230,"column":27},"end":{"line":234,"column":3}}},"14":{"name":"(anonymous_45)","decl":{"start":{"line":231,"column":18},"end":{"line":231,"column":19}},"loc":{"start":{"line":231,"column":28},"end":{"line":231,"column":34}}},"15":{"name":"(anonymous_46)","decl":{"start":{"line":236,"column":33},"end":{"line":236,"column":null}},"loc":{"start":{"line":236,"column":33},"end":{"line":297,"column":3}}},"16":{"name":"(anonymous_47)","decl":{"start":{"line":255,"column":19},"end":{"line":255,"column":20}},"loc":{"start":{"line":255,"column":21},"end":{"line":260,"column":11}}},"17":{"name":"(anonymous_48)","decl":{"start":{"line":277,"column":30},"end":{"line":277,"column":31}},"loc":{"start":{"line":277,"column":47},"end":{"line":277,"column":92}}},"18":{"name":"(anonymous_49)","decl":{"start":{"line":64,"column":2},"end":{"line":64,"column":9}},"loc":{"start":{"line":64,"column":2},"end":{"line":66,"column":3}}},"19":{"name":"(anonymous_50)","decl":{"start":{"line":68,"column":2},"end":{"line":68,"column":9}},"loc":{"start":{"line":68,"column":2},"end":{"line":70,"column":3}}},"20":{"name":"(anonymous_51)","decl":{"start":{"line":299,"column":2},"end":{"line":299,"column":9}},"loc":{"start":{"line":299,"column":2},"end":{"line":301,"column":3}}},"21":{"name":"(anonymous_52)","decl":{"start":{"line":125,"column":35},"end":{"line":125,"column":null}},"loc":{"start":{"line":129,"column":20},"end":{"line":144,"column":null}}},"22":{"name":"(anonymous_53)","decl":{"start":{"line":129,"column":20},"end":{"line":129,"column":null}},"loc":{"start":{"line":129,"column":20},"end":{"line":144,"column":null}}},"23":{"name":"(anonymous_55)","decl":{"start":{"line":137,"column":15},"end":{"line":137,"column":19}},"loc":{"start":{"line":137,"column":19},"end":{"line":137,"column":27}}},"24":{"name":"(anonymous_56)","decl":{"start":{"line":146,"column":42},"end":{"line":146,"column":null}},"loc":{"start":{"line":149,"column":27},"end":{"line":188,"column":3}}}},"branchMap":{"0":{"loc":{"start":{"line":57,"column":4},"end":{"line":57,"column":null}},"type":"binary-expr","locations":[{"start":{"line":57,"column":4},"end":{"line":57,"column":16}},{"start":{"line":57,"column":16},"end":{"line":57,"column":null}}]},"1":{"loc":{"start":{"line":73,"column":4},"end":{"line":74,"column":13}},"type":"if","locations":[{"start":{"line":73,"column":4},"end":{"line":74,"column":13}}]},"2":{"loc":{"start":{"line":77,"column":4},"end":{"line":80,"column":null}},"type":"if","locations":[{"start":{"line":77,"column":4},"end":{"line":80,"column":null}}]},"3":{"loc":{"start":{"line":86,"column":17},"end":{"line":86,"column":66}},"type":"cond-expr","locations":[{"start":{"line":86,"column":47},"end":{"line":86,"column":51}},{"start":{"line":86,"column":54},"end":{"line":86,"column":66}}]},"4":{"loc":{"start":{"line":194,"column":37},"end":{"line":194,"column":65}},"type":"binary-expr","locations":[{"start":{"line":194,"column":37},"end":{"line":194,"column":59}},{"start":{"line":194,"column":63},"end":{"line":194,"column":65}}]},"5":{"loc":{"start":{"line":196,"column":4},"end":{"line":198,"column":null}},"type":"if","locations":[{"start":{"line":196,"column":4},"end":{"line":198,"column":null}}]},"6":{"loc":{"start":{"line":205,"column":8},"end":{"line":226,"column":null}},"type":"if","locations":[{"start":{"line":205,"column":8},"end":{"line":226,"column":null}},{"start":{"line":219,"column":13},"end":{"line":226,"column":null}}]},"7":{"loc":{"start":{"line":205,"column":12},"end":{"line":205,"column":111}},"type":"binary-expr","locations":[{"start":{"line":205,"column":12},"end":{"line":205,"column":56}},{"start":{"line":205,"column":60},"end":{"line":205,"column":111}}]},"8":{"loc":{"start":{"line":256,"column":12},"end":{"line":259,"column":null}},"type":"if","locations":[{"start":{"line":256,"column":12},"end":{"line":259,"column":null}}]},"9":{"loc":{"start":{"line":264,"column":15},"end":{"line":266,"column":50}},"type":"cond-expr","locations":[{"start":{"line":265,"column":16},"end":{"line":265,"column":51}},{"start":{"line":266,"column":16},"end":{"line":266,"column":50}}]},"10":{"loc":{"start":{"line":274,"column":11},"end":{"line":282,"column":null}},"type":"binary-expr","locations":[{"start":{"line":274,"column":11},"end":{"line":274,"column":61}},{"start":{"line":275,"column":12},"end":{"line":282,"column":null}}]},"11":{"loc":{"start":{"line":285,"column":11},"end":{"line":291,"column":null}},"type":"binary-expr","locations":[{"start":{"line":285,"column":11},"end":{"line":285,"column":34}},{"start":{"line":286,"column":12},"end":{"line":291,"column":null}}]},"12":{"loc":{"start":{"line":65,"column":4},"end":{"line":65,"column":108}},"type":"binary-expr","locations":[{"start":{"line":65,"column":4},"end":{"line":65,"column":42}},{"start":{"line":65,"column":46},"end":{"line":65,"column":71}},{"start":{"line":65,"column":75},"end":{"line":65,"column":108}}]},"13":{"loc":{"start":{"line":69,"column":4},"end":{"line":69,"column":108}},"type":"binary-expr","locations":[{"start":{"line":69,"column":4},"end":{"line":69,"column":42}},{"start":{"line":69,"column":46},"end":{"line":69,"column":71}},{"start":{"line":69,"column":75},"end":{"line":69,"column":108}}]},"14":{"loc":{"start":{"line":130,"column":33},"end":{"line":130,"column":null}},"type":"switch","locations":[{"start":{"line":130,"column":33},"end":{"line":130,"column":null}}]},"15":{"loc":{"start":{"line":153,"column":17},"end":{"line":153,"column":105}},"type":"cond-expr","locations":[{"start":{"line":153,"column":53},"end":{"line":153,"column":98}},{"start":{"line":153,"column":101},"end":{"line":153,"column":105}}]},"16":{"loc":{"start":{"line":154,"column":29},"end":{"line":154,"column":124}},"type":"cond-expr","locations":[{"start":{"line":154,"column":65},"end":{"line":154,"column":117}},{"start":{"line":154,"column":120},"end":{"line":154,"column":124}}]},"17":{"loc":{"start":{"line":155,"column":22},"end":{"line":155,"column":111}},"type":"cond-expr","locations":[{"start":{"line":155,"column":60},"end":{"line":155,"column":106}},{"start":{"line":155,"column":109},"end":{"line":155,"column":111}}]},"18":{"loc":{"start":{"line":183,"column":23},"end":{"line":183,"column":64}},"type":"cond-expr","locations":[{"start":{"line":183,"column":52},"end":{"line":183,"column":56}},{"start":{"line":183,"column":59},"end":{"line":183,"column":64}}]}},"s":{"0":1,"1":1,"2":1,"3":1,"4":1,"5":1,"6":1,"7":1,"8":1,"9":1,"10":1,"11":0,"12":0,"13":0,"14":0,"15":0,"16":0,"17":0,"18":0,"19":0,"20":0,"21":0,"22":0,"23":0,"24":0,"25":0,"26":0,"27":0,"28":0,"29":0,"30":0,"31":0,"32":0,"33":0,"34":0,"35":0,"36":0,"37":0,"38":0,"39":0,"40":0,"41":0,"42":0,"43":0,"44":0,"45":0,"46":0,"47":0,"48":0,"49":0,"50":0,"51":0,"52":0,"53":0,"54":0,"55":0,"56":1,"57":0,"58":1,"59":0,"60":1,"61":0,"62":1,"63":0,"64":0,"65":0,"66":0,"67":0,"68":1,"69":1,"70":1,"71":1},"f":{"0":1,"1":0,"2":0,"3":0,"4":0,"5":0,"6":0,"7":0,"8":0,"9":0,"10":0,"11":0,"12":0,"13":0,"14":0,"15":0,"16":0,"17":0,"18":0,"19":0,"20":0,"21":0,"22":0,"23":0,"24":1},"b":{"0":[0,0],"1":[0],"2":[0],"3":[0,0],"4":[0,0],"5":[0],"6":[0,0],"7":[0,0],"8":[0],"9":[0,0],"10":[0,0],"11":[0,0],"12":[0,0,0],"13":[0,0,0],"14":[0],"15":[0,1],"16":[0,1],"17":[0,1],"18":[0,1]}}
,"/workspaces/temp4/RetrospectiveExtension.Frontend/components/feedbackItem.tsx": {"path":"/workspaces/temp4/RetrospectiveExtension.Frontend/components/feedbackItem.tsx","statementMap":{"0":{"start":{"line":1,"column":0},"end":{"line":1,"column":36}},"1":{"start":{"line":2,"column":0},"end":{"line":2,"column":28}},"2":{"start":{"line":3,"column":0},"end":{"line":3,"column":95}},"3":{"start":{"line":5,"column":0},"end":{"line":5,"column":85}},"4":{"start":{"line":6,"column":0},"end":{"line":6,"column":93}},"5":{"start":{"line":7,"column":0},"end":{"line":7,"column":31}},"6":{"start":{"line":9,"column":0},"end":{"line":9,"column":55}},"7":{"start":{"line":10,"column":0},"end":{"line":10,"column":52}},"8":{"start":{"line":11,"column":0},"end":{"line":11,"column":68}},"9":{"start":{"line":13,"column":0},"end":{"line":13,"column":57}},"10":{"start":{"line":15,"column":0},"end":{"line":15,"column":65}},"11":{"start":{"line":16,"column":0},"end":{"line":16,"column":69}},"12":{"start":{"line":20,"column":0},"end":{"line":20,"column":65}},"13":{"start":{"line":21,"column":0},"end":{"line":21,"column":71}},"14":{"start":{"line":22,"column":0},"end":{"line":22,"column":66}},"15":{"start":{"line":23,"column":0},"end":{"line":23,"column":73}},"16":{"start":{"line":24,"column":0},"end":{"line":24,"column":68}},"17":{"start":{"line":113,"column":0},"end":{"line":113,"column":82}},"18":{"start":{"line":113,"column":27},"end":{"line":113,"column":32}},"19":{"start":{"line":118,"column":4},"end":{"line":118,"column":null}},"20":{"start":{"line":156,"column":10},"end":{"line":160,"column":null}},"21":{"start":{"line":156,"column":85},"end":{"line":160,"column":null}},"22":{"start":{"line":157,"column":4},"end":{"line":159,"column":null}},"23":{"start":{"line":158,"column":6},"end":{"line":158,"column":39}},"24":{"start":{"line":176,"column":10},"end":{"line":178,"column":null}},"25":{"start":{"line":177,"column":4},"end":{"line":177,"column":44}},"26":{"start":{"line":180,"column":10},"end":{"line":187,"column":null}},"27":{"start":{"line":182,"column":4},"end":{"line":184,"column":null}},"28":{"start":{"line":183,"column":6},"end":{"line":183,"column":25}},"29":{"start":{"line":185,"column":4},"end":{"line":185,"column":24}},"30":{"start":{"line":186,"column":4},"end":{"line":186,"column":39}},"31":{"start":{"line":189,"column":10},"end":{"line":199,"column":null}},"32":{"start":{"line":190,"column":4},"end":{"line":192,"column":null}},"33":{"start":{"line":191,"column":6},"end":{"line":191,"column":63}},"34":{"start":{"line":193,"column":4},"end":{"line":193,"column":46}},"35":{"start":{"line":196,"column":4},"end":{"line":196,"column":41}},"36":{"start":{"line":197,"column":4},"end":{"line":197,"column":49}},"37":{"start":{"line":198,"column":4},"end":{"line":198,"column":44}},"38":{"start":{"line":201,"column":10},"end":{"line":206,"column":null}},"39":{"start":{"line":202,"column":4},"end":{"line":204,"column":null}},"40":{"start":{"line":203,"column":6},"end":{"line":203,"column":64}},"41":{"start":{"line":205,"column":4},"end":{"line":205,"column":45}},"42":{"start":{"line":208,"column":10},"end":{"line":217,"column":null}},"43":{"start":{"line":212,"column":26},"end":{"line":212,"column":57}},"44":{"start":{"line":213,"column":4},"end":{"line":215,"column":null}},"45":{"start":{"line":214,"column":6},"end":{"line":214,"column":104}},"46":{"start":{"line":216,"column":4},"end":{"line":216,"column":24}},"47":{"start":{"line":219,"column":10},"end":{"line":225,"column":null}},"48":{"start":{"line":219,"column":59},"end":{"line":225,"column":null}},"49":{"start":{"line":220,"column":4},"end":{"line":220,"column":95}},"50":{"start":{"line":222,"column":4},"end":{"line":224,"column":null}},"51":{"start":{"line":223,"column":6},"end":{"line":223,"column":31}},"52":{"start":{"line":227,"column":10},"end":{"line":231,"column":null}},"53":{"start":{"line":228,"column":4},"end":{"line":230,"column":7}},"54":{"start":{"line":233,"column":10},"end":{"line":237,"column":null}},"55":{"start":{"line":234,"column":4},"end":{"line":236,"column":7}},"56":{"start":{"line":239,"column":10},"end":{"line":243,"column":null}},"57":{"start":{"line":240,"column":4},"end":{"line":242,"column":7}},"58":{"start":{"line":245,"column":10},"end":{"line":249,"column":null}},"59":{"start":{"line":246,"column":4},"end":{"line":248,"column":7}},"60":{"start":{"line":251,"column":10},"end":{"line":260,"column":null}},"61":{"start":{"line":251,"column":49},"end":{"line":260,"column":null}},"62":{"start":{"line":252,"column":4},"end":{"line":257,"column":6}},"63":{"start":{"line":259,"column":4},"end":{"line":259,"column":61}},"64":{"start":{"line":262,"column":10},"end":{"line":267,"column":null}},"65":{"start":{"line":262,"column":78},"end
[...]
,"/workspaces/temp4/RetrospectiveExtension.Frontend/interfaces/workItem.tsx": {"path":"/workspaces/temp4/RetrospectiveExtension.Frontend/interfaces/workItem.tsx","statementMap":{"0":{"start":{"line":18,"column":0},"end":{"line":18,"column":null}},"1":{"start":{"line":19,"column":2},"end":{"line":19,"column":null}},"2":{"start":{"line":20,"column":2},"end":{"line":20,"column":null}},"3":{"start":{"line":21,"column":2},"end":{"line":21,"column":null}},"4":{"start":{"line":24,"column":0},"end":{"line":24,"column":null}},"5":{"start":{"line":25,"column":2},"end":{"line":25,"column":null}},"6":{"start":{"line":26,"column":2},"end":{"line":26,"column":null}},"7":{"start":{"line":27,"column":2},"end":{"line":27,"column":null}},"8":{"start":{"line":31,"column":13},"end":{"line":45,"column":null}},"9":{"start":{"line":32,"column":35},"end":{"line":32,"column":52}},"10":{"start":{"line":33,"column":33},"end":{"line":33,"column":48}},"11":{"start":{"line":34,"column":32},"end":{"line":34,"column":46}},"12":{"start":{"line":35,"column":35},"end":{"line":35,"column":52}},"13":{"start":{"line":36,"column":31},"end":{"line":36,"column":44}},"14":{"start":{"line":38,"column":6},"end":{"line":38,"column":59}},"15":{"start":{"line":38,"column":30},"end":{"line":38,"column":59}},"16":{"start":{"line":39,"column":6},"end":{"line":39,"column":55}},"17":{"start":{"line":39,"column":28},"end":{"line":39,"column":55}},"18":{"start":{"line":40,"column":6},"end":{"line":40,"column":53}},"19":{"start":{"line":40,"column":27},"end":{"line":40,"column":53}},"20":{"start":{"line":41,"column":6},"end":{"line":41,"column":59}},"21":{"start":{"line":41,"column":30},"end":{"line":41,"column":59}},"22":{"start":{"line":42,"column":6},"end":{"line":42,"column":51}},"23":{"start":{"line":42,"column":26},"end":{"line":42,"column":51}},"24":{"start":{"line":43,"column":6},"end":{"line":43,"column":23}}},"fnMap":{"0":{"name":"(anonymous_0)","decl":{"start":{"line":18,"column":0},"end":{"line":18,"column":12}},"loc":{"start":{"line":18,"column":24},"end":{"line":22,"column":1}}},"1":{"name":"(anonymous_1)","decl":{"start":{"line":24,"column":0},"end":{"line":24,"column":12}},"loc":{"start":{"line":24,"column":28},"end":{"line":28,"column":1}}},"2":{"name":"(anonymous_2)","decl":{"start":{"line":32,"column":4},"end":{"line":32,"column":8}},"loc":{"start":{"line":32,"column":15},"end":{"line":32,"column":54}}},"3":{"name":"(anonymous_3)","decl":{"start":{"line":33,"column":4},"end":{"line":33,"column":8}},"loc":{"start":{"line":33,"column":13},"end":{"line":33,"column":50}}},"4":{"name":"(anonymous_4)","decl":{"start":{"line":34,"column":4},"end":{"line":34,"column":8}},"loc":{"start":{"line":34,"column":12},"end":{"line":34,"column":48}}},"5":{"name":"(anonymous_5)","decl":{"start":{"line":35,"column":4},"end":{"line":35,"column":8}},"loc":{"start":{"line":35,"column":15},"end":{"line":35,"column":54}}},"6":{"name":"(anonymous_6)","decl":{"start":{"line":36,"column":4},"end":{"line":36,"column":8}},"loc":{"start":{"line":36,"column":11},"end":{"line":36,"column":46}}},"7":{"name":"(anonymous_7)","decl":{"start":{"line":37,"column":4},"end":{"line":37,"column":12}},"loc":{"start":{"line":37,"column":24},"end":{"line":44,"column":5}}}},"branchMap":{"0":{"loc":{"start":{"line":18,"column":12},"end":{"line":18,"column":null}},"type":"binary-expr","locations":[{"start":{"line":18,"column":12},"end":{"line":18,"column":24}},{"start":{"line":18,"column":12},"end":{"line":18,"column":null}}]},"1":{"loc":{"start":{"line":24,"column":12},"end":{"line":24,"column":null}},"type":"binary-expr","locations":[{"start":{"line":24,"column":12},"end":{"line":24,"column":28}},{"start":{"line":24,"column":12},"end":{"line":24,"column":null}}]},"2":{"loc":{"start":{"line":38,"column":6},"end":{"line":38,"column":59}},"type":"if","locations":[{"start":{"line":38,"column":6},"end":{"line":38,"column":59}}]},"3":{"loc":{"start":{"line":39,"column":6},"end":{"line":39,"column":55}},"type":"if","locations":[{"start":{"line":39,"column":6},"end":{"line":39,"column":55}}]},"4":{"loc":{"start":{"line":40,"column":6},"end":{"line":40,"column":53}},"type":"if","locations":[{"start":{"line":40,"column":6},"end":{"line":40,"column":53}}]},"5":{"loc":{"start":{"line":41,"column":6},"end":{"line":41,"column":59}},"type":"if","locations":[{"start":{"line":41,"column":6},"end":{"line":41,"column":59}}]},"6":{"loc":{"start":{"line":42,"column":6},"end":{"line":42,"column":51}},"type":"if","locations":[{"start":{"line":42,"column":6},"end":{"line":42,"column":51}}]}},"s":{"0":2,"1":2,"2":2,"3":2,"4":2,"5":2,"6":2,"7":2,"8":2,"9":1,"10":6,"11":3,"12":0,"13":4,"14":0,"15":0,"16":0,"17":0,"18":0,"19":0,"20":0,"21":0,"22":0,"23":0,"24":0},"f":{"0":2,"1":2,"2":1,"3":6,"4":3,"5":0,"6":4,"7":0},"b":{"0":[2,2],"1":[2,2],"2":[0],"3":[0],"4":[0],"5":[0],"6":[0]}}
,"/workspaces/temp4/RetrospectiveExtension.Frontend/utilities/azureDevOpsContextHelper.tsx": {"path":"/workspaces/temp4/RetrospectiveExtension.Frontend/utilities/azureDevOpsContextHelper.tsx","statementMap":{"0":{"start":{"line":1,"column":0},"end":{"line":1,"column":53}},"1":{"start":{"line":2,"column":0},"end":{"line":2,"column":63}},"2":{"start":{"line":4,"column":25},"end":{"line":12,"column":2}},"3":{"start":{"line":17,"column":29},"end":{"line":22,"column":1}},"4":{"start":{"line":18,"column":15},"end":{"line":18,"column":24}},"5":{"start":{"line":19,"column":21},"end":{"line":19,"column":84}},"6":{"start":{"line":21,"column":2},"end":{"line":21,"column":20}},"7":{"start":{"line":17,"column":13},"end":{"line":17,"column":29}},"8":{"start":{"line":29,"column":35},"end":{"line":35,"column":2}},"9":{"start":{"line":30,"column":24},"end":{"line":30,"column":null}},"10":{"start":{"line":30,"column":8},"end":{"line":30,"column":null}},"11":{"start":{"line":31,"column":8},"end":{"line":32,"column":51}},"12":{"start":{"line":34,"column":2},"end":{"line":34,"column":18}},"13":{"start":{"line":29,"column":13},"end":{"line":29,"column":35}}},"fnMap":{"0":{"name":"(anonymous_13)","decl":{"start":{"line":17,"column":29},"end":{"line":17,"column":null}},"loc":{"start":{"line":17,"column":29},"end":{"line":22,"column":1}}},"1":{"name":"(anonymous_14)","decl":{"start":{"line":29,"column":35},"end":{"line":29,"column":null}},"loc":{"start":{"line":29,"column":35},"end":{"line":35,"column":2}}}},"branchMap":{"0":{"loc":{"start":{"line":30,"column":24},"end":{"line":30,"column":null}},"type":"switch","locations":[{"start":{"line":30,"column":24},"end":{"line":30,"column":null}}]},"1":{"loc":{"start":{"line":31,"column":19},"end":{"line":32,"column":50}},"type":"binary-expr","locations":[{"start":{"line":31,"column":19},"end":{"line":31,"column":52}},{"start":{"line":32,"column":7},"end":{"line":32,"column":50}}]}},"s":{"0":1,"1":1,"2":1,"3":1,"4":0,"5":0,"6":0,"7":1,"8":2,"9":1,"10":1,"11":1,"12":1,"13":1},"f":{"0":0,"1":2},"b":{"0":[1],"1":[1,1]}}
,"/workspaces/temp4/RetrospectiveExtension.Frontend/utilities/boardUrlHelper.tsx": {"path":"/workspaces/temp4/RetrospectiveExtension.Frontend/utilities/boardUrlHelper.tsx","statementMap":{"0":{"start":{"line":1,"column":0},"end":{"line":1,"column":77}},"1":{"start":{"line":11,"column":27},"end":{"line":23,"column":null}},"2":{"start":{"line":11,"column":65},"end":{"line":23,"column":null}},"3":{"start":{"line":12,"column":19},"end":{"line":12,"column":null}},"4":{"start":{"line":12,"column":8},"end":{"line":12,"column":null}},"5":{"start":{"line":13,"column":22},"end":{"line":13,"column":null}},"6":{"start":{"line":13,"column":8},"end":{"line":13,"column":null}},"7":{"start":{"line":15,"column":8},"end":{"line":15,"column":44}},"8":{"start":{"line":17,"column":2},"end":{"line":17,"column":39}},"9":{"start":{"line":18,"column":2},"end":{"line":18,"column":41}},"10":{"start":{"line":20,"column":8},"end":{"line":20,"column":127}},"11":{"start":{"line":22,"column":2},"end":{"line":22,"column":37}},"12":{"start":{"line":11,"column":13},"end":{"line":11,"column":27}}},"fnMap":{"0":{"name":"(anonymous_13)","decl":{"start":{"line":11,"column":27},"end":{"line":11,"column":34}},"loc":{"start":{"line":11,"column":65},"end":{"line":23,"column":null}}},"1":{"name":"(anonymous_14)","decl":{"start":{"line":11,"column":65},"end":{"line":11,"column":null}},"loc":{"start":{"line":11,"column":65},"end":{"line":23,"column":null}}}},"branchMap":{"0":{"loc":{"start":{"line":12,"column":19},"end":{"line":12,"column":null}},"type":"switch","locations":[{"start":{"line":12,"column":19},"end":{"line":12,"column":null}}]}},"s":{"0":2,"1":2,"2":0,"3":0,"4":0,"5":0,"6":0,"7":0,"8":0,"9":0,"10":0,"11":0,"12":2},"f":{"0":0,"1":0},"b":{"0":[0]}}
,"/workspaces/temp4/RetrospectiveExtension.Frontend/utilities/localStorageHelper.tsx": {"path":"/workspaces/temp4/RetrospectiveExtension.Frontend/utilities/localStorageHelper.tsx","statementMap":{"0":{"start":{"line":3,"column":35},"end":{"line":9,"column":1}},"1":{"start":{"line":4,"column":16},"end":{"line":4,"column":41}},"2":{"start":{"line":5,"column":2},"end":{"line":7,"column":null}},"3":{"start":{"line":6,"column":4},"end":{"line":6,"column":33}},"4":{"start":{"line":8,"column":2},"end":{"line":8,"column":15}},"5":{"start":{"line":14,"column":19},"end":{"line":16,"column":1}},"6":{"start":{"line":14,"column":20},"end":{"line":14,"column":null}},"7":{"start":{"line":15,"column":2},"end":{"line":15,"column":67}},"8":{"start":{"line":21,"column":19},"end":{"line":23,"column":1}},"9":{"start":{"line":22,"column":2},"end":{"line":22,"column":50}},"10":{"start":{"line":25,"column":0},"end":{"line":28,"column":null}}},"fnMap":{"0":{"name":"(anonymous_0)","decl":{"start":{"line":3,"column":35},"end":{"line":3,"column":36}},"loc":{"start":{"line":3,"column":67},"end":{"line":9,"column":1}}},"1":{"name":"(anonymous_1)","decl":{"start":{"line":14,"column":19},"end":{"line":14,"column":20}},"loc":{"start":{"line":14,"column":46},"end":{"line":16,"column":1}}},"2":{"name":"(anonymous_2)","decl":{"start":{"line":21,"column":19},"end":{"line":21,"column":20}},"loc":{"start":{"line":21,"column":33},"end":{"line":23,"column":1}}}},"branchMap":{"0":{"loc":{"start":{"line":5,"column":2},"end":{"line":7,"column":null}},"type":"if","locations":[{"start":{"line":5,"column":2},"end":{"line":7,"column":null}}]},"1":{"loc":{"start":{"line":14,"column":20},"end":{"line":14,"column":null}},"type":"if","locations":[{"start":{"line":14,"column":20},"end":{"line":14,"column":null}}]}},"s":{"0":1,"1":0,"2":0,"3":0,"4":0,"5":1,"6":0,"7":0,"8":1,"9":0,"10":1},"f":{"0":0,"1":0,"2":0},"b":{"0":[0],"1":[0]}}
,"/workspaces/temp4/RetrospectiveExtension.Frontend/utilities/servicesHelper.tsx": {"path":"/workspaces/temp4/RetrospectiveExtension.Frontend/utilities/servicesHelper.tsx","statementMap":{"0":{"start":{"line":1,"column":0},"end":{"line":1,"column":56}},"1":{"start":{"line":3,"column":0},"end":{"line":3,"column":65}},"2":{"start":{"line":8,"column":23},"end":{"line":12,"column":null}},"3":{"start":{"line":9,"column":29},"end":{"line":9,"column":null}},"4":{"start":{"line":9,"column":8},"end":{"line":9,"column":null}},"5":{"start":{"line":11,"column":2},"end":{"line":11,"column":41}},"6":{"start":{"line":17,"column":28},"end":{"line":21,"column":null}},"7":{"start":{"line":18,"column":22},"end":{"line":18,"column":null}},"8":{"start":{"line":18,"column":8},"end":{"line":18,"column":null}},"9":{"start":{"line":20,"column":2},"end":{"line":20,"column":24}},"10":{"start":{"line":17,"column":13},"end":{"line":17,"column":28}},"11":{"start":{"line":26,"column":31},"end":{"line":30,"column":null}},"12":{"start":{"line":27,"column":22},"end":{"line":27,"column":null}},"13":{"start":{"line":27,"column":8},"end":{"line":27,"column":null}},"14":{"start":{"line":29,"column":2},"end":{"line":29,"column":26}},"15":{"start":{"line":26,"column":14},"end":{"line":26,"column":31}},"16":{"start":{"line":35,"column":31},"end":{"line":42,"column":null}},"17":{"start":{"line":36,"column":26},"end":{"line":36,"column":null}},"18":{"start":{"line":36,"column":8},"end":{"line":36,"column":null}},"19":{"start":{"line":37,"column":22},"end":{"line":39,"column":null}},"20":{"start":{"line":37,"column":8},"end":{"line":39,"column":null}},"21":{"start":{"line":41,"column":2},"end":{"line":41,"column":21}},"22":{"start":{"line":35,"column":14},"end":{"line":35,"column":31}},"23":{"start":{"line":47,"column":33},"end":{"line":52,"column":null}},"24":{"start":{"line":48,"column":22},"end":{"line":48,"column":null}},"25":{"start":{"line":48,"column":8},"end":{"line":48,"column":null}},"26":{"start":{"line":49,"column":10},"end":{"line":49,"column":23}},"27":{"start":{"line":51,"column":2},"end":{"line":51,"column":18}},"28":{"start":{"line":47,"column":14},"end":{"line":47,"column":33}}},"fnMap":{"0":{"name":"(anonymous_13)","decl":{"start":{"line":8,"column":23},"end":{"line":8,"column":null}},"loc":{"start":{"line":8,"column":23},"end":{"line":12,"column":null}}},"1":{"name":"(anonymous_16)","decl":{"start":{"line":17,"column":28},"end":{"line":17,"column":null}},"loc":{"start":{"line":17,"column":28},"end":{"line":21,"column":null}}},"2":{"name":"(anonymous_19)","decl":{"start":{"line":26,"column":31},"end":{"line":26,"column":null}},"loc":{"start":{"line":26,"column":31},"end":{"line":30,"column":null}}},"3":{"name":"(anonymous_22)","decl":{"start":{"line":35,"column":31},"end":{"line":35,"column":null}},"loc":{"start":{"line":35,"column":31},"end":{"line":42,"column":null}}},"4":{"name":"(anonymous_25)","decl":{"start":{"line":47,"column":33},"end":{"line":47,"column":null}},"loc":{"start":{"line":47,"column":33},"end":{"line":52,"column":null}}}},"branchMap":{"0":{"loc":{"start":{"line":9,"column":29},"end":{"line":9,"column":null}},"type":"switch","locations":[{"start":{"line":9,"column":29},"end":{"line":9,"column":null}}]},"1":{"loc":{"start":{"line":18,"column":22},"end":{"line":18,"column":null}},"type":"switch","locations":[{"start":{"line":18,"column":22},"end":{"line":18,"column":null}}]},"2":{"loc":{"start":{"line":27,"column":22},"end":{"line":27,"column":null}},"type":"switch","locations":[{"start":{"line":27,"column":22},"end":{"line":27,"column":null}}]},"3":{"loc":{"start":{"line":36,"column":26},"end":{"line":36,"column":null}},"type":"switch","locations":[{"start":{"line":36,"column":26},"end":{"line":36,"column":null}}]},"4":{"loc":{"start":{"line":48,"column":22},"end":{"line":48,"column":null}},"type":"switch","locations":[{"start":{"line":48,"column":22},"end":{"line":48,"column":null}}]}},"s":{"0":2,"1":2,"2":2,"3":0,"4":0,"5":0,"6":2,"7":0,"8":0,"9":0,"10":2,"11":2,"12":0,"13":0,"14":0,"15":2,"16":3,"17":1,"18":1,"19":1,"20":1,"21":1,"22":2,"23":3,"24":1,"25":1,"26":1,"27":1,"28":2},"f":{"0":0,"1":0,"2":0,"3":2,"4":2},"b":{"0":[0],"1":[0],"2":[0],"3":[1],"4":[1]}}
,"/workspaces/temp4/RetrospectiveExtension.Frontend/utilities/tokenHelper.tsx": {"path":"/workspaces/temp4/RetrospectiveExtension.Frontend/utilities/tokenHelper.tsx","statementMap":{"0":{"start":{"line":1,"column":0},"end":{"line":1,"column":32}},"1":{"start":{"line":18,"column":25},"end":{"line":28,"column":1}},"2":{"start":{"line":19,"column":2},"end":{"line":27,"column":null}},"3":{"start":{"line":20,"column":23},"end":{"line":20,"column":42}},"4":{"start":{"line":21,"column":24},"end":{"line":21,"column":68}},"5":{"start":{"line":23,"column":4},"end":{"line":23,"column":35}},"6":{"start":{"line":26,"column":4},"end":{"line":26,"column":16}},"7":{"start":{"line":18,"column":13},"end":{"line":18,"column":25}}},"fnMap":{"0":{"name":"(anonymous_0)","decl":{"start":{"line":18,"column":25},"end":{"line":18,"column":26}},"loc":{"start":{"line":18,"column":39},"end":{"line":28,"column":1}}}},"branchMap":{},"s":{"0":1,"1":1,"2":0,"3":0,"4":0,"5":0,"6":0,"7":1},"f":{"0":0},"b":{}}
,"/workspaces/temp4/RetrospectiveExtension.Frontend/utilities/userIdentityHelper.tsx": {"path":"/workspaces/temp4/RetrospectiveExtension.Frontend/utilities/userIdentityHelper.tsx","statementMap":{"0":{"start":{"line":2,"column":0},"end":{"line":2,"column":67}},"1":{"start":{"line":9,"column":31},"end":{"line":27,"column":1}},"2":{"start":{"line":10,"column":2},"end":{"line":24,"column":null}},"3":{"start":{"line":11,"column":38},"end":{"line":11,"column":47}},"4":{"start":{"line":13,"column":4},"end":{"line":23,"column":21}},"5":{"start":{"line":26,"column":2},"end":{"line":26,"column":22}},"6":{"start":{"line":9,"column":13},"end":{"line":9,"column":31}}},"fnMap":{"0":{"name":"(anonymous_0)","decl":{"start":{"line":9,"column":31},"end":{"line":9,"column":null}},"loc":{"start":{"line":9,"column":31},"end":{"line":27,"column":1}}}},"branchMap":{"0":{"loc":{"start":{"line":10,"column":2},"end":{"line":24,"column":null}},"type":"if","locations":[{"start":{"line":10,"column":2},"end":{"line":24,"column":null}}]}},"s":{"0":2,"1":2,"2":1,"3":1,"4":1,"5":1,"6":2},"f":{"0":1},"b":{"0":[1]}}
,"/workspaces/temp4/RetrospectiveExtension.Frontend/utilities/external/telemetryClient.ts": {"path":"/workspaces/temp4/RetrospectiveExtension.Frontend/utilities/external/telemetryClient.ts","statementMap":{"0":{"start":{"line":1,"column":0},"end":{"line":1,"column":70}},"1":{"start":{"line":2,"column":0},"end":{"line":2,"column":73}},"2":{"start":{"line":3,"column":0},"end":{"line":3,"column":60}},"3":{"start":{"line":5,"column":20},"end":{"line":5,"column":37}},"4":{"start":{"line":33,"column":9},"end":{"line":33,"column":20}},"5":{"start":{"line":6,"column":20},"end":{"line":16,"column":2}},"6":{"start":{"line":33,"column":22},"end":{"line":33,"column":33}},"7":{"start":{"line":17,"column":0},"end":{"line":17,"column":30}},"8":{"start":{"line":21,"column":28},"end":{"line":29,"column":24}},"9":{"start":{"line":22,"column":2},"end":{"line":28,"column":4}},"10":{"start":{"line":24,"column":36},"end":{"line":24,"column":60}},"11":{"start":{"line":25,"column":6},"end":{"line":25,"column":48}},"12":{"start":{"line":26,"column":6},"end":{"line":26,"column":89}},"13":{"start":{"line":31,"column":0},"end":{"line":31,"column":49}}},"fnMap":{"0":{"name":"(anonymous_0)","decl":{"start":{"line":21,"column":29},"end":{"line":21,"column":30}},"loc":{"start":{"line":21,"column":46},"end":{"line":29,"column":1}}},"1":{"name":"(anonymous_1)","decl":{"start":{"line":24,"column":11},"end":{"line":24,"column":21}},"loc":{"start":{"line":24,"column":34},"end":{"line":27,"column":5}}}},"branchMap":{},"s":{"0":5,"1":5,"2":5,"3":5,"4":5,"5":5,"6":5,"7":5,"8":5,"9":5,"10":6,"11":2,"12":2,"13":5},"f":{"0":5,"1":2},"b":{}}
}
